Log file open, 04/02/20 00:26:40
LogWindows: Failed to load 'aqProf.dll' (GetLastError=126)
LogWindows: File 'aqProf.dll' does not exist
LogWindows: Failed to load 'VtuneApi.dll' (GetLastError=126)
LogWindows: File 'VtuneApi.dll' does not exist
LogWindows: Failed to load 'VtuneApi32e.dll' (GetLastError=126)
LogWindows: File 'VtuneApi32e.dll' does not exist
LogConsoleResponse: Display: Failed to find resolution value strings in scalability ini. Falling back to default.
LogInit: Display: Running engine for game: Zombie_Game
LogPlatformFile: Not using cached read wrapper
LogTaskGraph: Started task graph with 5 named threads and 23 total threads with 3 sets of task threads.
LogStats: Stats thread started at 6.936701
LogD3D11RHI: Loaded GFSDK_Aftermath_Lib.x64.dll
LogICUInternationalization: ICU TimeZone Detection - Raw Offset: +5:30, Platform Override: ''
LogPluginManager: Mounting plugin Paper2D
LogPluginManager: Mounting plugin AISupport
LogPluginManager: Mounting plugin LightPropagationVolume
LogPluginManager: Mounting plugin ActorLayerUtilities
LogPluginManager: Mounting plugin AnimationSharing
LogPluginManager: Mounting plugin CLionSourceCodeAccess
LogPluginManager: Mounting plugin CodeLiteSourceCodeAccess
LogPluginManager: Mounting plugin GitSourceControl
LogPluginManager: Mounting plugin KDevelopSourceCodeAccess
LogPluginManager: Mounting plugin NullSourceCodeAccess
LogPluginManager: Mounting plugin PerforceSourceControl
LogPluginManager: Mounting plugin SubversionSourceControl
LogPluginManager: Mounting plugin UObjectPlugin
LogPluginManager: Mounting plugin VisualStudioCodeSourceCodeAccess
LogPluginManager: Mounting plugin VisualStudioSourceCodeAccess
LogPluginManager: Mounting plugin XCodeSourceCodeAccess
LogPluginManager: Mounting plugin AssetManagerEditor
LogPluginManager: Mounting plugin CryptoKeys
LogPluginManager: Mounting plugin CurveEditorTools
LogPluginManager: Mounting plugin DataValidation
LogPluginManager: Mounting plugin FacialAnimation
LogPluginManager: Mounting plugin GameplayTagsEditor
LogPluginManager: Mounting plugin MacGraphicsSwitching
LogPluginManager: Mounting plugin MaterialAnalyzer
LogPluginManager: Mounting plugin MobileLauncherProfileWizard
LogPluginManager: Mounting plugin PluginBrowser
LogPluginManager: Mounting plugin SpeedTreeImporter
LogPluginManager: Mounting plugin DatasmithContent
LogPluginManager: Mounting plugin VariantManagerContent
LogPluginManager: Mounting plugin AlembicImporter
LogPluginManager: Mounting plugin AutomationUtils
LogPluginManager: Mounting plugin BackChannel
LogPluginManager: Mounting plugin CharacterAI
LogPluginManager: Mounting plugin GeometryCache
LogPluginManager: Mounting plugin HTML5Networking
LogPluginManager: Mounting plugin PlatformCrypto
LogPluginManager: Mounting plugin ProxyLODPlugin
LogPluginManager: Mounting plugin SkeletalReduction
LogPluginManager: Mounting plugin Niagara
LogPluginManager: Mounting plugin NiagaraExtras
LogPluginManager: Mounting plugin MagicLeap
LogPluginManager: Mounting plugin MagicLeapMedia
LogPluginManager: Mounting plugin AndroidMedia
LogPluginManager: Mounting plugin AvfMedia
LogPluginManager: Mounting plugin ImgMedia
LogPluginManager: Mounting plugin MediaCompositing
LogPluginManager: Mounting plugin MediaPlayerEditor
LogPluginManager: Mounting plugin WebMMedia
LogPluginManager: Mounting plugin WmfMedia
LogPluginManager: Mounting plugin TcpMessaging
LogPluginManager: Mounting plugin UdpMessaging
LogPluginManager: Mounting plugin ActorSequence
LogPluginManager: Mounting plugin LevelSequenceEditor
LogPluginManager: Mounting plugin MatineeToLevelSequence
LogPluginManager: Mounting plugin NetcodeUnitTest
LogPluginManager: Mounting plugin NUTUnrealEngine4
LogPluginManager: Mounting plugin OnlineSubsystemGooglePlay
LogPluginManager: Mounting plugin OnlineSubsystemIOS
LogPluginManager: Mounting plugin OnlineSubsystem
LogPluginManager: Mounting plugin OnlineSubsystemNull
LogPluginManager: Mounting plugin OnlineSubsystemUtils
LogPluginManager: Mounting plugin LauncherChunkInstaller
LogPluginManager: Mounting plugin AndroidDeviceProfileSelector
LogPluginManager: Mounting plugin AndroidMoviePlayer
LogPluginManager: Mounting plugin AndroidPermission
LogPluginManager: Mounting plugin AppleImageUtils
LogPluginManager: Mounting plugin AppleMoviePlayer
LogPluginManager: Mounting plugin ArchVisCharacter
LogPluginManager: Mounting plugin AudioCapture
LogPluginManager: Mounting plugin CableComponent
LogPluginManager: Mounting plugin CustomMeshComponent
LogPluginManager: Mounting plugin EditableMesh
LogPluginManager: Mounting plugin ExampleDeviceProfileSelector
LogPluginManager: Mounting plugin GoogleCloudMessaging
LogPluginManager: Mounting plugin IOSDeviceProfileSelector
LogPluginManager: Mounting plugin LinuxDeviceProfileSelector
LogPluginManager: Mounting plugin LocationServicesBPLibrary
LogPluginManager: Mounting plugin MobilePatchingUtils
LogPluginManager: Mounting plugin OculusVR
LogPluginManager: Mounting plugin PhysXVehicles
LogPluginManager: Mounting plugin ProceduralMeshComponent
LogPluginManager: Mounting plugin RuntimePhysXCooking
LogPluginManager: Mounting plugin SignificanceManager
LogPluginManager: Mounting plugin SteamVR
LogPluginManager: Mounting plugin WebMMoviePlayer
LogPluginManager: Mounting plugin WindowsMoviePlayer
LogPluginManager: Mounting plugin ScreenshotTools
LogInit: Using libcurl 7.55.1-DEV
LogInit:  - built for x86_64-pc-win32
LogInit:  - supports SSL with OpenSSL/1.1.1
LogInit:  - supports HTTP deflate (compression) using libz 1.2.8
LogInit:  - other features:
LogInit:      CURL_VERSION_SSL
LogInit:      CURL_VERSION_LIBZ
LogInit:      CURL_VERSION_IPV6
LogInit:      CURL_VERSION_ASYNCHDNS
LogInit:      CURL_VERSION_LARGEFILE
LogInit:      CURL_VERSION_IDN
LogInit:  CurlRequestOptions (configurable via config and command line):
LogInit:  - bVerifyPeer = true  - Libcurl will verify peer certificate
LogInit:  - bUseHttpProxy = false  - Libcurl will NOT use HTTP proxy
LogInit:  - bDontReuseConnections = false  - Libcurl will reuse connections
LogInit:  - MaxHostConnections = 16  - Libcurl will limit the number of connections to a host
LogInit:  - LocalHostAddr = Default
LogInit:  - BufferSize = 65536
LogOnline: OSS: Creating online subsystem instance for: NULL
LogInit: WinSock: version 1.1 (2.2), MaxSocks=32767, MaxUdp=65467
LogInit: Build: ++UE4+Release-4.23-CL-9631420
LogInit: Engine Version: 4.23.1-9631420+++UE4+Release-4.23
LogInit: Compatible Engine Version: 4.23.0-8386587+++UE4+Release-4.23
LogInit: Net CL: 8386587
LogInit: OS: Windows 10 (Release 1809) (), CPU: Intel(R) Core(TM) i7-8550U CPU @ 1.80GHz, GPU: Intel(R) UHD Graphics 620
LogInit: Compiled (64-bit): Oct 18 2019 02:07:44
LogInit: Compiled with Visual C++: 19.16.27030.01
LogInit: Build Configuration: Development
LogInit: Branch Name: ++UE4+Release-4.23
LogInit: Command Line: 
LogInit: Base Directory: E:/SOFTWARES/Unreal/UE_4.23/Engine/Binaries/Win64/
LogInit: Installed Engine Build: 1
LogDevObjectVersion: Number of dev versions registered: 23
LogDevObjectVersion:   Dev-Blueprints (B0D832E4-1F89-4F0D-ACCF-7EB736FD4AA2): 10
LogDevObjectVersion:   Dev-Build (E1C64328-A22C-4D53-A36C-8E866417BD8C): 0
LogDevObjectVersion:   Dev-Core (375EC13C-06E4-48FB-B500-84F0262A717E): 3
LogDevObjectVersion:   Dev-Editor (E4B068ED-F494-42E9-A231-DA0B2E46BB41): 34
LogDevObjectVersion:   Dev-Framework (CFFC743F-43B0-4480-9391-14DF171D2073): 35
LogDevObjectVersion:   Dev-Mobile (B02B49B5-BB20-44E9-A304-32B752E40360): 2
LogDevObjectVersion:   Dev-Networking (A4E4105C-59A1-49B5-A7C5-40C4547EDFEE): 0
LogDevObjectVersion:   Dev-Online (39C831C9-5AE6-47DC-9A44-9C173E1C8E7C): 0
LogDevObjectVersion:   Dev-Physics (78F01B33-EBEA-4F98-B9B4-84EACCB95AA2): 0
LogDevObjectVersion:   Dev-Platform (6631380F-2D4D-43E0-8009-CF276956A95A): 0
LogDevObjectVersion:   Dev-Rendering (12F88B9F-8875-4AFC-A67C-D90C383ABD29): 31
LogDevObjectVersion:   Dev-Sequencer (7B5AE74C-D270-4C10-A958-57980B212A5A): 11
LogDevObjectVersion:   Dev-VR (D7296918-1DD6-4BDD-9DE2-64A83CC13884): 2
LogDevObjectVersion:   Dev-LoadTimes (C2A15278-BFE7-4AFE-6C17-90FF531DF755): 1
LogDevObjectVersion:   Private-Geometry (6EACA3D4-40EC-4CC1-B786-8BED09428FC5): 3
LogDevObjectVersion:   Dev-AnimPhys (29E575DD-E0A3-4627-9D10-D276232CDCEA): 17
LogDevObjectVersion:   Dev-Anim (AF43A65D-7FD3-4947-9873-3E8ED9C1BB05): 2
LogDevObjectVersion:   Dev-ReflectionCapture (6B266CEC-1EC7-4B8F-A30B-E4D90942FC07): 1
LogDevObjectVersion:   Dev-Automation (0DF73D61-A23F-47EA-B727-89E90C41499A): 1
LogDevObjectVersion:   FortniteMain (601D1886-AC64-4F84-AA16-D3DE0DEAC7D6): 27
LogDevObjectVersion:   Dev-Enterprise (9DFFBCD6-494F-0158-E221-12823C92A888): 6
LogDevObjectVersion:   Dev-Niagara (F2AED0AC-9AFE-416F-8664-AA7FFA26D6FC): 1
LogDevObjectVersion:   Dev-Destruction (174F1F0B-B4C6-45A5-B13F-2EE8D0FB917D): 9
LogInit: Presizing for max 16777216 objects, including 0 objects not considered by GC, pre-allocating 0 bytes for permanent pool.
LogInit: Object subsystem initialized
LogConfig: Setting CVar [[con.DebugEarlyDefault:1]]
LogConfig: Setting CVar [[r.setres:1280x720]]
[2020.04.01-18.56.47:793][  0]LogConfig: Setting CVar [[r.VSync:0]]
[2020.04.01-18.56.47:793][  0]LogConfig: Setting CVar [[r.RHICmdBypass:0]]
[2020.04.01-18.56.47:828][  0]LogConfig: Applying CVar settings from Section [/Script/Engine.RendererSettings] File [E:/Unreal Projects/Zombie_Game/Saved/Config/Windows/Engine.ini]
[2020.04.01-18.56.47:828][  0]LogConfig: Setting CVar [[r.GPUCrashDebugging:0]]
[2020.04.01-18.56.47:828][  0]LogConfig: Applying CVar settings from Section [/Script/Engine.RendererOverrideSettings] File [E:/Unreal Projects/Zombie_Game/Saved/Config/Windows/Engine.ini]
[2020.04.01-18.56.47:828][  0]LogConfig: Applying CVar settings from Section [/Script/Engine.StreamingSettings] File [E:/Unreal Projects/Zombie_Game/Saved/Config/Windows/Engine.ini]
[2020.04.01-18.56.47:828][  0]LogConfig: Setting CVar [[s.MinBulkDataSizeForAsyncLoading:131072]]
[2020.04.01-18.56.47:828][  0]LogConfig: Setting CVar [[s.AsyncLoadingThreadEnabled:0]]
[2020.04.01-18.56.47:828][  0]LogConfig: Setting CVar [[s.EventDrivenLoaderEnabled:1]]
[2020.04.01-18.56.47:828][  0]LogConfig: Setting CVar [[s.WarnIfTimeLimitExceeded:0]]
[2020.04.01-18.56.47:828][  0]LogConfig: Setting CVar [[s.TimeLimitExceededMultiplier:1.5]]
[2020.04.01-18.56.47:828][  0]LogConfig: Setting CVar [[s.TimeLimitExceededMinTime:0.005]]
[2020.04.01-18.56.47:828][  0]LogConfig: Setting CVar [[s.UseBackgroundLevelStreaming:1]]
[2020.04.01-18.56.47:828][  0]LogConfig: Setting CVar [[s.PriorityAsyncLoadingExtraTime:15.0]]
[2020.04.01-18.56.47:828][  0]LogConfig: Setting CVar [[s.LevelStreamingActorsUpdateTimeLimit:5.0]]
[2020.04.01-18.56.47:828][  0]LogConfig: Setting CVar [[s.PriorityLevelStreamingActorsUpdateExtraTime:5.0]]
[2020.04.01-18.56.47:828][  0]LogConfig: Setting CVar [[s.LevelStreamingComponentsRegistrationGranularity:10]]
[2020.04.01-18.56.47:828][  0]LogConfig: Setting CVar [[s.UnregisterComponentsTimeLimit:1.0]]
[2020.04.01-18.56.47:828][  0]LogConfig: Setting CVar [[s.LevelStreamingComponentsUnregistrationGranularity:5]]
[2020.04.01-18.56.47:828][  0]LogConfig: Applying CVar settings from Section [/Script/Engine.GarbageCollectionSettings] File [E:/Unreal Projects/Zombie_Game/Saved/Config/Windows/Engine.ini]
[2020.04.01-18.56.47:828][  0]LogConfig: Setting CVar [[gc.MaxObjectsNotConsideredByGC:1]]
[2020.04.01-18.56.47:828][  0]LogConfig: Setting CVar [[gc.SizeOfPermanentObjectPool:0]]
[2020.04.01-18.56.47:828][  0]LogConfig: Setting CVar [[gc.FlushStreamingOnGC:0]]
[2020.04.01-18.56.47:828][  0]LogConfig: Setting CVar [[gc.NumRetriesBeforeForcingGC:10]]
[2020.04.01-18.56.47:828][  0]LogConfig: Setting CVar [[gc.AllowParallelGC:1]]
[2020.04.01-18.56.47:828][  0]LogConfig: Setting CVar [[gc.TimeBetweenPurgingPendingKillObjects:61.1]]
[2020.04.01-18.56.47:828][  0]LogConfig: Setting CVar [[gc.MaxObjectsInEditor:16777216]]
[2020.04.01-18.56.47:828][  0]LogConfig: Setting CVar [[gc.IncrementalBeginDestroyEnabled:1]]
[2020.04.01-18.56.47:828][  0]LogConfig: Setting CVar [[gc.CreateGCClusters:1]]
[2020.04.01-18.56.47:828][  0]LogConfig: Setting CVar [[gc.MinGCClusterSize:5]]
[2020.04.01-18.56.47:828][  0]LogConfig: Setting CVar [[gc.ActorClusteringEnabled:0]]
[2020.04.01-18.56.47:828][  0]LogConfig: Setting CVar [[gc.BlueprintClusteringEnabled:0]]
[2020.04.01-18.56.47:828][  0]LogConfig: Setting CVar [[gc.UseDisregardForGCOnDedicatedServers:0]]
[2020.04.01-18.56.47:828][  0]LogConfig: Applying CVar settings from Section [/Script/Engine.NetworkSettings] File [E:/Unreal Projects/Zombie_Game/Saved/Config/Windows/Engine.ini]
[2020.04.01-18.56.47:828][  0]LogConfig: Applying CVar settings from Section [/Script/UnrealEd.CookerSettings] File [E:/Unreal Projects/Zombie_Game/Saved/Config/Windows/Engine.ini]
[2020.04.01-18.56.48:010][  0]LogConfig: Applying CVar settings from Section [ViewDistanceQuality@3] File [E:/Unreal Projects/Zombie_Game/Saved/Config/Windows/Scalability.ini]
[2020.04.01-18.56.48:010][  0]LogConfig: Setting CVar [[r.SkeletalMeshLODBias:0]]
[2020.04.01-18.56.48:010][  0]LogConfig: Setting CVar [[r.ViewDistanceScale:1.0]]
[2020.04.01-18.56.48:010][  0]LogConfig: Applying CVar settings from Section [AntiAliasingQuality@3] File [E:/Unreal Projects/Zombie_Game/Saved/Config/Windows/Scalability.ini]
[2020.04.01-18.56.48:010][  0]LogConfig: Setting CVar [[r.PostProcessAAQuality:4]]
[2020.04.01-18.56.48:010][  0]LogConfig: Applying CVar settings from Section [ShadowQuality@3] File [E:/Unreal Projects/Zombie_Game/Saved/Config/Windows/Scalability.ini]
[2020.04.01-18.56.48:010][  0]LogConfig: Setting CVar [[r.LightFunctionQuality:1]]
[2020.04.01-18.56.48:010][  0]LogConfig: Setting CVar [[r.ShadowQuality:5]]
[2020.04.01-18.56.48:010][  0]LogConfig: Setting CVar [[r.Shadow.CSM.MaxCascades:10]]
[2020.04.01-18.56.48:010][  0]LogConfig: Setting CVar [[r.Shadow.MaxResolution:2048]]
[2020.04.01-18.56.48:010][  0]LogConfig: Setting CVar [[r.Shadow.MaxCSMResolution:2048]]
[2020.04.01-18.56.48:010][  0]LogConfig: Setting CVar [[r.Shadow.RadiusThreshold:0.01]]
[2020.04.01-18.56.48:010][  0]LogConfig: Setting CVar [[r.Shadow.DistanceScale:1.0]]
[2020.04.01-18.56.48:010][  0]LogConfig: Setting CVar [[r.Shadow.CSM.TransitionScale:1.0]]
[2020.04.01-18.56.48:010][  0]LogConfig: Setting CVar [[r.Shadow.PreShadowResolutionFactor:1.0]]
[2020.04.01-18.56.48:010][  0]LogConfig: Setting CVar [[r.DistanceFieldShadowing:1]]
[2020.04.01-18.56.48:010][  0]LogConfig: Setting CVar [[r.DistanceFieldAO:1]]
[2020.04.01-18.56.48:010][  0]LogConfig: Setting CVar [[r.AOQuality:2]]
[2020.04.01-18.56.48:010][  0]LogConfig: Setting CVar [[r.VolumetricFog:1]]
[2020.04.01-18.56.48:010][  0]LogConfig: Setting CVar [[r.VolumetricFog.GridPixelSize:8]]
[2020.04.01-18.56.48:010][  0]LogConfig: Setting CVar [[r.VolumetricFog.GridSizeZ:128]]
[2020.04.01-18.56.48:010][  0]LogConfig: Setting CVar [[r.VolumetricFog.HistoryMissSupersampleCount:4]]
[2020.04.01-18.56.48:010][  0]LogConfig: Setting CVar [[r.LightMaxDrawDistanceScale:1]]
[2020.04.01-18.56.48:010][  0]LogConfig: Setting CVar [[r.CapsuleShadows:1]]
[2020.04.01-18.56.48:010][  0]LogConfig: Applying CVar settings from Section [PostProcessQuality@3] File [E:/Unreal Projects/Zombie_Game/Saved/Config/Windows/Scalability.ini]
[2020.04.01-18.56.48:010][  0]LogConfig: Setting CVar [[r.MotionBlurQuality:4]]
[2020.04.01-18.56.48:010][  0]LogConfig: Setting CVar [[r.AmbientOcclusionMipLevelFactor:0.4]]
[2020.04.01-18.56.48:010][  0]LogConfig: Setting CVar [[r.AmbientOcclusionMaxQuality:100]]
[2020.04.01-18.56.48:010][  0]LogConfig: Setting CVar [[r.AmbientOcclusionLevels:-1]]
[2020.04.01-18.56.48:010][  0]LogConfig: Setting CVar [[r.AmbientOcclusionRadiusScale:1.0]]
[2020.04.01-18.56.48:010][  0]LogConfig: Setting CVar [[r.DepthOfFieldQuality:2]]
[2020.04.01-18.56.48:010][  0]LogConfig: Setting CVar [[r.RenderTargetPoolMin:400]]
[2020.04.01-18.56.48:010][  0]LogConfig: Setting CVar [[r.LensFlareQuality:2]]
[2020.04.01-18.56.48:010][  0]LogConfig: Setting CVar [[r.SceneColorFringeQuality:1]]
[2020.04.01-18.56.48:010][  0]LogConfig: Setting CVar [[r.EyeAdaptationQuality:2]]
[2020.04.01-18.56.48:010][  0]LogConfig: Setting CVar [[r.BloomQuality:5]]
[2020.04.01-18.56.48:010][  0]LogConfig: Setting CVar [[r.FastBlurThreshold:100]]
[2020.04.01-18.56.48:010][  0]LogConfig: Setting CVar [[r.Upscale.Quality:3]]
[2020.04.01-18.56.48:010][  0]LogConfig: Setting CVar [[r.Tonemapper.GrainQuantization:1]]
[2020.04.01-18.56.48:010][  0]LogConfig: Setting CVar [[r.LightShaftQuality:1]]
[2020.04.01-18.56.48:010][  0]LogConfig: Setting CVar [[r.Filter.SizeScale:1]]
[2020.04.01-18.56.48:010][  0]LogConfig: Setting CVar [[r.Tonemapper.Quality:5]]
[2020.04.01-18.56.48:010][  0]LogConfig: Setting CVar [[r.DOF.Gather.AccumulatorQuality:1        ; higher gathering accumulator quality]]
[2020.04.01-18.56.48:010][  0]LogConfig: Setting CVar [[r.DOF.Gather.PostfilterMethod:1          ; Median3x3 postfilering method]]
[2020.04.01-18.56.48:010][  0]LogConfig: Setting CVar [[r.DOF.Gather.EnableBokehSettings:0       ; no bokeh simulation when gathering]]
[2020.04.01-18.56.48:010][  0]LogConfig: Setting CVar [[r.DOF.Gather.RingCount:4                 ; medium number of samples when gathering]]
[2020.04.01-18.56.48:010][  0]LogConfig: Setting CVar [[r.DOF.Scatter.ForegroundCompositing:1    ; additive foreground scattering]]
[2020.04.01-18.56.48:010][  0]LogConfig: Setting CVar [[r.DOF.Scatter.BackgroundCompositing:2    ; additive background scattering]]
[2020.04.01-18.56.48:010][  0]LogConfig: Setting CVar [[r.DOF.Scatter.EnableBokehSettings:1      ; bokeh simulation when scattering]]
[2020.04.01-18.56.48:010][  0]LogConfig: Setting CVar [[r.DOF.Scatter.MaxSpriteRatio:0.1         ; only a maximum of 10% of scattered bokeh]]
[2020.04.01-18.56.48:010][  0]LogConfig: Setting CVar [[r.DOF.Recombine.Quality:1                ; cheap slight out of focus]]
[2020.04.01-18.56.48:010][  0]LogConfig: Setting CVar [[r.DOF.Recombine.EnableBokehSettings:0    ; no bokeh simulation on slight out of focus]]
[2020.04.01-18.56.48:010][  0]LogConfig: Setting CVar [[r.DOF.TemporalAAQuality:1                ; more stable temporal accumulation]]
[2020.04.01-18.56.48:010][  0]LogConfig: Setting CVar [[r.DOF.Kernel.MaxForegroundRadius:0.025]]
[2020.04.01-18.56.48:010][  0]LogConfig: Setting CVar [[r.DOF.Kernel.MaxBackgroundRadius:0.025]]
[2020.04.01-18.56.48:010][  0]LogConfig: Applying CVar settings from Section [TextureQuality@3] File [E:/Unreal Projects/Zombie_Game/Saved/Config/Windows/Scalability.ini]
[2020.04.01-18.56.48:010][  0]LogConfig: Setting CVar [[r.Streaming.MipBias:0]]
[2020.04.01-18.56.48:010][  0]LogConfig: Setting CVar [[r.Streaming.AmortizeCPUToGPUCopy:0]]
[2020.04.01-18.56.48:010][  0]LogConfig: Setting CVar [[r.Streaming.MaxNumTexturesToStreamPerFrame:0]]
[2020.04.01-18.56.48:010][  0]LogConfig: Setting CVar [[r.Streaming.Boost:1]]
[2020.04.01-18.56.48:010][  0]LogConfig: Setting CVar [[r.MaxAnisotropy:8]]
[2020.04.01-18.56.48:010][  0]LogConfig: Setting CVar [[r.Streaming.LimitPoolSizeToVRAM:0]]
[2020.04.01-18.56.48:010][  0]LogConfig: Setting CVar [[r.Streaming.PoolSize:1000]]
[2020.04.01-18.56.48:010][  0]LogConfig: Setting CVar [[r.Streaming.MaxEffectiveScreenSize:0]]
[2020.04.01-18.56.48:010][  0]LogConfig: Applying CVar settings from Section [EffectsQuality@3] File [E:/Unreal Projects/Zombie_Game/Saved/Config/Windows/Scalability.ini]
[2020.04.01-18.56.48:010][  0]LogConfig: Setting CVar [[r.TranslucencyLightingVolumeDim:64]]
[2020.04.01-18.56.48:010][  0]LogConfig: Setting CVar [[r.RefractionQuality:2]]
[2020.04.01-18.56.48:010][  0]LogConfig: Setting CVar [[r.SSR.Quality:3]]
[2020.04.01-18.56.48:010][  0]LogConfig: Setting CVar [[r.SceneColorFormat:4]]
[2020.04.01-18.56.48:010][  0]LogConfig: Setting CVar [[r.DetailMode:2]]
[2020.04.01-18.56.48:010][  0]LogConfig: Setting CVar [[r.TranslucencyVolumeBlur:1]]
[2020.04.01-18.56.48:010][  0]LogConfig: Setting CVar [[r.MaterialQualityLevel:1 ; High quality]]
[2020.04.01-18.56.48:010][  0]LogConfig: Setting CVar [[r.SSS.Scale:1]]
[2020.04.01-18.56.48:010][  0]LogConfig: Setting CVar [[r.SSS.SampleSet:2]]
[2020.04.01-18.56.48:010][  0]LogConfig: Setting CVar [[r.SSS.Quality:1]]
[2020.04.01-18.56.48:010][  0]LogConfig: Setting CVar [[r.SSS.HalfRes:1]]
[2020.04.01-18.56.48:010][  0]LogConfig: Setting CVar [[r.EmitterSpawnRateScale:1.0]]
[2020.04.01-18.56.48:010][  0]LogConfig: Setting CVar [[r.ParticleLightQuality:2]]
[2020.04.01-18.56.48:010][  0]LogConfig: Applying CVar settings from Section [FoliageQuality@3] File [E:/Unreal Projects/Zombie_Game/Saved/Config/Windows/Scalability.ini]
[2020.04.01-18.56.48:010][  0]LogConfig: Setting CVar [[foliage.DensityScale:1.0]]
[2020.04.01-18.56.48:010][  0]LogConfig: Setting CVar [[grass.DensityScale:1.0]]
[2020.04.01-18.56.48:057][  0]LogInit: Selected Device Profile: [Windows]
[2020.04.01-18.56.48:057][  0]LogInit: Applying CVar settings loaded from the selected device profile: [Windows]
[2020.04.01-18.56.48:190][  0]LogHAL: Display: Platform has ~ 8 GB [8459489280 / 8589934592 / 8], which maps to Default [LargestMinGB=32, LargerMinGB=12, DefaultMinGB=8, SmallerMinGB=6, SmallestMinGB=0)
[2020.04.01-18.56.48:190][  0]LogInit: Going up to parent DeviceProfile []
[2020.04.01-18.56.48:190][  0]LogConfig: Applying CVar settings from Section [ViewDistanceQuality@3] File [E:/Unreal Projects/Zombie_Game/Saved/Config/Windows/Scalability.ini]
[2020.04.01-18.56.48:190][  0]LogConfig: Setting CVar [[r.SkeletalMeshLODBias:0]]
[2020.04.01-18.56.48:190][  0]LogConfig: Setting CVar [[r.ViewDistanceScale:1.0]]
[2020.04.01-18.56.48:190][  0]LogConfig: Applying CVar settings from Section [AntiAliasingQuality@2] File [E:/Unreal Projects/Zombie_Game/Saved/Config/Windows/Scalability.ini]
[2020.04.01-18.56.48:190][  0]LogConfig: Setting CVar [[r.PostProcessAAQuality:3]]
[2020.04.01-18.56.48:190][  0]LogConfig: Applying CVar settings from Section [ShadowQuality@3] File [E:/Unreal Projects/Zombie_Game/Saved/Config/Windows/Scalability.ini]
[2020.04.01-18.56.48:190][  0]LogConfig: Setting CVar [[r.LightFunctionQuality:1]]
[2020.04.01-18.56.48:190][  0]LogConfig: Setting CVar [[r.ShadowQuality:5]]
[2020.04.01-18.56.48:190][  0]LogConfig: Setting CVar [[r.Shadow.CSM.MaxCascades:10]]
[2020.04.01-18.56.48:190][  0]LogConfig: Setting CVar [[r.Shadow.MaxResolution:2048]]
[2020.04.01-18.56.48:190][  0]LogConfig: Setting CVar [[r.Shadow.MaxCSMResolution:2048]]
[2020.04.01-18.56.48:190][  0]LogConfig: Setting CVar [[r.Shadow.RadiusThreshold:0.01]]
[2020.04.01-18.56.48:190][  0]LogConfig: Setting CVar [[r.Shadow.DistanceScale:1.0]]
[2020.04.01-18.56.48:190][  0]LogConfig: Setting CVar [[r.Shadow.CSM.TransitionScale:1.0]]
[2020.04.01-18.56.48:190][  0]LogConfig: Setting CVar [[r.Shadow.PreShadowResolutionFactor:1.0]]
[2020.04.01-18.56.48:190][  0]LogConfig: Setting CVar [[r.DistanceFieldShadowing:1]]
[2020.04.01-18.56.48:190][  0]LogConfig: Setting CVar [[r.DistanceFieldAO:1]]
[2020.04.01-18.56.48:190][  0]LogConfig: Setting CVar [[r.AOQuality:2]]
[2020.04.01-18.56.48:190][  0]LogConfig: Setting CVar [[r.VolumetricFog:1]]
[2020.04.01-18.56.48:190][  0]LogConfig: Setting CVar [[r.VolumetricFog.GridPixelSize:8]]
[2020.04.01-18.56.48:190][  0]LogConfig: Setting CVar [[r.VolumetricFog.GridSizeZ:128]]
[2020.04.01-18.56.48:190][  0]LogConfig: Setting CVar [[r.VolumetricFog.HistoryMissSupersampleCount:4]]
[2020.04.01-18.56.48:190][  0]LogConfig: Setting CVar [[r.LightMaxDrawDistanceScale:1]]
[2020.04.01-18.56.48:190][  0]LogConfig: Setting CVar [[r.CapsuleShadows:1]]
[2020.04.01-18.56.48:190][  0]LogConfig: Applying CVar settings from Section [PostProcessQuality@3] File [E:/Unreal Projects/Zombie_Game/Saved/Config/Windows/Scalability.ini]
[2020.04.01-18.56.48:190][  0]LogConfig: Setting CVar [[r.MotionBlurQuality:4]]
[2020.04.01-18.56.48:190][  0]LogConfig: Setting CVar [[r.AmbientOcclusionMipLevelFactor:0.4]]
[2020.04.01-18.56.48:190][  0]LogConfig: Setting CVar [[r.AmbientOcclusionMaxQuality:100]]
[2020.04.01-18.56.48:190][  0]LogConfig: Setting CVar [[r.AmbientOcclusionLevels:-1]]
[2020.04.01-18.56.48:190][  0]LogConfig: Setting CVar [[r.AmbientOcclusionRadiusScale:1.0]]
[2020.04.01-18.56.48:190][  0]LogConfig: Setting CVar [[r.DepthOfFieldQuality:2]]
[2020.04.01-18.56.48:190][  0]LogConfig: Setting CVar [[r.RenderTargetPoolMin:400]]
[2020.04.01-18.56.48:190][  0]LogConfig: Setting CVar [[r.LensFlareQuality:2]]
[2020.04.01-18.56.48:190][  0]LogConfig: Setting CVar [[r.SceneColorFringeQuality:1]]
[2020.04.01-18.56.48:190][  0]LogConfig: Setting CVar [[r.EyeAdaptationQuality:2]]
[2020.04.01-18.56.48:190][  0]LogConfig: Setting CVar [[r.BloomQuality:5]]
[2020.04.01-18.56.48:190][  0]LogConfig: Setting CVar [[r.FastBlurThreshold:100]]
[2020.04.01-18.56.48:190][  0]LogConfig: Setting CVar [[r.Upscale.Quality:3]]
[2020.04.01-18.56.48:190][  0]LogConfig: Setting CVar [[r.Tonemapper.GrainQuantization:1]]
[2020.04.01-18.56.48:190][  0]LogConfig: Setting CVar [[r.LightShaftQuality:1]]
[2020.04.01-18.56.48:190][  0]LogConfig: Setting CVar [[r.Filter.SizeScale:1]]
[2020.04.01-18.56.48:190][  0]LogConfig: Setting CVar [[r.Tonemapper.Quality:5]]
[2020.04.01-18.56.48:190][  0]LogConfig: Setting CVar [[r.DOF.Gather.AccumulatorQuality:1        ; higher gathering accumulator quality]]
[2020.04.01-18.56.48:190][  0]LogConfig: Setting CVar [[r.DOF.Gather.PostfilterMethod:1          ; Median3x3 postfilering method]]
[2020.04.01-18.56.48:190][  0]LogConfig: Setting CVar [[r.DOF.Gather.EnableBokehSettings:0       ; no bokeh simulation when gathering]]
[2020.04.01-18.56.48:190][  0]LogConfig: Setting CVar [[r.DOF.Gather.RingCount:4                 ; medium number of samples when gathering]]
[2020.04.01-18.56.48:190][  0]LogConfig: Setting CVar [[r.DOF.Scatter.ForegroundCompositing:1    ; additive foreground scattering]]
[2020.04.01-18.56.48:190][  0]LogConfig: Setting CVar [[r.DOF.Scatter.BackgroundCompositing:2    ; additive background scattering]]
[2020.04.01-18.56.48:190][  0]LogConfig: Setting CVar [[r.DOF.Scatter.EnableBokehSettings:1      ; bokeh simulation when scattering]]
[2020.04.01-18.56.48:190][  0]LogConfig: Setting CVar [[r.DOF.Scatter.MaxSpriteRatio:0.1         ; only a maximum of 10% of scattered bokeh]]
[2020.04.01-18.56.48:190][  0]LogConfig: Setting CVar [[r.DOF.Recombine.Quality:1                ; cheap slight out of focus]]
[2020.04.01-18.56.48:190][  0]LogConfig: Setting CVar [[r.DOF.Recombine.EnableBokehSettings:0    ; no bokeh simulation on slight out of focus]]
[2020.04.01-18.56.48:190][  0]LogConfig: Setting CVar [[r.DOF.TemporalAAQuality:1                ; more stable temporal accumulation]]
[2020.04.01-18.56.48:190][  0]LogConfig: Setting CVar [[r.DOF.Kernel.MaxForegroundRadius:0.025]]
[2020.04.01-18.56.48:190][  0]LogConfig: Setting CVar [[r.DOF.Kernel.MaxBackgroundRadius:0.025]]
[2020.04.01-18.56.48:190][  0]LogConfig: Applying CVar settings from Section [TextureQuality@3] File [E:/Unreal Projects/Zombie_Game/Saved/Config/Windows/Scalability.ini]
[2020.04.01-18.56.48:190][  0]LogConfig: Setting CVar [[r.Streaming.MipBias:0]]
[2020.04.01-18.56.48:190][  0]LogConfig: Setting CVar [[r.Streaming.AmortizeCPUToGPUCopy:0]]
[2020.04.01-18.56.48:190][  0]LogConfig: Setting CVar [[r.Streaming.MaxNumTexturesToStreamPerFrame:0]]
[2020.04.01-18.56.48:190][  0]LogConfig: Setting CVar [[r.Streaming.Boost:1]]
[2020.04.01-18.56.48:190][  0]LogConfig: Setting CVar [[r.MaxAnisotropy:8]]
[2020.04.01-18.56.48:190][  0]LogConfig: Setting CVar [[r.Streaming.LimitPoolSizeToVRAM:0]]
[2020.04.01-18.56.48:190][  0]LogConfig: Setting CVar [[r.Streaming.PoolSize:1000]]
[2020.04.01-18.56.48:190][  0]LogConfig: Setting CVar [[r.Streaming.MaxEffectiveScreenSize:0]]
[2020.04.01-18.56.48:190][  0]LogConfig: Applying CVar settings from Section [EffectsQuality@3] File [E:/Unreal Projects/Zombie_Game/Saved/Config/Windows/Scalability.ini]
[2020.04.01-18.56.48:190][  0]LogConfig: Setting CVar [[r.TranslucencyLightingVolumeDim:64]]
[2020.04.01-18.56.48:190][  0]LogConfig: Setting CVar [[r.RefractionQuality:2]]
[2020.04.01-18.56.48:190][  0]LogConfig: Setting CVar [[r.SSR.Quality:3]]
[2020.04.01-18.56.48:190][  0]LogConfig: Setting CVar [[r.SceneColorFormat:4]]
[2020.04.01-18.56.48:190][  0]LogConfig: Setting CVar [[r.DetailMode:2]]
[2020.04.01-18.56.48:190][  0]LogConfig: Setting CVar [[r.TranslucencyVolumeBlur:1]]
[2020.04.01-18.56.48:190][  0]LogConfig: Setting CVar [[r.MaterialQualityLevel:1 ; High quality]]
[2020.04.01-18.56.48:190][  0]LogConfig: Setting CVar [[r.SSS.Scale:1]]
[2020.04.01-18.56.48:190][  0]LogConfig: Setting CVar [[r.SSS.SampleSet:2]]
[2020.04.01-18.56.48:190][  0]LogConfig: Setting CVar [[r.SSS.Quality:1]]
[2020.04.01-18.56.48:190][  0]LogConfig: Setting CVar [[r.SSS.HalfRes:1]]
[2020.04.01-18.56.48:190][  0]LogConfig: Setting CVar [[r.EmitterSpawnRateScale:1.0]]
[2020.04.01-18.56.48:190][  0]LogConfig: Setting CVar [[r.ParticleLightQuality:2]]
[2020.04.01-18.56.48:190][  0]LogConfig: Applying CVar settings from Section [FoliageQuality@3] File [E:/Unreal Projects/Zombie_Game/Saved/Config/Windows/Scalability.ini]
[2020.04.01-18.56.48:190][  0]LogConfig: Setting CVar [[foliage.DensityScale:1.0]]
[2020.04.01-18.56.48:190][  0]LogConfig: Setting CVar [[grass.DensityScale:1.0]]
[2020.04.01-18.56.48:190][  0]LogConfig: Applying CVar settings from Section [Startup] File [../../../Engine/Config/ConsoleVariables.ini]
[2020.04.01-18.56.48:220][  0]LogConfig: Setting CVar [[net.UseAdaptiveNetUpdateFrequency:0]]
[2020.04.01-18.56.48:220][  0]LogConfig: Setting CVar [[p.chaos.AllowCreatePhysxBodies:1]]
[2020.04.01-18.56.48:220][  0]LogConfig: Setting CVar [[fx.SkipVectorVMBackendOptimizations:1]]
[2020.04.01-18.56.48:220][  0]LogConfig: Applying CVar settings from Section [ConsoleVariables] File [E:/Unreal Projects/Zombie_Game/Saved/Config/Windows/Engine.ini]
[2020.04.01-18.56.48:247][  0]LogInit: Computer: DESKTOP-FA3HG1E
[2020.04.01-18.56.48:247][  0]LogInit: User: Nag
[2020.04.01-18.56.48:247][  0]LogInit: CPU Page size=4096, Cores=4
[2020.04.01-18.56.48:247][  0]LogInit: High frequency timer resolution =10.000000 MHz
[2020.04.01-18.56.48:247][  0]LogMemory: Memory total: Physical=7.9GB (8GB approx)
[2020.04.01-18.56.48:328][  0]LogMemory: Platform Memory Stats for Windows
[2020.04.01-18.56.48:328][  0]LogMemory: Process Physical Memory: 102.70 MB used, 102.70 MB peak
[2020.04.01-18.56.48:328][  0]LogMemory: Process Virtual Memory: 99.41 MB used, 99.41 MB peak
[2020.04.01-18.56.48:328][  0]LogMemory: Physical Memory: 3390.04 MB used,  4677.56 MB free, 8067.60 MB total
[2020.04.01-18.56.48:328][  0]LogMemory: Virtual Memory: 4682.22 MB used,  134213048.00 MB free, 134217728.00 MB total
[2020.04.01-18.56.48:639][  0]LogWindows: WindowsPlatformFeatures enabled
[2020.04.01-18.56.50:454][  0]LogInit: Using OS detected language (en-US).
[2020.04.01-18.56.50:454][  0]LogInit: Using OS detected locale (en-IN).
[2020.04.01-18.56.50:470][  0]LogTextLocalizationManager: No specific localization for 'en-US' exists, so the 'en' localization will be used.
[2020.04.01-18.56.52:162][  0]LogInit: Setting process to per monitor DPI aware
[2020.04.01-18.56.53:663][  0]LogSlate: New Slate User Created.  User Index 0, Is Virtual User: 0
[2020.04.01-18.56.53:663][  0]LogSlate: Slate User Registered.  User Index 0, Is Virtual User: 0
[2020.04.01-18.57.01:221][  0]LogHMD: Failed to initialize OpenVR with code 110
[2020.04.01-18.57.01:221][  0]LogD3D11RHI: D3D11 adapters:
[2020.04.01-18.57.03:152][  0]LogD3D11RHI:    0. 'NVIDIA GeForce MX150' (Feature Level 11_0)
[2020.04.01-18.57.03:152][  0]LogD3D11RHI:       1983/0/4033 MB DedicatedVideo/DedicatedSystem/SharedSystem, Outputs:1, VendorId:0x10de
[2020.04.01-18.57.03:248][  0]LogD3D11RHI:    1. 'Intel(R) UHD Graphics 620' (Feature Level 11_0)
[2020.04.01-18.57.03:248][  0]LogD3D11RHI:       128/0/4033 MB DedicatedVideo/DedicatedSystem/SharedSystem, Outputs:0, VendorId:0x8086
[2020.04.01-18.57.03:308][  0]LogD3D11RHI:    2. 'Microsoft Basic Render Driver' (Feature Level 11_0)
[2020.04.01-18.57.03:308][  0]LogD3D11RHI:       0/0/4033 MB DedicatedVideo/DedicatedSystem/SharedSystem, Outputs:0, VendorId:0x1414
[2020.04.01-18.57.03:308][  0]LogD3D11RHI: Chosen D3D11 Adapter: 0
[2020.04.01-18.57.03:450][  0]LogD3D11RHI: Creating new Direct3DDevice
[2020.04.01-18.57.03:450][  0]LogD3D11RHI:     GPU DeviceId: 0x1d10 (for the marketing name, search the web for "GPU Device Id")
[2020.04.01-18.57.03:450][  0]LogWindows: EnumDisplayDevices:
[2020.04.01-18.57.03:450][  0]LogWindows:    0. 'Intel(R) UHD Graphics 620' (P:1 D:1)
[2020.04.01-18.57.03:450][  0]LogWindows:    1. 'Intel(R) UHD Graphics 620' (P:0 D:0)
[2020.04.01-18.57.03:450][  0]LogWindows:    2. 'Intel(R) UHD Graphics 620' (P:0 D:0)
[2020.04.01-18.57.03:451][  0]LogWindows: DebugString: PrimaryIsNotTheChoosenAdapter PrimaryIsNotTheChoosenAdapter PrimaryIsNotTheChoosenAdapter FoundDriverCount:0 
[2020.04.01-18.57.03:451][  0]LogD3D11RHI:     Adapter Name: NVIDIA GeForce MX150
[2020.04.01-18.57.03:519][  0]LogD3D11RHI:   Driver Version: Unknown (internal:Unknown, unified:Unknown)
[2020.04.01-18.57.03:520][  0]LogD3D11RHI:      Driver Date: Unknown
[2020.04.01-18.57.03:520][  0]LogRHI: Texture pool is 1388 MB (70% of 1983 MB)
[2020.04.01-18.57.03:841][  0]LogD3D11RHI: Async texture creation enabled
[2020.04.01-18.57.04:265][  0]LogD3D11RHI: GPU Timing Frequency: 1000.000000 (Debug: 2 2)
[2020.04.01-18.57.04:721][  0]LogWindows: Warning: CreateProc failed: The system cannot find the file specified. (0x00000002)
[2020.04.01-18.57.04:721][  0]LogWindows: Warning: URL: E:/SOFTWARES/Unreal/UE_4.23/Engine/Binaries/DotNET/UnrealBuildTool.exe -Mode=ValidatePlatforms -allplatforms
[2020.04.01-18.57.04:759][  0]LogTemp: Display: Module 'AllDesktopTargetPlatform' loaded TargetPlatform 'AllDesktop'
[2020.04.01-18.57.04:877][  0]LogTemp: Display: Module 'MacClientTargetPlatform' loaded TargetPlatform 'MacClient'
[2020.04.01-18.57.04:884][  0]LogTemp: Display: Module 'MacNoEditorTargetPlatform' loaded TargetPlatform 'MacNoEditor'
[2020.04.01-18.57.04:892][  0]LogTemp: Display: Module 'MacServerTargetPlatform' loaded TargetPlatform 'MacServer'
[2020.04.01-18.57.04:946][  0]LogTemp: Display: Module 'MacTargetPlatform' loaded TargetPlatform 'Mac'
[2020.04.01-18.57.04:973][  0]LogTemp: Display: Module 'WindowsClientTargetPlatform' loaded TargetPlatform 'WindowsClient'
[2020.04.01-18.57.05:013][  0]LogTemp: Display: Module 'WindowsNoEditorTargetPlatform' loaded TargetPlatform 'WindowsNoEditor'
[2020.04.01-18.57.05:057][  0]LogTemp: Display: Module 'WindowsServerTargetPlatform' loaded TargetPlatform 'WindowsServer'
[2020.04.01-18.57.05:102][  0]LogTemp: Display: Module 'WindowsTargetPlatform' loaded TargetPlatform 'Windows'
[2020.04.01-18.57.05:407][  0]LogTemp: Display: Module 'AndroidTargetPlatform' loaded TargetPlatform 'Android'
[2020.04.01-18.57.05:407][  0]LogTemp: Display: Module 'AndroidTargetPlatform' loaded TargetPlatform 'Android_ASTC'
[2020.04.01-18.57.05:407][  0]LogTemp: Display: Module 'AndroidTargetPlatform' loaded TargetPlatform 'Android_ATC'
[2020.04.01-18.57.05:407][  0]LogTemp: Display: Module 'AndroidTargetPlatform' loaded TargetPlatform 'Android_DXT'
[2020.04.01-18.57.05:407][  0]LogTemp: Display: Module 'AndroidTargetPlatform' loaded TargetPlatform 'Android_ETC1'
[2020.04.01-18.57.05:407][  0]LogTemp: Display: Module 'AndroidTargetPlatform' loaded TargetPlatform 'Android_ETC1a'
[2020.04.01-18.57.05:407][  0]LogTemp: Display: Module 'AndroidTargetPlatform' loaded TargetPlatform 'Android_ETC2'
[2020.04.01-18.57.05:407][  0]LogTemp: Display: Module 'AndroidTargetPlatform' loaded TargetPlatform 'Android_PVRTC'
[2020.04.01-18.57.05:407][  0]LogTemp: Display: Module 'AndroidTargetPlatform' loaded TargetPlatform 'AndroidClient'
[2020.04.01-18.57.05:407][  0]LogTemp: Display: Module 'AndroidTargetPlatform' loaded TargetPlatform 'Android_ASTCClient'
[2020.04.01-18.57.05:407][  0]LogTemp: Display: Module 'AndroidTargetPlatform' loaded TargetPlatform 'Android_ATCClient'
[2020.04.01-18.57.05:408][  0]LogTemp: Display: Module 'AndroidTargetPlatform' loaded TargetPlatform 'Android_DXTClient'
[2020.04.01-18.57.05:408][  0]LogTemp: Display: Module 'AndroidTargetPlatform' loaded TargetPlatform 'Android_ETC1Client'
[2020.04.01-18.57.05:408][  0]LogTemp: Display: Module 'AndroidTargetPlatform' loaded TargetPlatform 'Android_ETC1aClient'
[2020.04.01-18.57.05:408][  0]LogTemp: Display: Module 'AndroidTargetPlatform' loaded TargetPlatform 'Android_ETC2Client'
[2020.04.01-18.57.05:408][  0]LogTemp: Display: Module 'AndroidTargetPlatform' loaded TargetPlatform 'Android_PVRTCClient'
[2020.04.01-18.57.05:408][  0]LogTemp: Display: Module 'AndroidTargetPlatform' loaded TargetPlatform 'Android_Multi'
[2020.04.01-18.57.05:408][  0]LogTemp: Display: Module 'AndroidTargetPlatform' loaded TargetPlatform 'Android_MultiClient'
[2020.04.01-18.57.05:418][  0]LogTemp: Display: Module 'HTML5TargetPlatform' loaded TargetPlatform 'HTML5'
[2020.04.01-18.57.05:683][  0]LogTemp: Display: Module 'IOSTargetPlatform' loaded TargetPlatform 'IOSClient'
[2020.04.01-18.57.05:683][  0]LogTemp: Display: Module 'IOSTargetPlatform' loaded TargetPlatform 'IOS'
[2020.04.01-18.57.05:695][  0]LogTemp: Display: Module 'TVOSTargetPlatform' loaded TargetPlatform 'TVOSClient'
[2020.04.01-18.57.05:695][  0]LogTemp: Display: Module 'TVOSTargetPlatform' loaded TargetPlatform 'TVOS'
[2020.04.01-18.57.05:743][  0]LogTemp: Display: Module 'LinuxClientTargetPlatform' loaded TargetPlatform 'LinuxClient'
[2020.04.01-18.57.05:761][  0]LogTemp: Display: Module 'LinuxNoEditorTargetPlatform' loaded TargetPlatform 'LinuxNoEditor'
[2020.04.01-18.57.05:800][  0]LogTemp: Display: Module 'LinuxServerTargetPlatform' loaded TargetPlatform 'LinuxServer'
[2020.04.01-18.57.05:972][  0]LogTemp: Display: Module 'LinuxTargetPlatform' loaded TargetPlatform 'Linux'
[2020.04.01-18.57.06:025][  0]LogTemp: Display: Module 'LuminTargetPlatform' loaded TargetPlatform 'Lumin'
[2020.04.01-18.57.06:025][  0]LogTemp: Display: Module 'LuminTargetPlatform' loaded TargetPlatform 'LuminClient'
[2020.04.01-18.57.06:025][  0]LogTargetPlatformManager: Display: Building Assets For Windows
[2020.04.01-18.57.06:396][  0]LogAudioDebug: Display: Lib vorbis DLL was dynamically loaded.
[2020.04.01-18.57.07:744][  0]LogShaderCompilers: Guid format shader working directory is -1 characters bigger than the processId version (../../../../../../Unreal Projects/Zombie_Game/Intermediate/Shaders/WorkingDirectory/3096/).
[2020.04.01-18.57.07:744][  0]LogShaderCompilers: Cleaned the shader compiler working directory 'C:/Users/Nag/AppData/Local/Temp/UnrealShaderWorkingDir/70945E7E4A36A6F679888997AFF81998/'.
[2020.04.01-18.57.07:798][  0]LogXGEController: Cleaning working directory: C:/Users/Nag/AppData/Local/Temp/UnrealXGEWorkingDir/
[2020.04.01-18.57.07:798][  0]LogXGEController: Cannot use XGE Controller as Incredibuild is not installed on this machine.
[2020.04.01-18.57.07:874][  0]LogShaderCompilers: Cannot use XGE Shader Compiler as Incredibuild is not installed on this machine.
[2020.04.01-18.57.07:874][  0]LogShaderCompilers: Display: Using Local Shader Compiler.
[2020.04.01-18.57.15:266][  0]LogDerivedDataCache: Display: Max Cache Size: 512 MB
[2020.04.01-18.57.16:793][  0]LogDerivedDataCache: Loaded boot cache 1.51s 74MB C:/Users/Nag/AppData/Local/UnrealEngine/4.23/DerivedDataCache/Boot.ddc.
[2020.04.01-18.57.16:793][  0]LogDerivedDataCache: Display: Loaded Boot cache: C:/Users/Nag/AppData/Local/UnrealEngine/4.23/DerivedDataCache/Boot.ddc
[2020.04.01-18.57.16:793][  0]LogDerivedDataCache: FDerivedDataBackendGraph:  Pak pak cache file ../../../../../../Unreal Projects/Zombie_Game/DerivedDataCache/DDC.ddp not found, will not use a pak cache.
[2020.04.01-18.57.16:793][  0]LogDerivedDataCache: Unable to find inner node Pak for hierarchical cache Hierarchy.
[2020.04.01-18.57.16:793][  0]LogDerivedDataCache: FDerivedDataBackendGraph:  CompressedPak pak cache file ../../../../../../Unreal Projects/Zombie_Game/DerivedDataCache/Compressed.ddp not found, will not use a pak cache.
[2020.04.01-18.57.16:793][  0]LogDerivedDataCache: Unable to find inner node CompressedPak for hierarchical cache Hierarchy.
[2020.04.01-18.57.16:831][  0]LogDerivedDataCache: Display: Pak cache opened for reading ../../../Engine/DerivedDataCache/Compressed.ddp.
[2020.04.01-18.57.16:831][  0]LogDerivedDataCache: FDerivedDataBackendGraph:  EnterprisePak pak cache file ../../../Enterprise/DerivedDataCache/Compressed.ddp not found, will not use a pak cache.
[2020.04.01-18.57.16:831][  0]LogDerivedDataCache: Unable to find inner node EnterprisePak for hierarchical cache Hierarchy.
[2020.04.01-18.57.16:832][  0]LogDerivedDataCache: Using Local data cache path C:/Users/Nag/AppData/Local/UnrealEngine/Common/DerivedDataCache: Writable
[2020.04.01-18.57.16:832][  0]LogDerivedDataCache: Shared data cache path not found in *engine.ini, will not use an Shared cache.
[2020.04.01-18.57.16:832][  0]LogDerivedDataCache: Unable to find inner node Shared for hierarchical cache Hierarchy.
[2020.04.01-18.57.16:875][  0]LogMaterial: Verifying Global Shaders for PCD3D_SM5
[2020.04.01-18.57.17:144][  0]LogSlate: Using FreeType 2.6.0
[2020.04.01-18.57.17:167][  0]LogSlate: SlateFontServices - WITH_FREETYPE: 1, WITH_HARFBUZZ: 1
[2020.04.01-18.57.18:193][  0]LogAssetRegistry: FAssetRegistry took 0.0071 seconds to start up
[2020.04.01-18.57.25:214][  0]LogInit: Selected Device Profile: [Windows]
[2020.04.01-18.57.27:857][  0]LogMeshReduction: Using QuadricMeshReduction for automatic static mesh reduction
[2020.04.01-18.57.27:857][  0]LogMeshReduction: Using SimplygonMeshReduction for automatic skeletal mesh reduction
[2020.04.01-18.57.27:857][  0]LogMeshReduction: Using ProxyLODMeshReduction for automatic mesh merging
[2020.04.01-18.57.27:857][  0]LogMeshReduction: No distributed automatic mesh merging module available
[2020.04.01-18.57.27:858][  0]LogMeshMerging: No distributed automatic mesh merging module available
[2020.04.01-18.57.28:515][  0]LogNetVersion: Zombie_Game 1.0.0, NetCL: 8386587, EngineNetVer: 11, GameNetVer: 0 (Checksum: 2874828335)
[2020.04.01-18.57.31:287][  0]LogClass: Warning: In asset 'None', there is an enum property of type 'EDepthOfFieldMethod' with an invalid value of '('
[2020.04.01-18.57.34:292][  0]LogAssetRegistry: Error: Failed to open file for write ../../../../../../Unreal Projects/Zombie_Game/Intermediate/AssetRegistryCache/2657c409.bin
[2020.04.01-18.57.34:331][  0]LogAssetRegistry: Error: Failed to open file for write ../../../../../../Unreal Projects/Zombie_Game/Intermediate/AssetRegistryCache/866581fd.bin
[2020.04.01-18.57.34:360][  0]LogAssetRegistry: Error: Failed to open file for write ../../../../../../Unreal Projects/Zombie_Game/Intermediate/AssetRegistryCache/8c0e1344.bin
[2020.04.01-18.57.34:454][  0]LogPackageLocalizationCache: Processed 14 localized package path(s) for 1 prioritized culture(s) in 0.199225 seconds
[2020.04.01-18.57.34:578][  0]LogUObjectArray: 43469 objects as part of root set at end of initial load.
[2020.04.01-18.57.34:578][  0]LogUObjectAllocator: 7553416 out of 0 bytes used by permanent object pool.
[2020.04.01-18.57.34:578][  0]LogUObjectArray: CloseDisregardForGC: 0/0 objects in disregard for GC pool
[2020.04.01-18.58.00:245][  0]LogAssetRegistry: Error: Failed to open file for write ../../../../../../Unreal Projects/Zombie_Game/Intermediate/CachedAssetRegistry.bin
[2020.04.01-18.58.03:672][  0]LogTcpMessaging: Initializing TcpMessaging bridge
[2020.04.01-18.58.03:714][  0]LogUdpMessaging: Initializing bridge on interface 0.0.0.0:0 to multicast group 230.0.0.1:6666.
[2020.04.01-18.58.04:838][  0]SourceControl: Source control is disabled
[2020.04.01-18.58.04:839][  0]SourceControl: Source control is disabled
[2020.04.01-18.58.05:158][  0]SourceControl: Source control is disabled
[2020.04.01-18.58.05:194][  0]SourceControl: Source control is disabled
[2020.04.01-18.58.05:228][  0]LogVSAccessor: Display: Unable to create Visual Studio setup instance: 80040154
[2020.04.01-18.58.05:228][  0]LogVSAccessor: Display: Unable to create Visual Studio setup instance: 80040154
[2020.04.01-18.58.07:275][  0]LogAndroidPermission: UAndroidPermissionCallbackProxy::GetInstance
[2020.04.01-18.58.08:301][  0]LogOcInput: OculusInput pre-init called
[2020.04.01-18.58.08:555][  0]LogWindows: Failed to load 'OVRPlugin.dll' (GetLastError=126)
[2020.04.01-18.58.08:555][  0]LogWindows: File 'OVRPlugin.dll' does not exist
[2020.04.01-18.58.09:901][  0]LogEngine: Initializing Engine...
[2020.04.01-18.58.09:919][  0]LogHMD: Failed to initialize OpenVR with code 110
[2020.04.01-18.58.09:957][  0]LogStats: UGameplayTagsManager::InitializeManager -  0.037 s
[2020.04.01-18.58.10:543][  0]LogInit: Initializing FReadOnlyCVARCache
[2020.04.01-18.58.10:922][  0]LogAIModule: Creating AISystem for world Untitled
[2020.04.01-18.58.11:092][  0]LogInit: XAudio2 using 'Speakers (Realtek High Definition Audio(SST))' : 2 channels at 48 kHz using 16 bits per sample (channel mask 0x3)
[2020.04.01-18.58.11:815][  0]LogInit: FAudioDevice initialized.
[2020.04.01-18.58.11:815][  0]LogNetVersion: Set ProjectVersion to 1.0.0.0. Version Checksum will be recalculated on next use.
[2020.04.01-18.58.12:895][  0]LogDerivedDataCache: Saved boot cache 1.08s 74MB C:/Users/Nag/AppData/Local/UnrealEngine/4.23/DerivedDataCache/Boot.ddc.
[2020.04.01-18.58.12:899][  0]LogInit: Texture streaming: Enabled
[2020.04.01-18.58.12:915][  0]LogEngineSessionManager: EngineSessionManager initialized
[2020.04.01-18.58.12:915][  0]LogEditorSessionSummary: Verbose: Initializing EditorSessionSummaryWriter for editor session tracking
[2020.04.01-18.58.12:916][  0]LogEditorSessionSummary: EditorSessionSummaryWriter initialized
[2020.04.01-18.58.13:275][  0]LogInit: Transaction tracking system initialized
[2020.04.01-18.58.14:683][  0]BlueprintLog: New page: Editor Load
[2020.04.01-18.58.16:452][  0]LocalizationService: Localization service is disabled
[2020.04.01-18.58.17:150][  0]LogWindows: Warning: CreateProc failed: The system cannot find the file specified. (0x00000002)
[2020.04.01-18.58.17:150][  0]LogWindows: Warning: URL: E:/SOFTWARES/Unreal/UE_4.23/Engine/Binaries/DotNET/UnrealBuildTool.exe -Mode=ValidatePlatforms -platforms=Android
[2020.04.01-18.58.18:260][  0]LogVSAccessor: Display: Unable to create Visual Studio setup instance: 80040154
[2020.04.01-18.58.18:261][  0]LogVSAccessor: Display: Unable to create Visual Studio setup instance: 80040154
[2020.04.01-18.58.20:095][  0]LogCook: Display: Max memory allowance for cook 16384mb min free memory 0mb
[2020.04.01-18.58.20:108][  0]LogCook: Display: Mobile HDR setting 1
[2020.04.01-18.58.21:158][  0]LogFileCache: Scanning file cache for directory 'E:/Unreal Projects/Zombie_Game/Content/' took 1.16s
[2020.04.01-18.58.24:088][  0]SourceControl: Source control is disabled
[2020.04.01-18.58.24:138][  0]Cmd: MAP LOAD FILE="../../../../../../Unreal Projects/Zombie_Game/Content/Blueprints/Maps/Level_5.umap" TEMPLATE=0 SHOWPROGRESS=1 FEATURELEVEL=3
[2020.04.01-18.58.24:138][  0]LightingResults: New page: Lighting Build
[2020.04.01-18.58.24:369][  0]LogWorld: UWorld::CleanupWorld for Untitled, bSessionEnded=true, bCleanupResources=true
[2020.04.01-18.58.24:386][  0]MapCheck: New page: Map Check
[2020.04.01-18.58.24:386][  0]LightingResults: New page: Lighting Build
[2020.04.01-18.58.24:412][  0]LogUObjectHash: Compacting FUObjectHashTables data took   1.67ms
[2020.04.01-18.59.47:403][  0]LoadErrors: Warning: Linear color curves now accurately handle RGB values > 1. If you were relying on HSV clamping, please update Curve_GoodSky_horizon_Color
[2020.04.01-18.59.47:403][  0]LoadErrors: Warning: Linear color curves now accurately handle RGB values > 1. If you were relying on HSV clamping, please update Curve_GoodSky_BaseCloudColor
[2020.04.01-18.59.47:403][  0]LoadErrors: Warning: Linear color curves now accurately handle RGB values > 1. If you were relying on HSV clamping, please update Curve_GoodSky_AllOverlayColor
[2020.04.01-18.59.47:403][  0]LoadErrors: Warning: Linear color curves now accurately handle RGB values > 1. If you were relying on HSV clamping, please update Curve_GoodSky_DomeColor
[2020.04.01-18.59.49:731][  0]LogNiagaraEditor: Verbose: '/Game/Blueprints/Particles/Blood/Blood_system' Precompile took 0.231816 sec.
[2020.04.01-18.59.49:731][  0]LogNiagara: Script 'NiagaraScript /Game/Blueprints/Particles/Blood/Blood_system.Blood_system:Vomit_emiter.SpawnScript_35' is in-sync skipping compile..
[2020.04.01-18.59.49:731][  0]LogNiagara: Script 'NiagaraScript /Game/Blueprints/Particles/Blood/Blood_system.Blood_system:Vomit_emiter.UpdateScript_36' is in-sync skipping compile..
[2020.04.01-18.59.49:731][  0]LogNiagara: Script 'NiagaraScript /Game/Blueprints/Particles/Blood/Blood_system.Blood_system:Vomit_emiter.EmitterSpawnScript_37' is in-sync skipping compile..
[2020.04.01-18.59.49:731][  0]LogNiagara: Script 'NiagaraScript /Game/Blueprints/Particles/Blood/Blood_system.Blood_system:Vomit_emiter.EmitterUpdateScript_38' is in-sync skipping compile..
[2020.04.01-18.59.49:731][  0]LogNiagara: Script 'NiagaraScript /Game/Blueprints/Particles/Blood/Blood_system.Blood_system:SystemSpawnScript' is in-sync skipping compile..
[2020.04.01-18.59.49:731][  0]LogNiagara: Script 'NiagaraScript /Game/Blueprints/Particles/Blood/Blood_system.Blood_system:SystemUpdateScript' is in-sync skipping compile..
[2020.04.01-18.59.49:733][  0]LogTemp: Display: Loaded shader NiagaraScript /Engine/Transient.NiagaraSystem_1:Damage_emitterr.GPUComputeScript for Niagara script NiagaraScript /Game/Blueprints/Particles/Damage_emitterr.Damage_emitterr:GPUComputeScript from DDC
[2020.04.01-18.59.52:916][  0]LogNiagaraEditor: Verbose: '/Game/Blueprints/Particles/Vomit/Vomit_system' Precompile took 0.054052 sec.
[2020.04.01-18.59.52:917][  0]LogNiagara: Script 'NiagaraScript /Game/Blueprints/Particles/Vomit/Vomit_system.Vomit_system:Vomit_emiter.SpawnScript_35' is in-sync skipping compile..
[2020.04.01-18.59.52:917][  0]LogNiagara: Script 'NiagaraScript /Game/Blueprints/Particles/Vomit/Vomit_system.Vomit_system:Vomit_emiter.UpdateScript_36' is in-sync skipping compile..
[2020.04.01-18.59.52:917][  0]LogNiagara: Script 'NiagaraScript /Game/Blueprints/Particles/Vomit/Vomit_system.Vomit_system:Vomit_emiter.EmitterSpawnScript_37' is in-sync skipping compile..
[2020.04.01-18.59.52:917][  0]LogNiagara: Script 'NiagaraScript /Game/Blueprints/Particles/Vomit/Vomit_system.Vomit_system:Vomit_emiter.EmitterUpdateScript_38' is in-sync skipping compile..
[2020.04.01-18.59.52:917][  0]LogNiagara: Script 'NiagaraScript /Game/Blueprints/Particles/Vomit/Vomit_system.Vomit_system:SystemSpawnScript' is in-sync skipping compile..
[2020.04.01-18.59.52:917][  0]LogNiagara: Script 'NiagaraScript /Game/Blueprints/Particles/Vomit/Vomit_system.Vomit_system:SystemUpdateScript' is in-sync skipping compile..
[2020.04.01-18.59.52:970][  0]LogNiagaraEditor: Verbose: '/Game/Blueprints/Particles/Blood/Blood_system1' Precompile took 0.051180 sec.
[2020.04.01-18.59.52:970][  0]LogNiagara: Script 'NiagaraScript /Game/Blueprints/Particles/Blood/Blood_system1.Blood_system1:Vomit_emiter.SpawnScript_35' is in-sync skipping compile..
[2020.04.01-18.59.52:970][  0]LogNiagara: Script 'NiagaraScript /Game/Blueprints/Particles/Blood/Blood_system1.Blood_system1:Vomit_emiter.UpdateScript_36' is in-sync skipping compile..
[2020.04.01-18.59.52:970][  0]LogNiagara: Script 'NiagaraScript /Game/Blueprints/Particles/Blood/Blood_system1.Blood_system1:Vomit_emiter.EmitterSpawnScript_37' is in-sync skipping compile..
[2020.04.01-18.59.52:970][  0]LogNiagara: Script 'NiagaraScript /Game/Blueprints/Particles/Blood/Blood_system1.Blood_system1:Vomit_emiter.EmitterUpdateScript_38' is in-sync skipping compile..
[2020.04.01-18.59.52:970][  0]LogNiagara: Script 'NiagaraScript /Game/Blueprints/Particles/Blood/Blood_system1.Blood_system1:SystemSpawnScript' is in-sync skipping compile..
[2020.04.01-18.59.52:970][  0]LogNiagara: Script 'NiagaraScript /Game/Blueprints/Particles/Blood/Blood_system1.Blood_system1:SystemUpdateScript' is in-sync skipping compile..
[2020.04.01-18.59.55:989][  0]LogAIModule: Creating AISystem for world Level_5
[2020.04.01-19.00.00:588][  0]LogEditorServer: Finished looking for orphan Actors (0.000 secs)
[2020.04.01-19.00.01:053][  0]LogUObjectHash: Compacting FUObjectHashTables data took   3.56ms
[2020.04.01-19.00.01:053][  0]Cmd: MAP CHECKDEP NOCLEARLOG
[2020.04.01-19.00.01:053][  0]MapCheck: Map check complete: 0 Error(s), 0 Warning(s), took 0.069ms to complete.
[2020.04.01-19.00.01:053][  0]LogFileHelpers: Loading map 'Level_5' took 96.916
[2020.04.01-19.00.02:093][  0]LogSlate: Updating window title bar state: overlay mode, drag disabled, window buttons hidden, title bar hidden
[2020.04.01-19.00.02:100][  0]LogSlate: Updating window title bar state: overlay mode, drag disabled, window buttons hidden, title bar hidden
[2020.04.01-19.00.02:107][  0]LogSlate: Updating window title bar state: overlay mode, drag disabled, window buttons hidden, title bar hidden
[2020.04.01-19.00.02:114][  0]LogSlate: Updating window title bar state: overlay mode, drag disabled, window buttons hidden, title bar hidden
[2020.04.01-19.00.02:474][  0]LogCollectionManager: Loaded 0 collections in 0.002304 seconds
[2020.04.01-19.00.02:729][  0]LogFileCache: Scanning file cache for directory 'E:/Unreal Projects/Zombie_Game/Saved/Collections/' took 0.00s
[2020.04.01-19.00.02:729][  0]LogFileCache: Scanning file cache for directory 'E:/Unreal Projects/Zombie_Game/Content/Developers/Nag/Collections/' took 0.00s
[2020.04.01-19.00.02:729][  0]LogFileCache: Scanning file cache for directory 'E:/Unreal Projects/Zombie_Game/Content/Collections/' took 0.00s
[2020.04.01-19.00.02:729][  0]LogCollectionManager: Rebuilt the GUID cache for 0 collections in 0.000002 seconds
[2020.04.01-19.00.02:739][  0]LogContentBrowser: Native class hierarchy populated in 0.0101 seconds. Added 2999 classes and 698 folders.
[2020.04.01-19.00.03:019][  0]LogContentBrowser: Native class hierarchy updated for 'WidgetCarousel' in 0.0002 seconds. Added 0 classes and 0 folders.
[2020.04.01-19.00.05:113][  0]LogContentBrowser: Native class hierarchy updated for 'AddContentDialog' in 0.0002 seconds. Added 0 classes and 0 folders.
[2020.04.01-19.00.05:189][  0]LogContentBrowser: Native class hierarchy updated for 'SceneOutliner' in 0.0003 seconds. Added 1 classes and 2 folders.
[2020.04.01-19.00.05:649][  0]LogSlate: Took 0.000121 seconds to synchronously load lazily loaded font '../../../Engine/Content/Slate/Fonts/Roboto-Regular.ttf' (155K)
[2020.04.01-19.00.05:651][  0]LogSlate: Took 0.000119 seconds to synchronously load lazily loaded font '../../../Engine/Content/Slate/Fonts/Roboto-Bold.ttf' (160K)
[2020.04.01-19.00.05:685][  0]LogSlate: Took 0.027121 seconds to synchronously load lazily loaded font '../../../Engine/Content/Editor/Slate/Fonts/FontAwesome.ttf' (139K)
[2020.04.01-19.00.06:087][  0]LogRenderer: Reallocating scene render targets to support 1156x552 Format 10 NumSamples 1 (Frame:1).
[2020.04.01-19.00.06:601][  0]LogSlate: Took 0.023787 seconds to synchronously load lazily loaded font '../../../Engine/Content/Slate/Fonts/Roboto-Light.ttf' (167K)
[2020.04.01-19.00.07:175][  0]LogContentBrowser: Native class hierarchy updated for 'HierarchicalLODOutliner' in 0.0002 seconds. Added 0 classes and 0 folders.
[2020.04.01-19.00.07:184][  0]LogLoad: (Engine Initialization) Total time: 259.14 seconds
[2020.04.01-19.00.07:184][  0]LogLoad: (Engine Initialization) Total Blueprint compile time: 0.00 seconds
[2020.04.01-19.00.08:310][  0]LogContentStreaming: Texture pool size now 1000 MB
[2020.04.01-19.00.08:315][  0]LogSlate: FSceneViewport::OnFocusLost() reason 5
[2020.04.01-19.00.09:913][  2]LogSlate: Took 0.000140 seconds to synchronously load lazily loaded font '../../../Engine/Content/Slate/Fonts/Roboto-Light.ttf' (167K)
[2020.04.01-19.00.14:690][ 21]LogFileCache: Retrieving MD5 hashes for directory 'E:/Unreal Projects/Zombie_Game/Content/' took 7.24s
[2020.04.01-19.00.30:083][113]LogAssetRegistry: Asset discovery search completed in 191.8902 seconds
[2020.04.01-19.00.30:129][113]LogCollectionManager: Rebuilt the object cache for 0 collections in 0.000005 seconds (found 0 objects)
[2020.04.01-19.00.30:129][113]LogCollectionManager: Fixed up redirectors for 0 collections in 0.000119 seconds (updated 0 objects)
[2020.04.01-19.01.27:503][283]LogUObjectHash: Compacting FUObjectHashTables data took   4.53ms
[2020.04.01-19.01.30:144][283]LogSlate: Window 'Save Content' being destroyed
[2020.04.01-19.01.30:786][283]LogSlate: Window 'Message Log' being destroyed
[2020.04.01-19.01.30:790][283]LogSlate: Window 'Zombie_Game - Unreal Editor' being destroyed
[2020.04.01-19.01.32:030][284]Cmd: QUIT_EDITOR
[2020.04.01-19.01.32:989][284]LogWindowsTextInputMethodSystem: Display: IME system now deactivated.
[2020.04.01-19.01.33:118][284]LogExit: Preparing to exit.
[2020.04.01-19.01.34:858][284]LogWorld: UWorld::CleanupWorld for World_2, bSessionEnded=true, bCleanupResources=true
[2020.04.01-19.01.34:860][284]LogWorld: UWorld::CleanupWorld for World_5, bSessionEnded=true, bCleanupResources=true
[2020.04.01-19.01.34:860][284]LogWorld: UWorld::CleanupWorld for World_0, bSessionEnded=true, bCleanupResources=true
[2020.04.01-19.01.34:861][284]LogWorld: UWorld::CleanupWorld for World_3, bSessionEnded=true, bCleanupResources=true
[2020.04.01-19.01.34:861][284]LogWorld: UWorld::CleanupWorld for World_1, bSessionEnded=true, bCleanupResources=true
[2020.04.01-19.01.34:862][284]LogWorld: UWorld::CleanupWorld for World_4, bSessionEnded=true, bCleanupResources=true
[2020.04.01-19.01.35:111][284]LogDirectoryWatcher: A directory notification failed for 'E:/Unreal Projects/Zombie_Game/Content/', and we were unable to create a new request.
[2020.04.01-19.01.35:547][284]LogDemo: Cleaned up 0 splitscreen connections with owner deletion
[2020.04.01-19.01.35:919][284]LogWorld: UWorld::CleanupWorld for None, bSessionEnded=true, bCleanupResources=true
[2020.04.01-19.01.35:940][284]LogExit: Editor shut down
[2020.04.01-19.01.35:940][284]LogExit: Transaction tracking system shut down
[2020.04.01-19.01.39:836][284]LogExit: Object subsystem successfully closed.
[2020.04.01-19.01.40:559][284]LogShaderCompilers: Display: Shaders left to compile 0
[2020.04.01-19.01.43:132][284]LogModuleManager: Shutting down and abandoning module HierarchicalLODOutliner (682)
[2020.04.01-19.01.43:132][284]LogModuleManager: Shutting down and abandoning module SceneOutliner (680)
[2020.04.01-19.01.43:132][284]LogModuleManager: Shutting down and abandoning module AddContentDialog (678)
[2020.04.01-19.01.43:148][284]LogModuleManager: Shutting down and abandoning module WidgetCarousel (677)
[2020.04.01-19.01.43:148][284]LogModuleManager: Shutting down and abandoning module EditorWidgets (674)
[2020.04.01-19.01.43:148][284]LogModuleManager: Shutting down and abandoning module CollectionManager (672)
[2020.04.01-19.01.43:194][284]LogModuleManager: Shutting down and abandoning module StatsViewer (670)
[2020.04.01-19.01.43:225][284]LogModuleManager: Shutting down and abandoning module VirtualTexturingEditor (668)
[2020.04.01-19.01.43:225][284]LogModuleManager: Shutting down and abandoning module FoliageEdit (666)
[2020.04.01-19.01.43:231][284]LogModuleManager: Shutting down and abandoning module LandscapeEditor (664)
[2020.04.01-19.01.43:310][284]LogModuleManager: Shutting down and abandoning module MeshPaintMode (662)
[2020.04.01-19.01.43:310][284]LogModuleManager: Shutting down and abandoning module SceneDepthPickerMode (660)
[2020.04.01-19.01.43:310][284]LogModuleManager: Shutting down and abandoning module ActorPickerMode (658)
[2020.04.01-19.01.43:310][284]LogModuleManager: Shutting down and abandoning module GeometryMode (656)
[2020.04.01-19.01.43:448][284]LogModuleManager: Shutting down and abandoning module TextureAlignMode (654)
[2020.04.01-19.01.43:448][284]LogModuleManager: Shutting down and abandoning module BspMode (652)
[2020.04.01-19.01.43:448][284]LogModuleManager: Shutting down and abandoning module PIEPreviewDeviceProfileSelector (650)
[2020.04.01-19.01.43:449][284]LogModuleManager: Shutting down and abandoning module SequenceRecorderSections (648)
[2020.04.01-19.01.43:466][284]LogModuleManager: Shutting down and abandoning module AutomationWorker (646)
[2020.04.01-19.01.43:466][284]LogModuleManager: Shutting down and abandoning module OculusMR (644)
[2020.04.01-19.01.43:466][284]LogModuleManager: Shutting down and abandoning module AudioCaptureEditor (642)
[2020.04.01-19.01.43:468][284]LogModuleManager: Shutting down and abandoning module MatineeToLevelSequence (640)
[2020.04.01-19.01.43:493][284]LogModuleManager: Shutting down and abandoning module LevelSequenceEditor (638)
[2020.04.01-19.01.43:545][284]LogModuleManager: Shutting down and abandoning module PlacementMode (637)
[2020.04.01-19.01.43:545][284]LogModuleManager: Shutting down and abandoning module MaterialEditor (636)
[2020.04.01-19.01.43:584][284]LogModuleManager: Shutting down and abandoning module ActorSequenceEditor (632)
[2020.04.01-19.01.43:586][284]LogModuleManager: Shutting down and abandoning module WmfMediaFactory (630)
[2020.04.01-19.01.43:586][284]LogModuleManager: Shutting down and abandoning module WmfMediaEditor (628)
[2020.04.01-19.01.43:586][284]LogModuleManager: Shutting down and abandoning module WebMMediaFactory (626)
[2020.04.01-19.01.43:586][284]LogModuleManager: Shutting down and abandoning module WebMMediaEditor (624)
[2020.04.01-19.01.43:586][284]LogModuleManager: Shutting down and abandoning module WebMMedia (622)
[2020.04.01-19.01.43:586][284]LogModuleManager: Shutting down and abandoning module MediaPlayerEditor (620)
[2020.04.01-19.01.43:619][284]LogModuleManager: Shutting down and abandoning module MediaCompositingEditor (618)
[2020.04.01-19.01.43:636][284]LogModuleManager: Shutting down and abandoning module SequenceRecorder (617)
[2020.04.01-19.01.43:636][284]LogModuleManager: Shutting down and abandoning module OpenExrWrapper (614)
[2020.04.01-19.01.43:636][284]LogModuleManager: Shutting down and abandoning module ImgMediaFactory (612)
[2020.04.01-19.01.43:636][284]LogModuleManager: Shutting down and abandoning module ImgMediaEditor (610)
[2020.04.01-19.01.43:636][284]LogModuleManager: Shutting down and abandoning module AvfMediaFactory (608)
[2020.04.01-19.01.43:636][284]LogModuleManager: Shutting down and abandoning module AvfMediaEditor (606)
[2020.04.01-19.01.43:636][284]LogModuleManager: Shutting down and abandoning module AndroidMediaFactory (604)
[2020.04.01-19.01.43:636][284]LogModuleManager: Shutting down and abandoning module AndroidMediaEditor (602)
[2020.04.01-19.01.43:636][284]LogModuleManager: Shutting down and abandoning module MagicLeapCameraPreviewFactory (600)
[2020.04.01-19.01.43:636][284]LogModuleManager: Shutting down and abandoning module MagicLeapMediaCodecFactory (598)
[2020.04.01-19.01.43:636][284]LogModuleManager: Shutting down and abandoning module MagicLeapMediaFactory (596)
[2020.04.01-19.01.43:636][284]LogModuleManager: Shutting down and abandoning module MagicLeapMediaEditor (594)
[2020.04.01-19.01.43:636][284]LogModuleManager: Shutting down and abandoning module CharacterAI (592)
[2020.04.01-19.01.43:637][284]LogModuleManager: Shutting down and abandoning module SmartSnapping (590)
[2020.04.01-19.01.43:637][284]LogModuleManager: Shutting down and abandoning module SessionServices (588)
[2020.04.01-19.01.43:637][284]LogModuleManager: Shutting down and abandoning module MeshPaint (586)
[2020.04.01-19.01.43:780][284]LogModuleManager: Shutting down and abandoning module ViewportSnapping (584)
[2020.04.01-19.01.43:780][284]LogModuleManager: Shutting down and abandoning module ViewportInteraction (582)
[2020.04.01-19.01.43:780][284]LogModuleManager: Shutting down and abandoning module ClothPainter (580)
[2020.04.01-19.01.43:811][284]LogModuleManager: Shutting down and abandoning module SkeletalMeshEditor (579)
[2020.04.01-19.01.43:845][284]LogModuleManager: Shutting down and abandoning module LogVisualizer (576)
[2020.04.01-19.01.43:874][284]LogModuleManager: Shutting down and abandoning module IntroTutorials (574)
[2020.04.01-19.01.43:874][284]LogModuleManager: Shutting down and abandoning module GameProjectGeneration (573)
[2020.04.01-19.01.43:891][284]LogModuleManager: Shutting down and abandoning module LuminPlatformEditor (570)
[2020.04.01-19.01.43:891][284]LogModuleManager: Shutting down and abandoning module IOSPlatformEditor (568)
[2020.04.01-19.01.43:909][284]LogModuleManager: Shutting down and abandoning module HTML5PlatformEditor (566)
[2020.04.01-19.01.43:910][284]LogModuleManager: Shutting down and abandoning module AndroidPlatformEditor (564)
[2020.04.01-19.01.43:910][284]LogModuleManager: Shutting down and abandoning module AndroidDeviceDetection (563)
[2020.04.01-19.01.44:338][284]LogModuleManager: Shutting down and abandoning module WindowsPlatformEditor (560)
[2020.04.01-19.01.44:338][284]LogModuleManager: Shutting down and abandoning module LuminRuntimeSettings (558)
[2020.04.01-19.01.44:338][284]LogModuleManager: Shutting down and abandoning module IOSRuntimeSettings (556)
[2020.04.01-19.01.44:338][284]LogModuleManager: Shutting down and abandoning module AndroidRuntimeSettings (554)
[2020.04.01-19.01.44:338][284]LogModuleManager: Shutting down and abandoning module TimeManagementEditor (552)
[2020.04.01-19.01.44:338][284]LogModuleManager: Shutting down and abandoning module InputBindingEditor (550)
[2020.04.01-19.01.44:351][284]LogModuleManager: Shutting down and abandoning module MergeActors (548)
[2020.04.01-19.01.44:471][284]LogModuleManager: Shutting down and abandoning module LocalizationDashboard (546)
[2020.04.01-19.01.44:517][284]LogModuleManager: Shutting down and abandoning module LocalizationService (545)
[2020.04.01-19.01.44:564][284]LogModuleManager: Shutting down and abandoning module HardwareTargeting (542)
[2020.04.01-19.01.44:564][284]LogModuleManager: Shutting down and abandoning module DeviceProfileEditor (540)
[2020.04.01-19.01.44:579][284]LogModuleManager: Shutting down and abandoning module UndoHistory (538)
[2020.04.01-19.01.44:593][284]LogModuleManager: Shutting down and abandoning module XmlParser (536)
[2020.04.01-19.01.44:612][284]LogModuleManager: Shutting down and abandoning module Blutility (534)
[2020.04.01-19.01.44:638][284]LogModuleManager: Shutting down and abandoning module ProjectSettingsViewer (532)
[2020.04.01-19.01.44:638][284]LogModuleManager: Shutting down and abandoning module ProjectTargetPlatformEditor (531)
[2020.04.01-19.01.44:638][284]LogModuleManager: Shutting down and abandoning module EditorSettingsViewer (528)
[2020.04.01-19.01.44:638][284]LogModuleManager: Shutting down and abandoning module SettingsEditor (526)
[2020.04.01-19.01.44:663][284]LogModuleManager: Shutting down and abandoning module ProjectLauncher (524)
[2020.04.01-19.01.44:683][284]LogModuleManager: Shutting down and abandoning module SessionFrontend (522)
[2020.04.01-19.01.44:703][284]LogModuleManager: Shutting down and abandoning module ProfilerClient (520)
[2020.04.01-19.01.44:756][284]LogModuleManager: Shutting down and abandoning module DeviceManager (518)
[2020.04.01-19.01.44:771][284]LogModuleManager: Shutting down and abandoning module TargetDeviceServices (517)
[2020.04.01-19.01.44:845][284]LogModuleManager: Shutting down and abandoning module AutomationController (514)
[2020.04.01-19.01.45:128][284]LogModuleManager: Shutting down and abandoning module AutomationWindow (512)
[2020.04.01-19.01.45:143][284]LogModuleManager: Shutting down and abandoning module Layers (510)
[2020.04.01-19.01.45:162][284]LogModuleManager: Shutting down and abandoning module ComponentVisualizers (508)
[2020.04.01-19.01.45:162][284]LogModuleManager: Shutting down and abandoning module DetailCustomizations (506)
[2020.04.01-19.01.45:174][284]LogModuleManager: Shutting down and abandoning module PackagesDialog (504)
[2020.04.01-19.01.45:174][284]LogModuleManager: Shutting down and abandoning module AnimationBlueprintEditor (502)
[2020.04.01-19.01.45:235][284]LogModuleManager: Shutting down and abandoning module Persona (500)
[2020.04.01-19.01.45:271][284]LogModuleManager: Shutting down and abandoning module AdvancedPreviewScene (499)
[2020.04.01-19.01.45:271][284]LogModuleManager: Shutting down and abandoning module AnimGraph (497)
[2020.04.01-19.01.45:271][284]LogModuleManager: Shutting down and abandoning module Kismet (494)
[2020.04.01-19.01.45:388][284]LogModuleManager: Shutting down and abandoning module KismetWidgets (493)
[2020.04.01-19.01.45:401][284]LogModuleManager: Shutting down and abandoning module GraphEditor (490)
[2020.04.01-19.01.45:497][284]LogModuleManager: Shutting down and abandoning module StructViewer (488)
[2020.04.01-19.01.45:497][284]LogModuleManager: Shutting down and abandoning module ClassViewer (486)
[2020.04.01-19.01.45:497][284]LogModuleManager: Shutting down and abandoning module Toolbox (484)
[2020.04.01-19.01.45:497][284]LogModuleManager: Shutting down and abandoning module ModuleUI (482)
[2020.04.01-19.01.45:519][284]LogModuleManager: Shutting down and abandoning module MovieSceneTools (480)
[2020.04.01-19.01.45:542][284]LogModuleManager: Shutting down and abandoning module OutputLog (478)
[2020.04.01-19.01.45:550][284]LogModuleManager: Shutting down and abandoning module GammaUI (476)
[2020.04.01-19.01.45:563][284]LogModuleManager: Shutting down and abandoning module Documentation (474)
[2020.04.01-19.01.45:564][284]LogModuleManager: Shutting down and abandoning module LiveCoding (472)
[2020.04.01-19.01.45:622][284]LogModuleManager: Shutting down and abandoning module LevelSequence (470)
[2020.04.01-19.01.45:622][284]LogModuleManager: Shutting down and abandoning module MovieSceneTracks (468)
[2020.04.01-19.01.45:622][284]LogModuleManager: Shutting down and abandoning module MovieScene (466)
[2020.04.01-19.01.45:634][284]LogModuleManager: Shutting down and abandoning module StreamingPauseRendering (464)
[2020.04.01-19.01.45:657][284]LogModuleManager: Shutting down and abandoning module LauncherPlatform (462)
[2020.04.01-19.01.45:657][284]LogModuleManager: Shutting down and abandoning module AnalyticsET (460)
[2020.04.01-19.01.45:658][284]LogModuleManager: Shutting down and abandoning module PortalServices (458)
[2020.04.01-19.01.45:658][284]LogModuleManager: Shutting down and abandoning module PortalRpc (456)
[2020.04.01-19.01.45:658][284]LogModuleManager: Shutting down and abandoning module MessagingRpc (454)
[2020.04.01-19.01.45:658][284]LogModuleManager: Shutting down and abandoning module AIModule (452)
[2020.04.01-19.01.45:671][284]LogModuleManager: Shutting down and abandoning module GameplayDebugger (451)
[2020.04.01-19.01.45:684][284]LogModuleManager: Shutting down and abandoning module AITestSuite (449)
[2020.04.01-19.01.45:684][284]LogModuleManager: Shutting down and abandoning module NavigationSystem (447)
[2020.04.01-19.01.45:684][284]LogModuleManager: Shutting down and abandoning module DesktopPlatform (444)
[2020.04.01-19.01.45:699][284]LogModuleManager: Shutting down and abandoning module ImageWriteQueue (442)
[2020.04.01-19.01.45:705][284]LogModuleManager: Shutting down and abandoning module ProfilerService (440)
[2020.04.01-19.01.45:907][284]LogModuleManager: Shutting down and abandoning module TaskGraph (438)
[2020.04.01-19.01.45:999][284]LogModuleManager: Shutting down and abandoning module ScreenshotTools (436)
[2020.04.01-19.01.45:999][284]LogModuleManager: Shutting down and abandoning module SteamVRController (434)
[2020.04.01-19.01.45:999][284]LogModuleManager: Shutting down and abandoning module ProceduralMeshComponentEditor (432)
[2020.04.01-19.01.45:999][284]LogModuleManager: Shutting down and abandoning module ProceduralMeshComponent (430)
[2020.04.01-19.01.46:016][284]LogModuleManager: Shutting down and abandoning module OculusEditor (428)
[2020.04.01-19.01.46:016][284]LogModuleManager: Shutting down and abandoning module OculusInput (426)
[2020.04.01-19.01.46:016][284]LogModuleManager: Shutting down and abandoning module MobilePatchingUtils (424)
[2020.04.01-19.01.46:016][284]LogModuleManager: Shutting down and abandoning module EditableMesh (422)
[2020.04.01-19.01.46:062][284]LogModuleManager: Shutting down and abandoning module CustomMeshComponent (420)
[2020.04.01-19.01.46:062][284]LogModuleManager: Shutting down and abandoning module CableComponent (418)
[2020.04.01-19.01.46:062][284]LogModuleManager: Shutting down and abandoning module AudioCapture (416)
[2020.04.01-19.01.46:062][284]LogModuleManager: Shutting down and abandoning module ArchVisCharacter (414)
[2020.04.01-19.01.46:062][284]LogModuleManager: Shutting down and abandoning module AppleImageUtilsBlueprintSupport (412)
[2020.04.01-19.01.46:062][284]LogModuleManager: Shutting down and abandoning module AppleImageUtils (410)
[2020.04.01-19.01.46:062][284]LogModuleManager: Shutting down and abandoning module AndroidPermission (408)
[2020.04.01-19.01.46:062][284]LogModuleManager: Shutting down and abandoning module NUTUnrealEngine4 (406)
[2020.04.01-19.01.46:130][284]LogModuleManager: Shutting down and abandoning module NetcodeUnitTest (404)
[2020.04.01-19.01.46:225][284]LogModuleManager: Shutting down and abandoning module MediaCompositing (402)
[2020.04.01-19.01.46:225][284]LogModuleManager: Shutting down and abandoning module ImgMedia (400)
[2020.04.01-19.01.46:249][284]LogModuleManager: Shutting down and abandoning module MagicLeapHelperVulkan (398)
[2020.04.01-19.01.46:249][284]LogModuleManager: Shutting down and abandoning module MagicLeapHelperOpenGL (396)
[2020.04.01-19.01.46:249][284]LogModuleManager: Shutting down and abandoning module MagicLeapAudio (394)
[2020.04.01-19.01.46:270][284]LogModuleManager: Shutting down and abandoning module NiagaraEditorWidgets (392)
[2020.04.01-19.01.46:295][284]LogModuleManager: Shutting down and abandoning module HTML5Networking (390)
[2020.04.01-19.01.46:295][284]LogModuleManager: Shutting down and abandoning module GeometryCacheTracks (388)
[2020.04.01-19.01.46:295][284]LogModuleManager: Shutting down and abandoning module GeometryCacheSequencer (386)
[2020.04.01-19.01.46:295][284]LogModuleManager: Shutting down and abandoning module BackChannel (384)
[2020.04.01-19.01.46:315][284]LogModuleManager: Shutting down and abandoning module AutomationUtilsEditor (382)
[2020.04.01-19.01.46:315][284]LogModuleManager: Shutting down and abandoning module AutomationUtils (380)
[2020.04.01-19.01.46:315][284]LogModuleManager: Shutting down and abandoning module AlembicImporter (378)
[2020.04.01-19.01.46:357][284]LogModuleManager: Shutting down and abandoning module AlembicLibrary (377)
[2020.04.01-19.01.46:357][284]LogModuleManager: Shutting down and abandoning module GeometryCache (376)
[2020.04.01-19.01.46:357][284]LogModuleManager: Shutting down and abandoning module GeometryCacheEd (375)
[2020.04.01-19.01.46:357][284]LogModuleManager: Shutting down and abandoning module VariantManagerContent (370)
[2020.04.01-19.01.46:358][284]LogModuleManager: Shutting down and abandoning module DatasmithContentEditor (368)
[2020.04.01-19.01.46:358][284]LogModuleManager: Shutting down and abandoning module SpeedTreeImporter (366)
[2020.04.01-19.01.46:358][284]LogModuleManager: Shutting down and abandoning module PluginBrowser (364)
[2020.04.01-19.01.46:536][284]LogModuleManager: Shutting down and abandoning module MobileLauncherProfileWizard (362)
[2020.04.01-19.01.46:552][284]LogModuleManager: Shutting down and abandoning module MaterialAnalyzer (360)
[2020.04.01-19.01.46:568][284]LogModuleManager: Shutting down and abandoning module CurveEditorTools (358)
[2020.04.01-19.01.46:608][284]LogModuleManager: Shutting down and abandoning module CurveEditor (357)
[2020.04.01-19.01.46:642][284]LogModuleManager: Shutting down and abandoning module CryptoKeysOpenSSL (354)
[2020.04.01-19.01.46:642][284]LogModuleManager: Shutting down and abandoning module CryptoKeys (352)
[2020.04.01-19.01.46:642][284]LogModuleManager: Shutting down and abandoning module VisualStudioSourceCodeAccess (350)
[2020.04.01-19.01.46:658][284]LogModuleManager: Shutting down and abandoning module VisualStudioCodeSourceCodeAccess (348)
[2020.04.01-19.01.46:658][284]LogModuleManager: Shutting down and abandoning module UObjectPlugin (346)
[2020.04.01-19.01.46:658][284]LogModuleManager: Shutting down and abandoning module SubversionSourceControl (344)
[2020.04.01-19.01.46:669][284]LogModuleManager: Shutting down and abandoning module PerforceSourceControl (342)
[2020.04.01-19.01.46:688][284]LogModuleManager: Shutting down and abandoning module GitSourceControl (340)
[2020.04.01-19.01.46:705][284]LogModuleManager: Shutting down and abandoning module SourceControl (339)
[2020.04.01-19.01.46:705][284]LogModuleManager: Shutting down and abandoning module CLionSourceCodeAccess (336)
[2020.04.01-19.01.46:705][284]LogModuleManager: Shutting down and abandoning module AnimationSharingEd (334)
[2020.04.01-19.01.46:705][284]LogModuleManager: Shutting down and abandoning module ActorLayerUtilitiesEditor (332)
[2020.04.01-19.01.46:705][284]LogModuleManager: Shutting down and abandoning module ActorLayerUtilities (330)
[2020.04.01-19.01.46:705][284]LogModuleManager: Shutting down and abandoning module LightPropagationVolumeEditor (328)
[2020.04.01-19.01.46:705][284]LogModuleManager: Shutting down and abandoning module PaperTiledImporter (326)
[2020.04.01-19.01.46:705][284]LogModuleManager: Shutting down and abandoning module PaperSpriteSheetImporter (324)
[2020.04.01-19.01.46:705][284]LogModuleManager: Shutting down and abandoning module Paper2DEditor (322)
[2020.04.01-19.01.46:779][284]LogModuleManager: Shutting down and abandoning module SignificanceManager (320)
[2020.04.01-19.01.46:779][284]LogModuleManager: Shutting down and abandoning module RuntimePhysXCooking (318)
[2020.04.01-19.01.46:779][284]LogModuleManager: Shutting down and abandoning module PhysXVehiclesEditor (316)
[2020.04.01-19.01.46:779][284]LogModuleManager: Shutting down and abandoning module LocationServicesBPLibrary (312)
[2020.04.01-19.01.46:779][284]LogModuleManager: Shutting down and abandoning module ActorSequence (310)
[2020.04.01-19.01.46:779][284]LogModuleManager: Shutting down and abandoning module UdpMessaging (308)
[2020.04.01-19.01.46:879][284]LogModuleManager: Shutting down and abandoning module TcpMessaging (306)
[2020.04.01-19.01.47:071][284]LogModuleManager: Shutting down and abandoning module MagicLeapIdentity (304)
[2020.04.01-19.01.47:071][284]LogModuleManager: Shutting down and abandoning module MagicLeapSecureStorage (302)
[2020.04.01-19.01.47:071][284]LogModuleManager: Shutting down and abandoning module MagicLeapHandTracking (300)
[2020.04.01-19.01.47:078][284]LogModuleManager: Shutting down and abandoning module MagicLeapEyeTracker (298)
[2020.04.01-19.01.47:079][284]LogModuleManager: Shutting down and abandoning module MagicLeapController (296)
[2020.04.01-19.01.47:086][284]LogSlate: Slate User Destroyed.  User Index 0, Is Virtual User: 0
[2020.04.01-19.01.47:087][284]LogModuleManager: Shutting down and abandoning module MagicLeapAR (294)
[2020.04.01-19.01.47:087][284]LogModuleManager: Shutting down and abandoning module AugmentedReality (293)
[2020.04.01-19.01.47:087][284]LogModuleManager: Shutting down and abandoning module NiagaraEditor (290)
[2020.04.01-19.01.47:166][284]LogModuleManager: Shutting down and abandoning module NiagaraAnimNotifies (288)
[2020.04.01-19.01.47:167][284]LogModuleManager: Shutting down and abandoning module Niagara (286)
[2020.04.01-19.01.47:224][284]LogModuleManager: Shutting down and abandoning module NiagaraCore (284)
[2020.04.01-19.01.47:225][284]LogModuleManager: Shutting down and abandoning module GameplayTagsEditor (282)
[2020.04.01-19.01.47:237][284]LogModuleManager: Shutting down and abandoning module FacialAnimationEditor (280)
[2020.04.01-19.01.47:237][284]LogModuleManager: Shutting down and abandoning module FacialAnimation (278)
[2020.04.01-19.01.47:237][284]LogModuleManager: Shutting down and abandoning module DataValidation (276)
[2020.04.01-19.01.47:282][284]LogModuleManager: Shutting down and abandoning module AssetManagerEditor (274)
[2020.04.01-19.01.47:378][284]LogModuleManager: Shutting down and abandoning module LevelEditor (273)
[2020.04.01-19.01.47:481][284]LogModuleManager: Shutting down and abandoning module PixelInspectorModule (272)
[2020.04.01-19.01.47:546][284]LogModuleManager: Shutting down and abandoning module CommonMenuExtensions (270)
[2020.04.01-19.01.47:547][284]LogModuleManager: Shutting down and abandoning module MainFrame (268)
[2020.04.01-19.01.47:547][284]LogModuleManager: Shutting down and abandoning module HotReload (267)
[2020.04.01-19.01.47:590][284]LogModuleManager: Shutting down and abandoning module ContentBrowser (263)
[2020.04.01-19.01.47:592][284]LogModuleManager: Shutting down and abandoning module TreeMap (261)
[2020.04.01-19.01.47:723][284]LogModuleManager: Shutting down and abandoning module AnimationSharing (258)
[2020.04.01-19.01.47:723][284]LogModuleManager: Shutting down and abandoning module LightPropagationVolumeRuntime (256)
[2020.04.01-19.01.47:723][284]LogModuleManager: Shutting down and abandoning module Paper2D (254)
[2020.04.01-19.01.47:775][284]LogModuleManager: Shutting down and abandoning module WindowsMoviePlayer (252)
[2020.04.01-19.01.47:807][284]LogModuleManager: Shutting down and abandoning module WebMMoviePlayer (250)
[2020.04.01-19.01.47:850][284]LogModuleManager: Shutting down and abandoning module NetworkReplayStreaming (248)
[2020.04.01-19.01.47:850][284]LogModuleManager: Shutting down and abandoning module PacketHandler (246)
[2020.04.01-19.01.47:850][284]LogModuleManager: Shutting down and abandoning module ClothingSystemEditor (244)
[2020.04.01-19.01.47:850][284]LogModuleManager: Shutting down and abandoning module ClothingSystemRuntime (242)
[2020.04.01-19.01.47:865][284]LogModuleManager: Shutting down and abandoning module MediaAssets (240)
[2020.04.01-19.01.47:865][284]LogModuleManager: Shutting down and abandoning module Overlay (238)
[2020.04.01-19.01.47:865][284]LogModuleManager: Shutting down and abandoning module OverlayEditor (237)
[2020.04.01-19.01.47:865][284]LogModuleManager: Shutting down and abandoning module VREditor (234)
[2020.04.01-19.01.47:880][284]LogModuleManager: Shutting down and abandoning module StringTableEditor (232)
[2020.04.01-19.01.47:921][284]LogModuleManager: Shutting down and abandoning module GameplayTasksEditor (230)
[2020.04.01-19.01.47:921][284]LogModuleManager: Shutting down and abandoning module BehaviorTreeEditor (228)
[2020.04.01-19.01.48:199][284]LogModuleManager: Shutting down and abandoning module FunctionalTesting (226)
[2020.04.01-19.01.48:215][284]LogModuleManager: Shutting down and abandoning module CollisionAnalyzer (224)
[2020.04.01-19.01.48:245][284]LogModuleManager: Shutting down and abandoning module WorkspaceMenuStructure (223)
[2020.04.01-19.01.48:246][284]LogModuleManager: Shutting down and abandoning module UMG (220)
[2020.04.01-19.01.48:274][284]LogModuleManager: Shutting down and abandoning module UMGEditor (219)
[2020.04.01-19.01.48:291][284]LogModuleManager: Shutting down and abandoning module Sequencer (218)
[2020.04.01-19.01.48:608][284]LogModuleManager: Shutting down and abandoning module MessageLog (215)
[2020.04.01-19.01.48:608][284]LogModuleManager: Shutting down and abandoning module SlateReflector (210)
[2020.04.01-19.01.48:657][284]LogModuleManager: Shutting down and abandoning module Slate (208)
[2020.04.01-19.01.48:657][284]LogModuleManager: Shutting down and abandoning module LandscapeEditorUtilities (206)
[2020.04.01-19.01.48:657][284]LogModuleManager: Shutting down and abandoning module EditorStyle (204)
[2020.04.01-19.01.48:659][284]LogModuleManager: Shutting down and abandoning module UnrealEd (202)
[2020.04.01-19.01.48:677][284]LogModuleManager: Shutting down and abandoning module MRMesh (200)
[2020.04.01-19.01.48:677][284]LogModuleManager: Shutting down and abandoning module SourceCodeAccess (198)
[2020.04.01-19.01.48:677][284]LogModuleManager: Shutting down and abandoning module HeadMountedDisplay (196)
[2020.04.01-19.01.48:677][284]LogModuleManager: Shutting down and abandoning module XAudio2 (194)
[2020.04.01-19.01.48:678][284]LogModuleManager: Shutting down and abandoning module Networking (192)
[2020.04.01-19.01.48:678][284]LogModuleManager: Shutting down and abandoning module Core (190)
[2020.04.01-19.01.48:678][284]LogModuleManager: Shutting down and abandoning module KismetCompiler (188)
[2020.04.01-19.01.48:678][284]LogModuleManager: Shutting down and abandoning module MeshUtilities (186)
[2020.04.01-19.01.48:678][284]LogModuleManager: Shutting down and abandoning module MeshMergeUtilities (185)
[2020.04.01-19.01.48:759][284]LogModuleManager: Shutting down and abandoning module MeshReductionInterface (184)
[2020.04.01-19.01.48:759][284]LogModuleManager: Shutting down and abandoning module SkeletalMeshReduction (183)
[2020.04.01-19.01.48:774][284]LogModuleManager: Shutting down and abandoning module ProxyLODMeshReduction (181)
[2020.04.01-19.01.48:825][284]LogModuleManager: Shutting down and abandoning module QuadricMeshReduction (179)
[2020.04.01-19.01.48:838][284]LogModuleManager: Shutting down and abandoning module MaterialBaking (175)
[2020.04.01-19.01.48:864][284]LogModuleManager: Shutting down and abandoning module NullInstallBundleManager (170)
[2020.04.01-19.01.48:864][284]LogModuleManager: Shutting down and abandoning module DerivedDataCache (168)
[2020.04.01-19.01.48:889][284]LogDerivedDataCache: Shutdown
[2020.04.01-19.01.48:890][284]LogModuleManager: Shutting down and abandoning module XGEController (166)
[2020.04.01-19.01.48:890][284]LogXGEController: Cleaning working directory: C:/Users/Nag/AppData/Local/Temp/UnrealXGEWorkingDir/
[2020.04.01-19.01.48:900][284]LogModuleManager: Shutting down and abandoning module TargetPlatform (164)
[2020.04.01-19.01.48:923][284]LogModuleManager: Shutting down and abandoning module VulkanShaderFormat (163)
[2020.04.01-19.01.48:939][284]LogModuleManager: Shutting down and abandoning module ShaderFormatVectorVM (161)
[2020.04.01-19.01.48:956][284]LogModuleManager: Shutting down and abandoning module ShaderFormatOpenGL (159)
[2020.04.01-19.01.48:966][284]LogModuleManager: Shutting down and abandoning module ShaderFormatD3D (157)
[2020.04.01-19.01.49:013][284]LogModuleManager: Shutting down and abandoning module MetalShaderFormat (155)
[2020.04.01-19.01.49:035][284]LogModuleManager: Shutting down and abandoning module TextureFormatUncompressed (153)
[2020.04.01-19.01.49:035][284]LogModuleManager: Shutting down and abandoning module TextureFormatPVR (151)
[2020.04.01-19.01.49:035][284]LogModuleManager: Shutting down and abandoning module TextureFormatDXT (149)
[2020.04.01-19.01.49:046][284]LogModuleManager: Shutting down and abandoning module TextureFormatIntelISPCTexComp (147)
[2020.04.01-19.01.49:051][284]LogModuleManager: Shutting down and abandoning module TextureFormatASTC (145)
[2020.04.01-19.01.49:051][284]LogModuleManager: Shutting down and abandoning module ImageWrapper (144)
[2020.04.01-19.01.49:051][284]LogModuleManager: Shutting down and abandoning module TextureFormatAndroid (141)
[2020.04.01-19.01.49:051][284]LogModuleManager: Shutting down and abandoning module AudioFormatOpus (139)
[2020.04.01-19.01.49:057][284]LogModuleManager: Shutting down and abandoning module AudioFormatOgg (137)
[2020.04.01-19.01.49:057][284]LogModuleManager: Shutting down and abandoning module AudioFormatADPCM (135)
[2020.04.01-19.01.49:057][284]LogModuleManager: Shutting down and abandoning module LuminTargetPlatform (133)
[2020.04.01-19.01.49:074][284]LogModuleManager: Shutting down and abandoning module LinuxTargetPlatform (131)
[2020.04.01-19.01.49:074][284]LogModuleManager: Shutting down and abandoning module LinuxServerTargetPlatform (129)
[2020.04.01-19.01.49:096][284]LogModuleManager: Shutting down and abandoning module LinuxNoEditorTargetPlatform (127)
[2020.04.01-19.01.49:112][284]LogModuleManager: Shutting down and abandoning module LinuxClientTargetPlatform (125)
[2020.04.01-19.01.49:125][284]LogModuleManager: Shutting down and abandoning module TVOSTargetPlatform (123)
[2020.04.01-19.01.49:127][284]LogModuleManager: Shutting down and abandoning module Messaging (121)
[2020.04.01-19.01.49:127][284]LogModuleManager: Shutting down and abandoning module IOSTargetPlatform (119)
[2020.04.01-19.01.49:128][284]LogModuleManager: Shutting down and abandoning module HTML5TargetPlatform (117)
[2020.04.01-19.01.49:128][284]LogModuleManager: Shutting down and abandoning module AndroidTargetPlatform (115)
[2020.04.01-19.01.49:136][284]LogModuleManager: Shutting down and abandoning module WindowsTargetPlatform (113)
[2020.04.01-19.01.49:136][284]LogModuleManager: Shutting down and abandoning module WindowsServerTargetPlatform (111)
[2020.04.01-19.01.49:136][284]LogModuleManager: Shutting down and abandoning module WindowsNoEditorTargetPlatform (109)
[2020.04.01-19.01.49:136][284]LogModuleManager: Shutting down and abandoning module WindowsClientTargetPlatform (107)
[2020.04.01-19.01.49:136][284]LogModuleManager: Shutting down and abandoning module MacTargetPlatform (105)
[2020.04.01-19.01.49:136][284]LogModuleManager: Shutting down and abandoning module MacServerTargetPlatform (103)
[2020.04.01-19.01.49:136][284]LogModuleManager: Shutting down and abandoning module MacNoEditorTargetPlatform (101)
[2020.04.01-19.01.49:136][284]LogModuleManager: Shutting down and abandoning module MacClientTargetPlatform (99)
[2020.04.01-19.01.49:136][284]LogModuleManager: Shutting down and abandoning module AllDesktopTargetPlatform (97)
[2020.04.01-19.01.49:136][284]LogModuleManager: Shutting down and abandoning module InputCore (94)
[2020.04.01-19.01.49:136][284]LogModuleManager: Shutting down and abandoning module Settings (92)
[2020.04.01-19.01.49:136][284]LogModuleManager: Shutting down and abandoning module DirectoryWatcher (90)
[2020.04.01-19.01.49:137][284]LogModuleManager: Shutting down and abandoning module PhysXCooking (88)
[2020.04.01-19.01.49:137][284]LogModuleManager: Shutting down and abandoning module WindowsPlatformFeatures (86)
[2020.04.01-19.01.49:137][284]LogModuleManager: Shutting down and abandoning module GameplayMediaEncoder (85)
[2020.04.01-19.01.49:157][284]LogModuleManager: Shutting down and abandoning module SteamVR (82)
[2020.04.01-19.01.49:169][284]LogHMD: Freeing OpenVRDLLHandle.
[2020.04.01-19.01.49:170][284]LogModuleManager: Shutting down and abandoning module OculusHMD (80)
[2020.04.01-19.01.49:188][284]LogModuleManager: Shutting down and abandoning module ExampleDeviceProfileSelector (78)
[2020.04.01-19.01.49:188][284]LogModuleManager: Shutting down and abandoning module LauncherChunkInstaller (76)
[2020.04.01-19.01.49:188][284]LogModuleManager: Shutting down and abandoning module OnlineBlueprintSupport (74)
[2020.04.01-19.01.49:188][284]LogModuleManager: Shutting down and abandoning module OnlineSubsystem (70)
[2020.04.01-19.01.49:274][284]LogModuleManager: Shutting down and abandoning module XMPP (65)
[2020.04.01-19.01.49:353][284]LogModuleManager: Shutting down and abandoning module WebSockets (64)
[2020.04.01-19.01.49:408][284]LogModuleManager: Shutting down and abandoning module HTTP (61)
[2020.04.01-19.01.49:408][284]LogHttp: Display: Http module shutting down, but needs to wait on 1 outstanding Http requests:
[2020.04.01-19.01.49:408][284]LogHttp: Display: 	verb=[POST] url=[https://datarouter.ol.epicgames.com/datarouter/api/v1/public/data?SessionID=%7B3E0D9712-40B9-CB13-5873-4EB5FBBA7D10%7D&AppID=UEEditor.Rocket.Release&AppVersion=4.23.1-9631420%2B%2B%2BUE4%2BRelease-4.23&UserID=a258e95247dfccee946f099bb36d6f7f%7C0bb57250338640e1b49c428792e44b43%7Ca1267251-75e2-45dc-8208-252f8df2568a&AppEnvironment=datacollector-binary&UploadType=eteventstream] status=Processing
[2020.04.01-19.01.49:411][284]LogModuleManager: Shutting down and abandoning module SSL (60)
[2020.04.01-19.01.49:413][284]LogModuleManager: Shutting down and abandoning module WmfMedia (56)
[2020.04.01-19.01.49:437][284]LogModuleManager: Shutting down and abandoning module Media (55)
[2020.04.01-19.01.49:438][284]LogModuleManager: Shutting down and abandoning module MagicLeap (52)
[2020.04.01-19.01.49:438][284]LogModuleManager: Shutting down and abandoning module NiagaraVertexFactories (50)
[2020.04.01-19.01.49:438][284]LogModuleManager: Shutting down and abandoning module NiagaraShader (48)
[2020.04.01-19.01.49:438][284]LogModuleManager: Shutting down and abandoning module DatasmithContent (46)
[2020.04.01-19.01.49:439][284]LogModuleManager: Shutting down and abandoning module AISupportModule (44)
[2020.04.01-19.01.49:439][284]LogModuleManager: Shutting down and abandoning module PlatformCryptoOpenSSL (42)
[2020.04.01-19.01.49:456][284]LogModuleManager: Shutting down and abandoning module PlatformCrypto (40)
[2020.04.01-19.01.49:456][284]LogModuleManager: Shutting down and abandoning module AnimationModifiers (38)
[2020.04.01-19.01.49:475][284]LogModuleManager: Shutting down and abandoning module PropertyEditor (37)
[2020.04.01-19.01.49:563][284]LogModuleManager: Shutting down and abandoning module AudioEditor (34)
[2020.04.01-19.01.49:608][284]LogModuleManager: Shutting down and abandoning module TextureCompressor (32)
[2020.04.01-19.01.49:620][284]LogModuleManager: Shutting down and abandoning module RenderCore (30)
[2020.04.01-19.01.49:620][284]LogModuleManager: Shutting down and abandoning module Landscape (28)
[2020.04.01-19.01.49:620][284]LogModuleManager: Shutting down and abandoning module SlateRHIRenderer (26)
[2020.04.01-19.01.49:647][284]LogModuleManager: Shutting down and abandoning module OpenGLDrv (24)
[2020.04.01-19.01.49:691][284]LogModuleManager: Shutting down and abandoning module D3D11RHI (22)
[2020.04.01-19.01.49:692][284]LogModuleManager: Shutting down and abandoning module AnimGraphRuntime (20)
[2020.04.01-19.01.49:708][284]LogModuleManager: Shutting down and abandoning module Renderer (18)
[2020.04.01-19.01.49:709][284]LogModuleManager: Shutting down and abandoning module Engine (16)
[2020.04.01-19.01.49:709][284]LogModuleManager: Shutting down and abandoning module CoreUObject (14)
[2020.04.01-19.01.49:709][284]LogModuleManager: Shutting down and abandoning module NetworkFile (12)
[2020.04.01-19.01.49:730][284]LogModuleManager: Shutting down and abandoning module CookedIterativeFile (10)
[2020.04.01-19.01.49:730][284]LogModuleManager: Shutting down and abandoning module StreamingFile (8)
[2020.04.01-19.01.49:742][284]LogModuleManager: Shutting down and abandoning module SandboxFile (6)
[2020.04.01-19.01.49:742][284]LogModuleManager: Shutting down and abandoning module PakFile (4)
[2020.04.01-19.01.49:742][284]LogModuleManager: Shutting down and abandoning module RSA (3)
[2020.04.01-19.01.49:793][284]LogD3D11RHI: Shutdown
[2020.04.01-19.01.49:807][284]LogD3D11RHI: CleanupD3DDevice
[2020.04.01-19.01.50:122][284]LogRendererCore: FGlobalDynamicReadBuffer::Cleanup()
[2020.04.01-19.01.50:189][284]LogRendererCore: FGlobalDynamicReadBuffer::Cleanup()
[2020.04.01-19.01.50:189][284]LogRendererCore: FGlobalDynamicReadBuffer::Cleanup()
[2020.04.01-19.01.50:729][284]LogD3D11RHI: ~FD3D11DynamicRHI
[2020.04.01-19.01.50:845][284]LogExit: Exiting.
[2020.04.01-19.01.50:953][284]Log file closed, 04/02/20 00:31:50
