Log file open, 04/02/20 20:54:02
LogWindows: Failed to load 'aqProf.dll' (GetLastError=126)
LogWindows: File 'aqProf.dll' does not exist
LogWindows: Failed to load 'VtuneApi.dll' (GetLastError=126)
LogWindows: File 'VtuneApi.dll' does not exist
LogWindows: Failed to load 'VtuneApi32e.dll' (GetLastError=126)
LogWindows: File 'VtuneApi32e.dll' does not exist
LogConsoleResponse: Display: Failed to find resolution value strings in scalability ini. Falling back to default.
LogInit: Display: Running engine for game: Zombie_Game
LogPlatformFile: Not using cached read wrapper
LogTaskGraph: Started task graph with 5 named threads and 23 total threads with 3 sets of task threads.
LogStats: Stats thread started at 0.408630
LogD3D11RHI: Loaded GFSDK_Aftermath_Lib.x64.dll
LogICUInternationalization: ICU TimeZone Detection - Raw Offset: +5:30, Platform Override: ''
LogPluginManager: Mounting plugin Paper2D
LogPluginManager: Mounting plugin AISupport
LogPluginManager: Mounting plugin LightPropagationVolume
LogPluginManager: Mounting plugin ActorLayerUtilities
LogPluginManager: Mounting plugin AnimationSharing
LogPluginManager: Mounting plugin CLionSourceCodeAccess
LogPluginManager: Mounting plugin CodeLiteSourceCodeAccess
LogPluginManager: Mounting plugin GitSourceControl
LogPluginManager: Mounting plugin KDevelopSourceCodeAccess
LogPluginManager: Mounting plugin NullSourceCodeAccess
LogPluginManager: Mounting plugin PerforceSourceControl
LogPluginManager: Mounting plugin SubversionSourceControl
LogPluginManager: Mounting plugin UObjectPlugin
LogPluginManager: Mounting plugin VisualStudioCodeSourceCodeAccess
LogPluginManager: Mounting plugin VisualStudioSourceCodeAccess
LogPluginManager: Mounting plugin XCodeSourceCodeAccess
LogPluginManager: Mounting plugin AssetManagerEditor
LogPluginManager: Mounting plugin CryptoKeys
LogPluginManager: Mounting plugin CurveEditorTools
LogPluginManager: Mounting plugin DataValidation
LogPluginManager: Mounting plugin FacialAnimation
LogPluginManager: Mounting plugin GameplayTagsEditor
LogPluginManager: Mounting plugin MacGraphicsSwitching
LogPluginManager: Mounting plugin MaterialAnalyzer
LogPluginManager: Mounting plugin MobileLauncherProfileWizard
LogPluginManager: Mounting plugin PluginBrowser
LogPluginManager: Mounting plugin SpeedTreeImporter
LogPluginManager: Mounting plugin DatasmithContent
LogPluginManager: Mounting plugin VariantManagerContent
LogPluginManager: Mounting plugin AlembicImporter
LogPluginManager: Mounting plugin AutomationUtils
LogPluginManager: Mounting plugin BackChannel
LogPluginManager: Mounting plugin CharacterAI
LogPluginManager: Mounting plugin GeometryCache
LogPluginManager: Mounting plugin HTML5Networking
LogPluginManager: Mounting plugin PlatformCrypto
LogPluginManager: Mounting plugin ProxyLODPlugin
LogPluginManager: Mounting plugin SkeletalReduction
LogPluginManager: Mounting plugin Niagara
LogPluginManager: Mounting plugin NiagaraExtras
LogPluginManager: Mounting plugin MagicLeap
LogPluginManager: Mounting plugin MagicLeapMedia
LogPluginManager: Mounting plugin AndroidMedia
LogPluginManager: Mounting plugin AvfMedia
LogPluginManager: Mounting plugin ImgMedia
LogPluginManager: Mounting plugin MediaCompositing
LogPluginManager: Mounting plugin MediaPlayerEditor
LogPluginManager: Mounting plugin WebMMedia
LogPluginManager: Mounting plugin WmfMedia
LogPluginManager: Mounting plugin TcpMessaging
LogPluginManager: Mounting plugin UdpMessaging
LogPluginManager: Mounting plugin ActorSequence
LogPluginManager: Mounting plugin LevelSequenceEditor
LogPluginManager: Mounting plugin MatineeToLevelSequence
LogPluginManager: Mounting plugin NetcodeUnitTest
LogPluginManager: Mounting plugin NUTUnrealEngine4
LogPluginManager: Mounting plugin OnlineSubsystemGooglePlay
LogPluginManager: Mounting plugin OnlineSubsystemIOS
LogPluginManager: Mounting plugin OnlineSubsystem
LogPluginManager: Mounting plugin OnlineSubsystemNull
LogPluginManager: Mounting plugin OnlineSubsystemUtils
LogPluginManager: Mounting plugin LauncherChunkInstaller
LogPluginManager: Mounting plugin AndroidDeviceProfileSelector
LogPluginManager: Mounting plugin AndroidMoviePlayer
LogPluginManager: Mounting plugin AndroidPermission
LogPluginManager: Mounting plugin AppleImageUtils
LogPluginManager: Mounting plugin AppleMoviePlayer
LogPluginManager: Mounting plugin ArchVisCharacter
LogPluginManager: Mounting plugin AudioCapture
LogPluginManager: Mounting plugin CableComponent
LogPluginManager: Mounting plugin CustomMeshComponent
LogPluginManager: Mounting plugin EditableMesh
LogPluginManager: Mounting plugin ExampleDeviceProfileSelector
LogPluginManager: Mounting plugin GoogleCloudMessaging
LogPluginManager: Mounting plugin IOSDeviceProfileSelector
LogPluginManager: Mounting plugin LinuxDeviceProfileSelector
LogPluginManager: Mounting plugin LocationServicesBPLibrary
LogPluginManager: Mounting plugin MobilePatchingUtils
LogPluginManager: Mounting plugin OculusVR
LogPluginManager: Mounting plugin PhysXVehicles
LogPluginManager: Mounting plugin ProceduralMeshComponent
LogPluginManager: Mounting plugin RuntimePhysXCooking
LogPluginManager: Mounting plugin SignificanceManager
LogPluginManager: Mounting plugin SteamVR
LogPluginManager: Mounting plugin WebMMoviePlayer
LogPluginManager: Mounting plugin WindowsMoviePlayer
LogPluginManager: Mounting plugin ScreenshotTools
LogInit: Using libcurl 7.55.1-DEV
LogInit:  - built for x86_64-pc-win32
LogInit:  - supports SSL with OpenSSL/1.1.1
LogInit:  - supports HTTP deflate (compression) using libz 1.2.8
LogInit:  - other features:
LogInit:      CURL_VERSION_SSL
LogInit:      CURL_VERSION_LIBZ
LogInit:      CURL_VERSION_IPV6
LogInit:      CURL_VERSION_ASYNCHDNS
LogInit:      CURL_VERSION_LARGEFILE
LogInit:      CURL_VERSION_IDN
LogInit:  CurlRequestOptions (configurable via config and command line):
LogInit:  - bVerifyPeer = true  - Libcurl will verify peer certificate
LogInit:  - bUseHttpProxy = false  - Libcurl will NOT use HTTP proxy
LogInit:  - bDontReuseConnections = false  - Libcurl will reuse connections
LogInit:  - MaxHostConnections = 16  - Libcurl will limit the number of connections to a host
LogInit:  - LocalHostAddr = Default
LogInit:  - BufferSize = 65536
LogOnline: OSS: Creating online subsystem instance for: NULL
LogInit: WinSock: version 1.1 (2.2), MaxSocks=32767, MaxUdp=65467
LogInit: Build: ++UE4+Release-4.23-CL-9631420
LogInit: Engine Version: 4.23.1-9631420+++UE4+Release-4.23
LogInit: Compatible Engine Version: 4.23.0-8386587+++UE4+Release-4.23
LogInit: Net CL: 8386587
LogInit: OS: Windows 10 (Release 1809) (), CPU: Intel(R) Core(TM) i7-8550U CPU @ 1.80GHz, GPU: Intel(R) UHD Graphics 620
LogInit: Compiled (64-bit): Oct 18 2019 02:07:44
LogInit: Compiled with Visual C++: 19.16.27030.01
LogInit: Build Configuration: Development
LogInit: Branch Name: ++UE4+Release-4.23
LogInit: Command Line: 
LogInit: Base Directory: E:/SOFTWARES/Unreal/UE_4.23/Engine/Binaries/Win64/
LogInit: Installed Engine Build: 1
LogDevObjectVersion: Number of dev versions registered: 23
LogDevObjectVersion:   Dev-Blueprints (B0D832E4-1F89-4F0D-ACCF-7EB736FD4AA2): 10
LogDevObjectVersion:   Dev-Build (E1C64328-A22C-4D53-A36C-8E866417BD8C): 0
LogDevObjectVersion:   Dev-Core (375EC13C-06E4-48FB-B500-84F0262A717E): 3
LogDevObjectVersion:   Dev-Editor (E4B068ED-F494-42E9-A231-DA0B2E46BB41): 34
LogDevObjectVersion:   Dev-Framework (CFFC743F-43B0-4480-9391-14DF171D2073): 35
LogDevObjectVersion:   Dev-Mobile (B02B49B5-BB20-44E9-A304-32B752E40360): 2
LogDevObjectVersion:   Dev-Networking (A4E4105C-59A1-49B5-A7C5-40C4547EDFEE): 0
LogDevObjectVersion:   Dev-Online (39C831C9-5AE6-47DC-9A44-9C173E1C8E7C): 0
LogDevObjectVersion:   Dev-Physics (78F01B33-EBEA-4F98-B9B4-84EACCB95AA2): 0
LogDevObjectVersion:   Dev-Platform (6631380F-2D4D-43E0-8009-CF276956A95A): 0
LogDevObjectVersion:   Dev-Rendering (12F88B9F-8875-4AFC-A67C-D90C383ABD29): 31
LogDevObjectVersion:   Dev-Sequencer (7B5AE74C-D270-4C10-A958-57980B212A5A): 11
LogDevObjectVersion:   Dev-VR (D7296918-1DD6-4BDD-9DE2-64A83CC13884): 2
LogDevObjectVersion:   Dev-LoadTimes (C2A15278-BFE7-4AFE-6C17-90FF531DF755): 1
LogDevObjectVersion:   Private-Geometry (6EACA3D4-40EC-4CC1-B786-8BED09428FC5): 3
LogDevObjectVersion:   Dev-AnimPhys (29E575DD-E0A3-4627-9D10-D276232CDCEA): 17
LogDevObjectVersion:   Dev-Anim (AF43A65D-7FD3-4947-9873-3E8ED9C1BB05): 2
LogDevObjectVersion:   Dev-ReflectionCapture (6B266CEC-1EC7-4B8F-A30B-E4D90942FC07): 1
LogDevObjectVersion:   Dev-Automation (0DF73D61-A23F-47EA-B727-89E90C41499A): 1
LogDevObjectVersion:   FortniteMain (601D1886-AC64-4F84-AA16-D3DE0DEAC7D6): 27
LogDevObjectVersion:   Dev-Enterprise (9DFFBCD6-494F-0158-E221-12823C92A888): 6
LogDevObjectVersion:   Dev-Niagara (F2AED0AC-9AFE-416F-8664-AA7FFA26D6FC): 1
LogDevObjectVersion:   Dev-Destruction (174F1F0B-B4C6-45A5-B13F-2EE8D0FB917D): 9
LogInit: Presizing for max 16777216 objects, including 0 objects not considered by GC, pre-allocating 0 bytes for permanent pool.
LogInit: Object subsystem initialized
LogConfig: Setting CVar [[con.DebugEarlyDefault:1]]
LogConfig: Setting CVar [[r.setres:1280x720]]
[2020.04.02-15.24.09:634][  0]LogConfig: Setting CVar [[r.VSync:0]]
[2020.04.02-15.24.09:634][  0]LogConfig: Setting CVar [[r.RHICmdBypass:0]]
[2020.04.02-15.24.09:646][  0]LogConfig: Applying CVar settings from Section [/Script/Engine.RendererSettings] File [E:/Unreal Projects/Zombie_Game/Saved/Config/Windows/Engine.ini]
[2020.04.02-15.24.09:646][  0]LogConfig: Setting CVar [[r.GPUCrashDebugging:0]]
[2020.04.02-15.24.09:646][  0]LogConfig: Setting CVar [[r.MobileHDR:0]]
[2020.04.02-15.24.09:646][  0]LogConfig: Setting CVar [[r.DefaultFeature.AutoExposure:0]]
[2020.04.02-15.24.09:646][  0]LogConfig: Setting CVar [[r.EyeAdaptation.EditorOnly:1]]
[2020.04.02-15.24.09:646][  0]LogConfig: Applying CVar settings from Section [/Script/Engine.RendererOverrideSettings] File [E:/Unreal Projects/Zombie_Game/Saved/Config/Windows/Engine.ini]
[2020.04.02-15.24.09:646][  0]LogConfig: Applying CVar settings from Section [/Script/Engine.StreamingSettings] File [E:/Unreal Projects/Zombie_Game/Saved/Config/Windows/Engine.ini]
[2020.04.02-15.24.09:646][  0]LogConfig: Setting CVar [[s.MinBulkDataSizeForAsyncLoading:131072]]
[2020.04.02-15.24.09:646][  0]LogConfig: Setting CVar [[s.AsyncLoadingThreadEnabled:0]]
[2020.04.02-15.24.09:646][  0]LogConfig: Setting CVar [[s.EventDrivenLoaderEnabled:1]]
[2020.04.02-15.24.09:646][  0]LogConfig: Setting CVar [[s.WarnIfTimeLimitExceeded:0]]
[2020.04.02-15.24.09:646][  0]LogConfig: Setting CVar [[s.TimeLimitExceededMultiplier:1.5]]
[2020.04.02-15.24.09:646][  0]LogConfig: Setting CVar [[s.TimeLimitExceededMinTime:0.005]]
[2020.04.02-15.24.09:646][  0]LogConfig: Setting CVar [[s.UseBackgroundLevelStreaming:1]]
[2020.04.02-15.24.09:646][  0]LogConfig: Setting CVar [[s.PriorityAsyncLoadingExtraTime:15.0]]
[2020.04.02-15.24.09:646][  0]LogConfig: Setting CVar [[s.LevelStreamingActorsUpdateTimeLimit:5.0]]
[2020.04.02-15.24.09:646][  0]LogConfig: Setting CVar [[s.PriorityLevelStreamingActorsUpdateExtraTime:5.0]]
[2020.04.02-15.24.09:646][  0]LogConfig: Setting CVar [[s.LevelStreamingComponentsRegistrationGranularity:10]]
[2020.04.02-15.24.09:646][  0]LogConfig: Setting CVar [[s.UnregisterComponentsTimeLimit:1.0]]
[2020.04.02-15.24.09:646][  0]LogConfig: Setting CVar [[s.LevelStreamingComponentsUnregistrationGranularity:5]]
[2020.04.02-15.24.09:646][  0]LogConfig: Applying CVar settings from Section [/Script/Engine.GarbageCollectionSettings] File [E:/Unreal Projects/Zombie_Game/Saved/Config/Windows/Engine.ini]
[2020.04.02-15.24.09:646][  0]LogConfig: Setting CVar [[gc.MaxObjectsNotConsideredByGC:1]]
[2020.04.02-15.24.09:646][  0]LogConfig: Setting CVar [[gc.SizeOfPermanentObjectPool:0]]
[2020.04.02-15.24.09:646][  0]LogConfig: Setting CVar [[gc.FlushStreamingOnGC:0]]
[2020.04.02-15.24.09:646][  0]LogConfig: Setting CVar [[gc.NumRetriesBeforeForcingGC:10]]
[2020.04.02-15.24.09:646][  0]LogConfig: Setting CVar [[gc.AllowParallelGC:1]]
[2020.04.02-15.24.09:646][  0]LogConfig: Setting CVar [[gc.TimeBetweenPurgingPendingKillObjects:61.1]]
[2020.04.02-15.24.09:646][  0]LogConfig: Setting CVar [[gc.MaxObjectsInEditor:16777216]]
[2020.04.02-15.24.09:646][  0]LogConfig: Setting CVar [[gc.IncrementalBeginDestroyEnabled:1]]
[2020.04.02-15.24.09:647][  0]LogConfig: Setting CVar [[gc.CreateGCClusters:1]]
[2020.04.02-15.24.09:647][  0]LogConfig: Setting CVar [[gc.MinGCClusterSize:5]]
[2020.04.02-15.24.09:647][  0]LogConfig: Setting CVar [[gc.ActorClusteringEnabled:0]]
[2020.04.02-15.24.09:647][  0]LogConfig: Setting CVar [[gc.BlueprintClusteringEnabled:0]]
[2020.04.02-15.24.09:647][  0]LogConfig: Setting CVar [[gc.UseDisregardForGCOnDedicatedServers:0]]
[2020.04.02-15.24.09:647][  0]LogConfig: Applying CVar settings from Section [/Script/Engine.NetworkSettings] File [E:/Unreal Projects/Zombie_Game/Saved/Config/Windows/Engine.ini]
[2020.04.02-15.24.09:647][  0]LogConfig: Applying CVar settings from Section [/Script/UnrealEd.CookerSettings] File [E:/Unreal Projects/Zombie_Game/Saved/Config/Windows/Engine.ini]
[2020.04.02-15.24.09:741][  0]LogConfig: Applying CVar settings from Section [ViewDistanceQuality@3] File [E:/Unreal Projects/Zombie_Game/Saved/Config/Windows/Scalability.ini]
[2020.04.02-15.24.09:742][  0]LogConfig: Setting CVar [[r.SkeletalMeshLODBias:0]]
[2020.04.02-15.24.09:742][  0]LogConfig: Setting CVar [[r.ViewDistanceScale:1.0]]
[2020.04.02-15.24.09:742][  0]LogConfig: Applying CVar settings from Section [AntiAliasingQuality@3] File [E:/Unreal Projects/Zombie_Game/Saved/Config/Windows/Scalability.ini]
[2020.04.02-15.24.09:742][  0]LogConfig: Setting CVar [[r.PostProcessAAQuality:4]]
[2020.04.02-15.24.09:742][  0]LogConfig: Applying CVar settings from Section [ShadowQuality@3] File [E:/Unreal Projects/Zombie_Game/Saved/Config/Windows/Scalability.ini]
[2020.04.02-15.24.09:742][  0]LogConfig: Setting CVar [[r.LightFunctionQuality:1]]
[2020.04.02-15.24.09:742][  0]LogConfig: Setting CVar [[r.ShadowQuality:5]]
[2020.04.02-15.24.09:742][  0]LogConfig: Setting CVar [[r.Shadow.CSM.MaxCascades:10]]
[2020.04.02-15.24.09:742][  0]LogConfig: Setting CVar [[r.Shadow.MaxResolution:2048]]
[2020.04.02-15.24.09:742][  0]LogConfig: Setting CVar [[r.Shadow.MaxCSMResolution:2048]]
[2020.04.02-15.24.09:742][  0]LogConfig: Setting CVar [[r.Shadow.RadiusThreshold:0.01]]
[2020.04.02-15.24.09:742][  0]LogConfig: Setting CVar [[r.Shadow.DistanceScale:1.0]]
[2020.04.02-15.24.09:742][  0]LogConfig: Setting CVar [[r.Shadow.CSM.TransitionScale:1.0]]
[2020.04.02-15.24.09:742][  0]LogConfig: Setting CVar [[r.Shadow.PreShadowResolutionFactor:1.0]]
[2020.04.02-15.24.09:742][  0]LogConfig: Setting CVar [[r.DistanceFieldShadowing:1]]
[2020.04.02-15.24.09:742][  0]LogConfig: Setting CVar [[r.DistanceFieldAO:1]]
[2020.04.02-15.24.09:742][  0]LogConfig: Setting CVar [[r.AOQuality:2]]
[2020.04.02-15.24.09:742][  0]LogConfig: Setting CVar [[r.VolumetricFog:1]]
[2020.04.02-15.24.09:742][  0]LogConfig: Setting CVar [[r.VolumetricFog.GridPixelSize:8]]
[2020.04.02-15.24.09:742][  0]LogConfig: Setting CVar [[r.VolumetricFog.GridSizeZ:128]]
[2020.04.02-15.24.09:742][  0]LogConfig: Setting CVar [[r.VolumetricFog.HistoryMissSupersampleCount:4]]
[2020.04.02-15.24.09:742][  0]LogConfig: Setting CVar [[r.LightMaxDrawDistanceScale:1]]
[2020.04.02-15.24.09:742][  0]LogConfig: Setting CVar [[r.CapsuleShadows:1]]
[2020.04.02-15.24.09:742][  0]LogConfig: Applying CVar settings from Section [PostProcessQuality@3] File [E:/Unreal Projects/Zombie_Game/Saved/Config/Windows/Scalability.ini]
[2020.04.02-15.24.09:742][  0]LogConfig: Setting CVar [[r.MotionBlurQuality:4]]
[2020.04.02-15.24.09:742][  0]LogConfig: Setting CVar [[r.AmbientOcclusionMipLevelFactor:0.4]]
[2020.04.02-15.24.09:742][  0]LogConfig: Setting CVar [[r.AmbientOcclusionMaxQuality:100]]
[2020.04.02-15.24.09:742][  0]LogConfig: Setting CVar [[r.AmbientOcclusionLevels:-1]]
[2020.04.02-15.24.09:742][  0]LogConfig: Setting CVar [[r.AmbientOcclusionRadiusScale:1.0]]
[2020.04.02-15.24.09:742][  0]LogConfig: Setting CVar [[r.DepthOfFieldQuality:2]]
[2020.04.02-15.24.09:742][  0]LogConfig: Setting CVar [[r.RenderTargetPoolMin:400]]
[2020.04.02-15.24.09:742][  0]LogConfig: Setting CVar [[r.LensFlareQuality:2]]
[2020.04.02-15.24.09:742][  0]LogConfig: Setting CVar [[r.SceneColorFringeQuality:1]]
[2020.04.02-15.24.09:742][  0]LogConfig: Setting CVar [[r.EyeAdaptationQuality:2]]
[2020.04.02-15.24.09:742][  0]LogConfig: Setting CVar [[r.BloomQuality:5]]
[2020.04.02-15.24.09:742][  0]LogConfig: Setting CVar [[r.FastBlurThreshold:100]]
[2020.04.02-15.24.09:742][  0]LogConfig: Setting CVar [[r.Upscale.Quality:3]]
[2020.04.02-15.24.09:743][  0]LogConfig: Setting CVar [[r.Tonemapper.GrainQuantization:1]]
[2020.04.02-15.24.09:743][  0]LogConfig: Setting CVar [[r.LightShaftQuality:1]]
[2020.04.02-15.24.09:743][  0]LogConfig: Setting CVar [[r.Filter.SizeScale:1]]
[2020.04.02-15.24.09:743][  0]LogConfig: Setting CVar [[r.Tonemapper.Quality:5]]
[2020.04.02-15.24.09:743][  0]LogConfig: Setting CVar [[r.DOF.Gather.AccumulatorQuality:1        ; higher gathering accumulator quality]]
[2020.04.02-15.24.09:743][  0]LogConfig: Setting CVar [[r.DOF.Gather.PostfilterMethod:1          ; Median3x3 postfilering method]]
[2020.04.02-15.24.09:743][  0]LogConfig: Setting CVar [[r.DOF.Gather.EnableBokehSettings:0       ; no bokeh simulation when gathering]]
[2020.04.02-15.24.09:743][  0]LogConfig: Setting CVar [[r.DOF.Gather.RingCount:4                 ; medium number of samples when gathering]]
[2020.04.02-15.24.09:743][  0]LogConfig: Setting CVar [[r.DOF.Scatter.ForegroundCompositing:1    ; additive foreground scattering]]
[2020.04.02-15.24.09:743][  0]LogConfig: Setting CVar [[r.DOF.Scatter.BackgroundCompositing:2    ; additive background scattering]]
[2020.04.02-15.24.09:743][  0]LogConfig: Setting CVar [[r.DOF.Scatter.EnableBokehSettings:1      ; bokeh simulation when scattering]]
[2020.04.02-15.24.09:743][  0]LogConfig: Setting CVar [[r.DOF.Scatter.MaxSpriteRatio:0.1         ; only a maximum of 10% of scattered bokeh]]
[2020.04.02-15.24.09:743][  0]LogConfig: Setting CVar [[r.DOF.Recombine.Quality:1                ; cheap slight out of focus]]
[2020.04.02-15.24.09:743][  0]LogConfig: Setting CVar [[r.DOF.Recombine.EnableBokehSettings:0    ; no bokeh simulation on slight out of focus]]
[2020.04.02-15.24.09:743][  0]LogConfig: Setting CVar [[r.DOF.TemporalAAQuality:1                ; more stable temporal accumulation]]
[2020.04.02-15.24.09:743][  0]LogConfig: Setting CVar [[r.DOF.Kernel.MaxForegroundRadius:0.025]]
[2020.04.02-15.24.09:743][  0]LogConfig: Setting CVar [[r.DOF.Kernel.MaxBackgroundRadius:0.025]]
[2020.04.02-15.24.09:743][  0]LogConfig: Applying CVar settings from Section [TextureQuality@3] File [E:/Unreal Projects/Zombie_Game/Saved/Config/Windows/Scalability.ini]
[2020.04.02-15.24.09:743][  0]LogConfig: Setting CVar [[r.Streaming.MipBias:0]]
[2020.04.02-15.24.09:743][  0]LogConfig: Setting CVar [[r.Streaming.AmortizeCPUToGPUCopy:0]]
[2020.04.02-15.24.09:743][  0]LogConfig: Setting CVar [[r.Streaming.MaxNumTexturesToStreamPerFrame:0]]
[2020.04.02-15.24.09:743][  0]LogConfig: Setting CVar [[r.Streaming.Boost:1]]
[2020.04.02-15.24.09:743][  0]LogConfig: Setting CVar [[r.MaxAnisotropy:8]]
[2020.04.02-15.24.09:743][  0]LogConfig: Setting CVar [[r.Streaming.LimitPoolSizeToVRAM:0]]
[2020.04.02-15.24.09:743][  0]LogConfig: Setting CVar [[r.Streaming.PoolSize:1000]]
[2020.04.02-15.24.09:743][  0]LogConfig: Setting CVar [[r.Streaming.MaxEffectiveScreenSize:0]]
[2020.04.02-15.24.09:743][  0]LogConfig: Applying CVar settings from Section [EffectsQuality@3] File [E:/Unreal Projects/Zombie_Game/Saved/Config/Windows/Scalability.ini]
[2020.04.02-15.24.09:743][  0]LogConfig: Setting CVar [[r.TranslucencyLightingVolumeDim:64]]
[2020.04.02-15.24.09:743][  0]LogConfig: Setting CVar [[r.RefractionQuality:2]]
[2020.04.02-15.24.09:743][  0]LogConfig: Setting CVar [[r.SSR.Quality:3]]
[2020.04.02-15.24.09:743][  0]LogConfig: Setting CVar [[r.SceneColorFormat:4]]
[2020.04.02-15.24.09:743][  0]LogConfig: Setting CVar [[r.DetailMode:2]]
[2020.04.02-15.24.09:743][  0]LogConfig: Setting CVar [[r.TranslucencyVolumeBlur:1]]
[2020.04.02-15.24.09:743][  0]LogConfig: Setting CVar [[r.MaterialQualityLevel:1 ; High quality]]
[2020.04.02-15.24.09:743][  0]LogConfig: Setting CVar [[r.SSS.Scale:1]]
[2020.04.02-15.24.09:743][  0]LogConfig: Setting CVar [[r.SSS.SampleSet:2]]
[2020.04.02-15.24.09:743][  0]LogConfig: Setting CVar [[r.SSS.Quality:1]]
[2020.04.02-15.24.09:743][  0]LogConfig: Setting CVar [[r.SSS.HalfRes:1]]
[2020.04.02-15.24.09:743][  0]LogConfig: Setting CVar [[r.EmitterSpawnRateScale:1.0]]
[2020.04.02-15.24.09:743][  0]LogConfig: Setting CVar [[r.ParticleLightQuality:2]]
[2020.04.02-15.24.09:743][  0]LogConfig: Applying CVar settings from Section [FoliageQuality@3] File [E:/Unreal Projects/Zombie_Game/Saved/Config/Windows/Scalability.ini]
[2020.04.02-15.24.09:744][  0]LogConfig: Setting CVar [[foliage.DensityScale:1.0]]
[2020.04.02-15.24.09:744][  0]LogConfig: Setting CVar [[grass.DensityScale:1.0]]
[2020.04.02-15.24.09:759][  0]LogInit: Selected Device Profile: [Windows]
[2020.04.02-15.24.09:783][  0]LogInit: Applying CVar settings loaded from the selected device profile: [Windows]
[2020.04.02-15.24.09:881][  0]LogHAL: Display: Platform has ~ 8 GB [8459489280 / 8589934592 / 8], which maps to Default [LargestMinGB=32, LargerMinGB=12, DefaultMinGB=8, SmallerMinGB=6, SmallestMinGB=0)
[2020.04.02-15.24.09:881][  0]LogInit: Going up to parent DeviceProfile []
[2020.04.02-15.24.09:882][  0]LogConfig: Applying CVar settings from Section [ViewDistanceQuality@3] File [E:/Unreal Projects/Zombie_Game/Saved/Config/Windows/Scalability.ini]
[2020.04.02-15.24.09:882][  0]LogConfig: Setting CVar [[r.SkeletalMeshLODBias:0]]
[2020.04.02-15.24.09:882][  0]LogConfig: Setting CVar [[r.ViewDistanceScale:1.0]]
[2020.04.02-15.24.09:882][  0]LogConfig: Applying CVar settings from Section [AntiAliasingQuality@2] File [E:/Unreal Projects/Zombie_Game/Saved/Config/Windows/Scalability.ini]
[2020.04.02-15.24.09:882][  0]LogConfig: Setting CVar [[r.PostProcessAAQuality:3]]
[2020.04.02-15.24.09:882][  0]LogConfig: Applying CVar settings from Section [ShadowQuality@3] File [E:/Unreal Projects/Zombie_Game/Saved/Config/Windows/Scalability.ini]
[2020.04.02-15.24.09:882][  0]LogConfig: Setting CVar [[r.LightFunctionQuality:1]]
[2020.04.02-15.24.09:882][  0]LogConfig: Setting CVar [[r.ShadowQuality:5]]
[2020.04.02-15.24.09:882][  0]LogConfig: Setting CVar [[r.Shadow.CSM.MaxCascades:10]]
[2020.04.02-15.24.09:882][  0]LogConfig: Setting CVar [[r.Shadow.MaxResolution:2048]]
[2020.04.02-15.24.09:882][  0]LogConfig: Setting CVar [[r.Shadow.MaxCSMResolution:2048]]
[2020.04.02-15.24.09:882][  0]LogConfig: Setting CVar [[r.Shadow.RadiusThreshold:0.01]]
[2020.04.02-15.24.09:882][  0]LogConfig: Setting CVar [[r.Shadow.DistanceScale:1.0]]
[2020.04.02-15.24.09:882][  0]LogConfig: Setting CVar [[r.Shadow.CSM.TransitionScale:1.0]]
[2020.04.02-15.24.09:882][  0]LogConfig: Setting CVar [[r.Shadow.PreShadowResolutionFactor:1.0]]
[2020.04.02-15.24.09:882][  0]LogConfig: Setting CVar [[r.DistanceFieldShadowing:1]]
[2020.04.02-15.24.09:882][  0]LogConfig: Setting CVar [[r.DistanceFieldAO:1]]
[2020.04.02-15.24.09:882][  0]LogConfig: Setting CVar [[r.AOQuality:2]]
[2020.04.02-15.24.09:882][  0]LogConfig: Setting CVar [[r.VolumetricFog:1]]
[2020.04.02-15.24.09:882][  0]LogConfig: Setting CVar [[r.VolumetricFog.GridPixelSize:8]]
[2020.04.02-15.24.09:882][  0]LogConfig: Setting CVar [[r.VolumetricFog.GridSizeZ:128]]
[2020.04.02-15.24.09:882][  0]LogConfig: Setting CVar [[r.VolumetricFog.HistoryMissSupersampleCount:4]]
[2020.04.02-15.24.09:882][  0]LogConfig: Setting CVar [[r.LightMaxDrawDistanceScale:1]]
[2020.04.02-15.24.09:882][  0]LogConfig: Setting CVar [[r.CapsuleShadows:1]]
[2020.04.02-15.24.09:882][  0]LogConfig: Applying CVar settings from Section [PostProcessQuality@3] File [E:/Unreal Projects/Zombie_Game/Saved/Config/Windows/Scalability.ini]
[2020.04.02-15.24.09:882][  0]LogConfig: Setting CVar [[r.MotionBlurQuality:4]]
[2020.04.02-15.24.09:882][  0]LogConfig: Setting CVar [[r.AmbientOcclusionMipLevelFactor:0.4]]
[2020.04.02-15.24.09:882][  0]LogConfig: Setting CVar [[r.AmbientOcclusionMaxQuality:100]]
[2020.04.02-15.24.09:882][  0]LogConfig: Setting CVar [[r.AmbientOcclusionLevels:-1]]
[2020.04.02-15.24.09:882][  0]LogConfig: Setting CVar [[r.AmbientOcclusionRadiusScale:1.0]]
[2020.04.02-15.24.09:882][  0]LogConfig: Setting CVar [[r.DepthOfFieldQuality:2]]
[2020.04.02-15.24.09:882][  0]LogConfig: Setting CVar [[r.RenderTargetPoolMin:400]]
[2020.04.02-15.24.09:882][  0]LogConfig: Setting CVar [[r.LensFlareQuality:2]]
[2020.04.02-15.24.09:882][  0]LogConfig: Setting CVar [[r.SceneColorFringeQuality:1]]
[2020.04.02-15.24.09:882][  0]LogConfig: Setting CVar [[r.EyeAdaptationQuality:2]]
[2020.04.02-15.24.09:882][  0]LogConfig: Setting CVar [[r.BloomQuality:5]]
[2020.04.02-15.24.09:882][  0]LogConfig: Setting CVar [[r.FastBlurThreshold:100]]
[2020.04.02-15.24.09:882][  0]LogConfig: Setting CVar [[r.Upscale.Quality:3]]
[2020.04.02-15.24.09:882][  0]LogConfig: Setting CVar [[r.Tonemapper.GrainQuantization:1]]
[2020.04.02-15.24.09:883][  0]LogConfig: Setting CVar [[r.LightShaftQuality:1]]
[2020.04.02-15.24.09:883][  0]LogConfig: Setting CVar [[r.Filter.SizeScale:1]]
[2020.04.02-15.24.09:883][  0]LogConfig: Setting CVar [[r.Tonemapper.Quality:5]]
[2020.04.02-15.24.09:883][  0]LogConfig: Setting CVar [[r.DOF.Gather.AccumulatorQuality:1        ; higher gathering accumulator quality]]
[2020.04.02-15.24.09:883][  0]LogConfig: Setting CVar [[r.DOF.Gather.PostfilterMethod:1          ; Median3x3 postfilering method]]
[2020.04.02-15.24.09:883][  0]LogConfig: Setting CVar [[r.DOF.Gather.EnableBokehSettings:0       ; no bokeh simulation when gathering]]
[2020.04.02-15.24.09:883][  0]LogConfig: Setting CVar [[r.DOF.Gather.RingCount:4                 ; medium number of samples when gathering]]
[2020.04.02-15.24.09:883][  0]LogConfig: Setting CVar [[r.DOF.Scatter.ForegroundCompositing:1    ; additive foreground scattering]]
[2020.04.02-15.24.09:883][  0]LogConfig: Setting CVar [[r.DOF.Scatter.BackgroundCompositing:2    ; additive background scattering]]
[2020.04.02-15.24.09:883][  0]LogConfig: Setting CVar [[r.DOF.Scatter.EnableBokehSettings:1      ; bokeh simulation when scattering]]
[2020.04.02-15.24.09:883][  0]LogConfig: Setting CVar [[r.DOF.Scatter.MaxSpriteRatio:0.1         ; only a maximum of 10% of scattered bokeh]]
[2020.04.02-15.24.09:883][  0]LogConfig: Setting CVar [[r.DOF.Recombine.Quality:1                ; cheap slight out of focus]]
[2020.04.02-15.24.09:883][  0]LogConfig: Setting CVar [[r.DOF.Recombine.EnableBokehSettings:0    ; no bokeh simulation on slight out of focus]]
[2020.04.02-15.24.09:883][  0]LogConfig: Setting CVar [[r.DOF.TemporalAAQuality:1                ; more stable temporal accumulation]]
[2020.04.02-15.24.09:883][  0]LogConfig: Setting CVar [[r.DOF.Kernel.MaxForegroundRadius:0.025]]
[2020.04.02-15.24.09:883][  0]LogConfig: Setting CVar [[r.DOF.Kernel.MaxBackgroundRadius:0.025]]
[2020.04.02-15.24.09:883][  0]LogConfig: Applying CVar settings from Section [TextureQuality@3] File [E:/Unreal Projects/Zombie_Game/Saved/Config/Windows/Scalability.ini]
[2020.04.02-15.24.09:883][  0]LogConfig: Setting CVar [[r.Streaming.MipBias:0]]
[2020.04.02-15.24.09:883][  0]LogConfig: Setting CVar [[r.Streaming.AmortizeCPUToGPUCopy:0]]
[2020.04.02-15.24.09:883][  0]LogConfig: Setting CVar [[r.Streaming.MaxNumTexturesToStreamPerFrame:0]]
[2020.04.02-15.24.09:883][  0]LogConfig: Setting CVar [[r.Streaming.Boost:1]]
[2020.04.02-15.24.09:883][  0]LogConfig: Setting CVar [[r.MaxAnisotropy:8]]
[2020.04.02-15.24.09:883][  0]LogConfig: Setting CVar [[r.Streaming.LimitPoolSizeToVRAM:0]]
[2020.04.02-15.24.09:883][  0]LogConfig: Setting CVar [[r.Streaming.PoolSize:1000]]
[2020.04.02-15.24.09:883][  0]LogConfig: Setting CVar [[r.Streaming.MaxEffectiveScreenSize:0]]
[2020.04.02-15.24.09:883][  0]LogConfig: Applying CVar settings from Section [EffectsQuality@3] File [E:/Unreal Projects/Zombie_Game/Saved/Config/Windows/Scalability.ini]
[2020.04.02-15.24.09:883][  0]LogConfig: Setting CVar [[r.TranslucencyLightingVolumeDim:64]]
[2020.04.02-15.24.09:883][  0]LogConfig: Setting CVar [[r.RefractionQuality:2]]
[2020.04.02-15.24.09:883][  0]LogConfig: Setting CVar [[r.SSR.Quality:3]]
[2020.04.02-15.24.09:883][  0]LogConfig: Setting CVar [[r.SceneColorFormat:4]]
[2020.04.02-15.24.09:883][  0]LogConfig: Setting CVar [[r.DetailMode:2]]
[2020.04.02-15.24.09:883][  0]LogConfig: Setting CVar [[r.TranslucencyVolumeBlur:1]]
[2020.04.02-15.24.09:883][  0]LogConfig: Setting CVar [[r.MaterialQualityLevel:1 ; High quality]]
[2020.04.02-15.24.09:883][  0]LogConfig: Setting CVar [[r.SSS.Scale:1]]
[2020.04.02-15.24.09:883][  0]LogConfig: Setting CVar [[r.SSS.SampleSet:2]]
[2020.04.02-15.24.09:883][  0]LogConfig: Setting CVar [[r.SSS.Quality:1]]
[2020.04.02-15.24.09:883][  0]LogConfig: Setting CVar [[r.SSS.HalfRes:1]]
[2020.04.02-15.24.09:883][  0]LogConfig: Setting CVar [[r.EmitterSpawnRateScale:1.0]]
[2020.04.02-15.24.09:883][  0]LogConfig: Setting CVar [[r.ParticleLightQuality:2]]
[2020.04.02-15.24.09:884][  0]LogConfig: Applying CVar settings from Section [FoliageQuality@3] File [E:/Unreal Projects/Zombie_Game/Saved/Config/Windows/Scalability.ini]
[2020.04.02-15.24.09:884][  0]LogConfig: Setting CVar [[foliage.DensityScale:1.0]]
[2020.04.02-15.24.09:884][  0]LogConfig: Setting CVar [[grass.DensityScale:1.0]]
[2020.04.02-15.24.09:884][  0]LogConfig: Applying CVar settings from Section [Startup] File [../../../Engine/Config/ConsoleVariables.ini]
[2020.04.02-15.24.09:926][  0]LogConfig: Setting CVar [[net.UseAdaptiveNetUpdateFrequency:0]]
[2020.04.02-15.24.09:926][  0]LogConfig: Setting CVar [[p.chaos.AllowCreatePhysxBodies:1]]
[2020.04.02-15.24.09:926][  0]LogConfig: Setting CVar [[fx.SkipVectorVMBackendOptimizations:1]]
[2020.04.02-15.24.09:926][  0]LogConfig: Applying CVar settings from Section [ConsoleVariables] File [E:/Unreal Projects/Zombie_Game/Saved/Config/Windows/Engine.ini]
[2020.04.02-15.24.09:961][  0]LogInit: Computer: DESKTOP-FA3HG1E
[2020.04.02-15.24.09:961][  0]LogInit: User: Nag
[2020.04.02-15.24.09:961][  0]LogInit: CPU Page size=4096, Cores=4
[2020.04.02-15.24.09:961][  0]LogInit: High frequency timer resolution =10.000000 MHz
[2020.04.02-15.24.09:961][  0]LogMemory: Memory total: Physical=7.9GB (8GB approx)
[2020.04.02-15.24.09:962][  0]LogMemory: Platform Memory Stats for Windows
[2020.04.02-15.24.09:962][  0]LogMemory: Process Physical Memory: 102.23 MB used, 102.24 MB peak
[2020.04.02-15.24.09:962][  0]LogMemory: Process Virtual Memory: 99.30 MB used, 99.30 MB peak
[2020.04.02-15.24.09:962][  0]LogMemory: Physical Memory: 5326.06 MB used,  2741.54 MB free, 8067.60 MB total
[2020.04.02-15.24.09:962][  0]LogMemory: Virtual Memory: 4682.22 MB used,  134213048.00 MB free, 134217728.00 MB total
[2020.04.02-15.24.10:015][  0]LogWindows: WindowsPlatformFeatures enabled
[2020.04.02-15.24.13:200][  0]LogInit: Using OS detected language (en-US).
[2020.04.02-15.24.13:200][  0]LogInit: Using OS detected locale (en-IN).
[2020.04.02-15.24.13:201][  0]LogTextLocalizationManager: No specific localization for 'en-US' exists, so the 'en' localization will be used.
[2020.04.02-15.24.15:049][  0]LogInit: Setting process to per monitor DPI aware
[2020.04.02-15.24.16:886][  0]LogSlate: New Slate User Created.  User Index 0, Is Virtual User: 0
[2020.04.02-15.24.16:886][  0]LogSlate: Slate User Registered.  User Index 0, Is Virtual User: 0
[2020.04.02-15.24.23:572][  0]LogHMD: Failed to initialize OpenVR with code 110
[2020.04.02-15.24.23:572][  0]LogD3D11RHI: D3D11 adapters:
[2020.04.02-15.24.24:490][  0]LogD3D11RHI:    0. 'NVIDIA GeForce MX150' (Feature Level 11_0)
[2020.04.02-15.24.24:490][  0]LogD3D11RHI:       1983/0/4033 MB DedicatedVideo/DedicatedSystem/SharedSystem, Outputs:1, VendorId:0x10de
[2020.04.02-15.24.24:508][  0]LogD3D11RHI:    1. 'Intel(R) UHD Graphics 620' (Feature Level 11_0)
[2020.04.02-15.24.24:508][  0]LogD3D11RHI:       128/0/4033 MB DedicatedVideo/DedicatedSystem/SharedSystem, Outputs:0, VendorId:0x8086
[2020.04.02-15.24.24:551][  0]LogD3D11RHI:    2. 'Microsoft Basic Render Driver' (Feature Level 11_0)
[2020.04.02-15.24.24:551][  0]LogD3D11RHI:       0/0/4033 MB DedicatedVideo/DedicatedSystem/SharedSystem, Outputs:0, VendorId:0x1414
[2020.04.02-15.24.24:551][  0]LogD3D11RHI: Chosen D3D11 Adapter: 0
[2020.04.02-15.24.24:652][  0]LogD3D11RHI: Creating new Direct3DDevice
[2020.04.02-15.24.24:652][  0]LogD3D11RHI:     GPU DeviceId: 0x1d10 (for the marketing name, search the web for "GPU Device Id")
[2020.04.02-15.24.24:652][  0]LogWindows: EnumDisplayDevices:
[2020.04.02-15.24.24:653][  0]LogWindows:    0. 'Intel(R) UHD Graphics 620' (P:1 D:1)
[2020.04.02-15.24.24:653][  0]LogWindows:    1. 'Intel(R) UHD Graphics 620' (P:0 D:0)
[2020.04.02-15.24.24:654][  0]LogWindows:    2. 'Intel(R) UHD Graphics 620' (P:0 D:0)
[2020.04.02-15.24.24:654][  0]LogWindows: DebugString: PrimaryIsNotTheChoosenAdapter PrimaryIsNotTheChoosenAdapter PrimaryIsNotTheChoosenAdapter FoundDriverCount:0 
[2020.04.02-15.24.24:654][  0]LogD3D11RHI:     Adapter Name: NVIDIA GeForce MX150
[2020.04.02-15.24.24:655][  0]LogD3D11RHI:   Driver Version: Unknown (internal:Unknown, unified:Unknown)
[2020.04.02-15.24.24:655][  0]LogD3D11RHI:      Driver Date: Unknown
[2020.04.02-15.24.24:655][  0]LogRHI: Texture pool is 1388 MB (70% of 1983 MB)
[2020.04.02-15.24.24:930][  0]LogD3D11RHI: Async texture creation enabled
[2020.04.02-15.24.25:748][  0]LogD3D11RHI: GPU Timing Frequency: 1000.000000 (Debug: 2 1)
[2020.04.02-15.24.26:206][  0]LogWindows: Warning: CreateProc failed: The system cannot find the file specified. (0x00000002)
[2020.04.02-15.24.26:206][  0]LogWindows: Warning: URL: E:/SOFTWARES/Unreal/UE_4.23/Engine/Binaries/DotNET/UnrealBuildTool.exe -Mode=ValidatePlatforms -allplatforms
[2020.04.02-15.24.26:531][  0]LogTemp: Display: Module 'AllDesktopTargetPlatform' loaded TargetPlatform 'AllDesktop'
[2020.04.02-15.24.26:725][  0]LogTemp: Display: Module 'MacClientTargetPlatform' loaded TargetPlatform 'MacClient'
[2020.04.02-15.24.26:793][  0]LogTemp: Display: Module 'MacNoEditorTargetPlatform' loaded TargetPlatform 'MacNoEditor'
[2020.04.02-15.24.26:859][  0]LogTemp: Display: Module 'MacServerTargetPlatform' loaded TargetPlatform 'MacServer'
[2020.04.02-15.24.26:953][  0]LogTemp: Display: Module 'MacTargetPlatform' loaded TargetPlatform 'Mac'
[2020.04.02-15.24.27:050][  0]LogTemp: Display: Module 'WindowsClientTargetPlatform' loaded TargetPlatform 'WindowsClient'
[2020.04.02-15.24.27:120][  0]LogTemp: Display: Module 'WindowsNoEditorTargetPlatform' loaded TargetPlatform 'WindowsNoEditor'
[2020.04.02-15.24.27:252][  0]LogTemp: Display: Module 'WindowsServerTargetPlatform' loaded TargetPlatform 'WindowsServer'
[2020.04.02-15.24.27:316][  0]LogTemp: Display: Module 'WindowsTargetPlatform' loaded TargetPlatform 'Windows'
[2020.04.02-15.24.27:502][  0]LogTemp: Display: Module 'AndroidTargetPlatform' loaded TargetPlatform 'Android'
[2020.04.02-15.24.27:502][  0]LogTemp: Display: Module 'AndroidTargetPlatform' loaded TargetPlatform 'Android_ASTC'
[2020.04.02-15.24.27:502][  0]LogTemp: Display: Module 'AndroidTargetPlatform' loaded TargetPlatform 'Android_ATC'
[2020.04.02-15.24.27:502][  0]LogTemp: Display: Module 'AndroidTargetPlatform' loaded TargetPlatform 'Android_DXT'
[2020.04.02-15.24.27:502][  0]LogTemp: Display: Module 'AndroidTargetPlatform' loaded TargetPlatform 'Android_ETC1'
[2020.04.02-15.24.27:502][  0]LogTemp: Display: Module 'AndroidTargetPlatform' loaded TargetPlatform 'Android_ETC1a'
[2020.04.02-15.24.27:502][  0]LogTemp: Display: Module 'AndroidTargetPlatform' loaded TargetPlatform 'Android_ETC2'
[2020.04.02-15.24.27:502][  0]LogTemp: Display: Module 'AndroidTargetPlatform' loaded TargetPlatform 'Android_PVRTC'
[2020.04.02-15.24.27:502][  0]LogTemp: Display: Module 'AndroidTargetPlatform' loaded TargetPlatform 'AndroidClient'
[2020.04.02-15.24.27:502][  0]LogTemp: Display: Module 'AndroidTargetPlatform' loaded TargetPlatform 'Android_ASTCClient'
[2020.04.02-15.24.27:502][  0]LogTemp: Display: Module 'AndroidTargetPlatform' loaded TargetPlatform 'Android_ATCClient'
[2020.04.02-15.24.27:502][  0]LogTemp: Display: Module 'AndroidTargetPlatform' loaded TargetPlatform 'Android_DXTClient'
[2020.04.02-15.24.27:502][  0]LogTemp: Display: Module 'AndroidTargetPlatform' loaded TargetPlatform 'Android_ETC1Client'
[2020.04.02-15.24.27:502][  0]LogTemp: Display: Module 'AndroidTargetPlatform' loaded TargetPlatform 'Android_ETC1aClient'
[2020.04.02-15.24.27:502][  0]LogTemp: Display: Module 'AndroidTargetPlatform' loaded TargetPlatform 'Android_ETC2Client'
[2020.04.02-15.24.27:502][  0]LogTemp: Display: Module 'AndroidTargetPlatform' loaded TargetPlatform 'Android_PVRTCClient'
[2020.04.02-15.24.27:502][  0]LogTemp: Display: Module 'AndroidTargetPlatform' loaded TargetPlatform 'Android_Multi'
[2020.04.02-15.24.27:502][  0]LogTemp: Display: Module 'AndroidTargetPlatform' loaded TargetPlatform 'Android_MultiClient'
[2020.04.02-15.24.27:705][  0]LogTemp: Display: Module 'HTML5TargetPlatform' loaded TargetPlatform 'HTML5'
[2020.04.02-15.24.28:155][  0]LogTemp: Display: Module 'IOSTargetPlatform' loaded TargetPlatform 'IOSClient'
[2020.04.02-15.24.28:155][  0]LogTemp: Display: Module 'IOSTargetPlatform' loaded TargetPlatform 'IOS'
[2020.04.02-15.24.28:423][  0]LogTemp: Display: Module 'TVOSTargetPlatform' loaded TargetPlatform 'TVOSClient'
[2020.04.02-15.24.28:423][  0]LogTemp: Display: Module 'TVOSTargetPlatform' loaded TargetPlatform 'TVOS'
[2020.04.02-15.24.28:724][  0]LogTemp: Display: Module 'LinuxClientTargetPlatform' loaded TargetPlatform 'LinuxClient'
[2020.04.02-15.24.28:780][  0]LogTemp: Display: Module 'LinuxNoEditorTargetPlatform' loaded TargetPlatform 'LinuxNoEditor'
[2020.04.02-15.24.28:850][  0]LogTemp: Display: Module 'LinuxServerTargetPlatform' loaded TargetPlatform 'LinuxServer'
[2020.04.02-15.24.28:987][  0]LogTemp: Display: Module 'LinuxTargetPlatform' loaded TargetPlatform 'Linux'
[2020.04.02-15.24.29:100][  0]LogTemp: Display: Module 'LuminTargetPlatform' loaded TargetPlatform 'Lumin'
[2020.04.02-15.24.29:100][  0]LogTemp: Display: Module 'LuminTargetPlatform' loaded TargetPlatform 'LuminClient'
[2020.04.02-15.24.29:100][  0]LogTargetPlatformManager: Display: Building Assets For Windows
[2020.04.02-15.24.29:498][  0]LogAudioDebug: Display: Lib vorbis DLL was dynamically loaded.
[2020.04.02-15.24.31:380][  0]LogShaderCompilers: Guid format shader working directory is -1 characters bigger than the processId version (../../../../../../Unreal Projects/Zombie_Game/Intermediate/Shaders/WorkingDirectory/5908/).
[2020.04.02-15.24.31:380][  0]LogShaderCompilers: Cleaned the shader compiler working directory 'C:/Users/Nag/AppData/Local/Temp/UnrealShaderWorkingDir/2F41B3104A0BF422E451378734040F4B/'.
[2020.04.02-15.24.31:430][  0]LogXGEController: Cleaning working directory: C:/Users/Nag/AppData/Local/Temp/UnrealXGEWorkingDir/
[2020.04.02-15.24.31:430][  0]LogXGEController: Cannot use XGE Controller as Incredibuild is not installed on this machine.
[2020.04.02-15.24.31:431][  0]LogShaderCompilers: Cannot use XGE Shader Compiler as Incredibuild is not installed on this machine.
[2020.04.02-15.24.31:431][  0]LogShaderCompilers: Display: Using Local Shader Compiler.
[2020.04.02-15.24.38:303][  0]LogDerivedDataCache: Display: Max Cache Size: 512 MB
[2020.04.02-15.24.40:506][  0]LogDerivedDataCache: Loaded boot cache 2.20s 98MB C:/Users/Nag/AppData/Local/UnrealEngine/4.23/DerivedDataCache/Boot.ddc.
[2020.04.02-15.24.40:506][  0]LogDerivedDataCache: Display: Loaded Boot cache: C:/Users/Nag/AppData/Local/UnrealEngine/4.23/DerivedDataCache/Boot.ddc
[2020.04.02-15.24.40:506][  0]LogDerivedDataCache: FDerivedDataBackendGraph:  Pak pak cache file ../../../../../../Unreal Projects/Zombie_Game/DerivedDataCache/DDC.ddp not found, will not use a pak cache.
[2020.04.02-15.24.40:506][  0]LogDerivedDataCache: Unable to find inner node Pak for hierarchical cache Hierarchy.
[2020.04.02-15.24.40:506][  0]LogDerivedDataCache: FDerivedDataBackendGraph:  CompressedPak pak cache file ../../../../../../Unreal Projects/Zombie_Game/DerivedDataCache/Compressed.ddp not found, will not use a pak cache.
[2020.04.02-15.24.40:506][  0]LogDerivedDataCache: Unable to find inner node CompressedPak for hierarchical cache Hierarchy.
[2020.04.02-15.24.40:631][  0]LogDerivedDataCache: Display: Pak cache opened for reading ../../../Engine/DerivedDataCache/Compressed.ddp.
[2020.04.02-15.24.40:631][  0]LogDerivedDataCache: FDerivedDataBackendGraph:  EnterprisePak pak cache file ../../../Enterprise/DerivedDataCache/Compressed.ddp not found, will not use a pak cache.
[2020.04.02-15.24.40:631][  0]LogDerivedDataCache: Unable to find inner node EnterprisePak for hierarchical cache Hierarchy.
[2020.04.02-15.24.40:633][  0]LogDerivedDataCache: Using Local data cache path C:/Users/Nag/AppData/Local/UnrealEngine/Common/DerivedDataCache: Writable
[2020.04.02-15.24.40:633][  0]LogDerivedDataCache: Shared data cache path not found in *engine.ini, will not use an Shared cache.
[2020.04.02-15.24.40:633][  0]LogDerivedDataCache: Unable to find inner node Shared for hierarchical cache Hierarchy.
[2020.04.02-15.24.41:001][  0]LogMaterial: Verifying Global Shaders for PCD3D_SM5
[2020.04.02-15.24.41:354][  0]LogSlate: Using FreeType 2.6.0
[2020.04.02-15.24.41:592][  0]LogSlate: SlateFontServices - WITH_FREETYPE: 1, WITH_HARFBUZZ: 1
[2020.04.02-15.24.43:783][  0]LogAssetRegistry: FAssetRegistry took 0.0197 seconds to start up
[2020.04.02-15.24.54:876][  0]LogInit: Selected Device Profile: [Windows]
[2020.04.02-15.24.59:679][  0]LogMeshReduction: Using QuadricMeshReduction for automatic static mesh reduction
[2020.04.02-15.24.59:679][  0]LogMeshReduction: Using SimplygonMeshReduction for automatic skeletal mesh reduction
[2020.04.02-15.24.59:679][  0]LogMeshReduction: Using ProxyLODMeshReduction for automatic mesh merging
[2020.04.02-15.24.59:679][  0]LogMeshReduction: No distributed automatic mesh merging module available
[2020.04.02-15.24.59:679][  0]LogMeshMerging: No distributed automatic mesh merging module available
[2020.04.02-15.25.00:640][  0]LogNetVersion: Zombie_Game 1.0.0, NetCL: 8386587, EngineNetVer: 11, GameNetVer: 0 (Checksum: 2874828335)
[2020.04.02-15.25.06:500][  0]LogClass: Warning: In asset 'None', there is an enum property of type 'EDepthOfFieldMethod' with an invalid value of '('
[2020.04.02-15.25.10:902][  0]LogPackageLocalizationCache: Processed 14 localized package path(s) for 1 prioritized culture(s) in 0.226302 seconds
[2020.04.02-15.25.10:912][  0]LogUObjectArray: 43469 objects as part of root set at end of initial load.
[2020.04.02-15.25.10:912][  0]LogUObjectAllocator: 7553416 out of 0 bytes used by permanent object pool.
[2020.04.02-15.25.10:912][  0]LogUObjectArray: CloseDisregardForGC: 0/0 objects in disregard for GC pool
[2020.04.02-15.25.37:692][  0]LogTcpMessaging: Initializing TcpMessaging bridge
[2020.04.02-15.25.37:768][  0]LogUdpMessaging: Initializing bridge on interface 0.0.0.0:0 to multicast group 230.0.0.1:6666.
[2020.04.02-15.25.39:521][  0]SourceControl: Source control is disabled
[2020.04.02-15.25.39:538][  0]SourceControl: Source control is disabled
[2020.04.02-15.25.39:789][  0]SourceControl: Source control is disabled
[2020.04.02-15.25.39:986][  0]SourceControl: Source control is disabled
[2020.04.02-15.25.40:196][  0]LogVSAccessor: Display: Unable to create Visual Studio setup instance: 80040154
[2020.04.02-15.25.40:197][  0]LogVSAccessor: Display: Unable to create Visual Studio setup instance: 80040154
[2020.04.02-15.25.43:311][  0]LogAndroidPermission: UAndroidPermissionCallbackProxy::GetInstance
[2020.04.02-15.25.45:935][  0]LogOcInput: OculusInput pre-init called
[2020.04.02-15.25.46:139][  0]LogWindows: Failed to load 'OVRPlugin.dll' (GetLastError=126)
[2020.04.02-15.25.46:139][  0]LogWindows: File 'OVRPlugin.dll' does not exist
[2020.04.02-15.25.48:203][  0]LogEngine: Initializing Engine...
[2020.04.02-15.25.48:268][  0]LogHMD: Failed to initialize OpenVR with code 110
[2020.04.02-15.25.48:316][  0]LogStats: UGameplayTagsManager::InitializeManager -  0.046 s
[2020.04.02-15.25.50:625][  0]LogInit: Initializing FReadOnlyCVARCache
[2020.04.02-15.25.51:613][  0]LogAIModule: Creating AISystem for world Untitled
[2020.04.02-15.25.52:015][  0]LogInit: XAudio2 using 'Speakers (Realtek High Definition Audio(SST))' : 2 channels at 48 kHz using 16 bits per sample (channel mask 0x3)
[2020.04.02-15.25.52:267][  0]LogInit: FAudioDevice initialized.
[2020.04.02-15.25.52:267][  0]LogNetVersion: Set ProjectVersion to 1.0.0.0. Version Checksum will be recalculated on next use.
[2020.04.02-15.25.52:646][  0]LogDerivedDataCache: Saved boot cache 0.38s 98MB C:/Users/Nag/AppData/Local/UnrealEngine/4.23/DerivedDataCache/Boot.ddc.
[2020.04.02-15.25.52:666][  0]LogInit: Texture streaming: Enabled
[2020.04.02-15.25.53:056][  0]LogEngineSessionManager: EngineSessionManager initialized
[2020.04.02-15.25.53:056][  0]LogEditorSessionSummary: Verbose: Initializing EditorSessionSummaryWriter for editor session tracking
[2020.04.02-15.25.53:079][  0]LogEditorSessionSummary: EditorSessionSummaryWriter initialized
[2020.04.02-15.25.53:951][  0]LogInit: Transaction tracking system initialized
[2020.04.02-15.25.55:142][  0]BlueprintLog: New page: Editor Load
[2020.04.02-15.25.58:753][  0]LocalizationService: Localization service is disabled
[2020.04.02-15.25.59:617][  0]LogWindows: Warning: CreateProc failed: The system cannot find the file specified. (0x00000002)
[2020.04.02-15.25.59:617][  0]LogWindows: Warning: URL: E:/SOFTWARES/Unreal/UE_4.23/Engine/Binaries/DotNET/UnrealBuildTool.exe -Mode=ValidatePlatforms -platforms=Android
[2020.04.02-15.26.00:973][  0]LogVSAccessor: Display: Unable to create Visual Studio setup instance: 80040154
[2020.04.02-15.26.00:974][  0]LogVSAccessor: Display: Unable to create Visual Studio setup instance: 80040154
[2020.04.02-15.26.04:866][  0]LogCook: Display: Max memory allowance for cook 16384mb min free memory 0mb
[2020.04.02-15.26.04:866][  0]LogCook: Display: Mobile HDR setting 0
[2020.04.02-15.26.07:595][  0]LogFileCache: Scanning file cache for directory 'E:/Unreal Projects/Zombie_Game/Content/' took 2.70s
[2020.04.02-15.26.11:261][  0]SourceControl: Source control is disabled
[2020.04.02-15.26.11:319][  0]Cmd: MAP LOAD FILE="../../../../../../Unreal Projects/Zombie_Game/Content/Blueprints/Maps/Level_5.umap" TEMPLATE=0 SHOWPROGRESS=1 FEATURELEVEL=3
[2020.04.02-15.26.11:550][  0]LightingResults: New page: Lighting Build
[2020.04.02-15.26.11:667][  0]LogWorld: UWorld::CleanupWorld for Untitled, bSessionEnded=true, bCleanupResources=true
[2020.04.02-15.26.11:837][  0]MapCheck: New page: Map Check
[2020.04.02-15.26.11:837][  0]LightingResults: New page: Lighting Build
[2020.04.02-15.26.12:484][  0]LogUObjectHash: Compacting FUObjectHashTables data took   3.40ms
[2020.04.02-15.29.41:385][  0]LoadErrors: Warning: Linear color curves now accurately handle RGB values > 1. If you were relying on HSV clamping, please update Curve_GoodSky_DomeColor
[2020.04.02-15.29.41:385][  0]LoadErrors: Warning: Linear color curves now accurately handle RGB values > 1. If you were relying on HSV clamping, please update Curve_GoodSky_BaseCloudColor
[2020.04.02-15.29.41:385][  0]LoadErrors: Warning: Linear color curves now accurately handle RGB values > 1. If you were relying on HSV clamping, please update Curve_GoodSky_AllOverlayColor
[2020.04.02-15.29.46:758][  0]LoadErrors: Warning: Linear color curves now accurately handle RGB values > 1. If you were relying on HSV clamping, please update Curve_GoodSky_horizon_Color
[2020.04.02-15.29.52:772][  0]LogTemp: Display: Loaded shader NiagaraScript /Engine/Transient.NiagaraSystem_1:Damage_emitterr.GPUComputeScript for Niagara script NiagaraScript /Game/Blueprints/Particles/Damage_emitterr.Damage_emitterr:GPUComputeScript from DDC
[2020.04.02-15.29.53:057][  0]LogNiagaraEditor: Verbose: '/Game/Blueprints/Particles/Blood/Blood_system' Precompile took 0.096054 sec.
[2020.04.02-15.29.53:078][  0]LogNiagara: Script 'NiagaraScript /Game/Blueprints/Particles/Blood/Blood_system.Blood_system:Vomit_emiter.SpawnScript_35' is in-sync skipping compile..
[2020.04.02-15.29.53:079][  0]LogNiagara: Script 'NiagaraScript /Game/Blueprints/Particles/Blood/Blood_system.Blood_system:Vomit_emiter.UpdateScript_36' is in-sync skipping compile..
[2020.04.02-15.29.53:079][  0]LogNiagara: Script 'NiagaraScript /Game/Blueprints/Particles/Blood/Blood_system.Blood_system:Vomit_emiter.EmitterSpawnScript_37' is in-sync skipping compile..
[2020.04.02-15.29.53:079][  0]LogNiagara: Script 'NiagaraScript /Game/Blueprints/Particles/Blood/Blood_system.Blood_system:Vomit_emiter.EmitterUpdateScript_38' is in-sync skipping compile..
[2020.04.02-15.29.53:079][  0]LogNiagara: Script 'NiagaraScript /Game/Blueprints/Particles/Blood/Blood_system.Blood_system:SystemSpawnScript' is in-sync skipping compile..
[2020.04.02-15.29.53:079][  0]LogNiagara: Script 'NiagaraScript /Game/Blueprints/Particles/Blood/Blood_system.Blood_system:SystemUpdateScript' is in-sync skipping compile..
[2020.04.02-15.29.53:446][  0]LogNiagaraEditor: Verbose: '/Game/Blueprints/Particles/Blood/Blood_system1' Precompile took 0.053702 sec.
[2020.04.02-15.29.53:446][  0]LogNiagara: Script 'NiagaraScript /Game/Blueprints/Particles/Blood/Blood_system1.Blood_system1:Vomit_emiter.SpawnScript_35' is in-sync skipping compile..
[2020.04.02-15.29.53:446][  0]LogNiagara: Script 'NiagaraScript /Game/Blueprints/Particles/Blood/Blood_system1.Blood_system1:Vomit_emiter.UpdateScript_36' is in-sync skipping compile..
[2020.04.02-15.29.53:447][  0]LogNiagara: Script 'NiagaraScript /Game/Blueprints/Particles/Blood/Blood_system1.Blood_system1:Vomit_emiter.EmitterSpawnScript_37' is in-sync skipping compile..
[2020.04.02-15.29.53:447][  0]LogNiagara: Script 'NiagaraScript /Game/Blueprints/Particles/Blood/Blood_system1.Blood_system1:Vomit_emiter.EmitterUpdateScript_38' is in-sync skipping compile..
[2020.04.02-15.29.53:447][  0]LogNiagara: Script 'NiagaraScript /Game/Blueprints/Particles/Blood/Blood_system1.Blood_system1:SystemSpawnScript' is in-sync skipping compile..
[2020.04.02-15.29.53:447][  0]LogNiagara: Script 'NiagaraScript /Game/Blueprints/Particles/Blood/Blood_system1.Blood_system1:SystemUpdateScript' is in-sync skipping compile..
[2020.04.02-15.29.53:721][  0]LogNiagaraEditor: Verbose: '/Game/Blueprints/Particles/Vomit/Vomit_system' Precompile took 0.051779 sec.
[2020.04.02-15.29.53:721][  0]LogNiagara: Script 'NiagaraScript /Game/Blueprints/Particles/Vomit/Vomit_system.Vomit_system:Vomit_emiter.SpawnScript_35' is in-sync skipping compile..
[2020.04.02-15.29.53:721][  0]LogNiagara: Script 'NiagaraScript /Game/Blueprints/Particles/Vomit/Vomit_system.Vomit_system:Vomit_emiter.UpdateScript_36' is in-sync skipping compile..
[2020.04.02-15.29.53:721][  0]LogNiagara: Script 'NiagaraScript /Game/Blueprints/Particles/Vomit/Vomit_system.Vomit_system:Vomit_emiter.EmitterSpawnScript_37' is in-sync skipping compile..
[2020.04.02-15.29.53:721][  0]LogNiagara: Script 'NiagaraScript /Game/Blueprints/Particles/Vomit/Vomit_system.Vomit_system:Vomit_emiter.EmitterUpdateScript_38' is in-sync skipping compile..
[2020.04.02-15.29.53:721][  0]LogNiagara: Script 'NiagaraScript /Game/Blueprints/Particles/Vomit/Vomit_system.Vomit_system:SystemSpawnScript' is in-sync skipping compile..
[2020.04.02-15.29.53:721][  0]LogNiagara: Script 'NiagaraScript /Game/Blueprints/Particles/Vomit/Vomit_system.Vomit_system:SystemUpdateScript' is in-sync skipping compile..
[2020.04.02-15.30.03:664][  0]LogAIModule: Creating AISystem for world Level_5
[2020.04.02-15.30.14:449][  0]LogEditorServer: Finished looking for orphan Actors (0.000 secs)
[2020.04.02-15.30.15:588][  0]LogUObjectHash: Compacting FUObjectHashTables data took   3.51ms
[2020.04.02-15.30.15:597][  0]Cmd: MAP CHECKDEP NOCLEARLOG
[2020.04.02-15.30.15:631][  0]MapCheck: Map check complete: 0 Error(s), 0 Warning(s), took 33.947ms to complete.
[2020.04.02-15.30.15:631][  0]LogFileHelpers: Loading map 'Level_5' took 244.334
[2020.04.02-15.30.20:698][  0]LogSlate: Updating window title bar state: overlay mode, drag disabled, window buttons hidden, title bar hidden
[2020.04.02-15.30.20:705][  0]LogSlate: Updating window title bar state: overlay mode, drag disabled, window buttons hidden, title bar hidden
[2020.04.02-15.30.20:711][  0]LogSlate: Updating window title bar state: overlay mode, drag disabled, window buttons hidden, title bar hidden
[2020.04.02-15.30.20:718][  0]LogSlate: Updating window title bar state: overlay mode, drag disabled, window buttons hidden, title bar hidden
[2020.04.02-15.30.21:108][  0]LogCollectionManager: Loaded 0 collections in 0.001564 seconds
[2020.04.02-15.30.21:558][  0]LogFileCache: Scanning file cache for directory 'E:/Unreal Projects/Zombie_Game/Saved/Collections/' took 0.00s
[2020.04.02-15.30.21:558][  0]LogFileCache: Scanning file cache for directory 'E:/Unreal Projects/Zombie_Game/Content/Developers/Nag/Collections/' took 0.00s
[2020.04.02-15.30.21:558][  0]LogFileCache: Scanning file cache for directory 'E:/Unreal Projects/Zombie_Game/Content/Collections/' took 0.00s
[2020.04.02-15.30.21:558][  0]LogCollectionManager: Rebuilt the GUID cache for 0 collections in 0.000002 seconds
[2020.04.02-15.30.21:588][  0]LogContentBrowser: Native class hierarchy populated in 0.0085 seconds. Added 2999 classes and 698 folders.
[2020.04.02-15.30.21:894][  0]LogContentBrowser: Native class hierarchy updated for 'WidgetCarousel' in 0.0002 seconds. Added 0 classes and 0 folders.
[2020.04.02-15.30.27:514][  0]LogContentBrowser: Native class hierarchy updated for 'AddContentDialog' in 0.0002 seconds. Added 0 classes and 0 folders.
[2020.04.02-15.30.28:166][  0]LogContentBrowser: Native class hierarchy updated for 'SceneOutliner' in 0.0003 seconds. Added 1 classes and 2 folders.
[2020.04.02-15.30.50:492][  0]LogSlate: Took 0.106020 seconds to synchronously load lazily loaded font '../../../Engine/Content/Slate/Fonts/Roboto-Regular.ttf' (155K)
[2020.04.02-15.30.50:719][  0]LogSlate: Took 0.126258 seconds to synchronously load lazily loaded font '../../../Engine/Content/Slate/Fonts/Roboto-Bold.ttf' (160K)
[2020.04.02-15.30.51:305][  0]LogSlate: Took 0.026250 seconds to synchronously load lazily loaded font '../../../Engine/Content/Editor/Slate/Fonts/FontAwesome.ttf' (139K)
[2020.04.02-15.31.01:675][  0]LogRenderer: Reallocating scene render targets to support 1156x552 Format 10 NumSamples 1 (Frame:1).
[2020.04.02-15.31.13:969][  0]LogSlate: Took 0.181616 seconds to synchronously load lazily loaded font '../../../Engine/Content/Slate/Fonts/Roboto-Light.ttf' (167K)
[2020.04.02-15.31.18:304][  0]LogContentBrowser: Native class hierarchy updated for 'HierarchicalLODOutliner' in 0.0003 seconds. Added 0 classes and 0 folders.
[2020.04.02-15.31.18:348][  0]LogLoad: (Engine Initialization) Total time: 462.76 seconds
[2020.04.02-15.31.18:348][  0]LogLoad: (Engine Initialization) Total Blueprint compile time: 0.00 seconds
[2020.04.02-15.31.26:282][  0]LogContentStreaming: Texture pool size now 1000 MB
[2020.04.02-15.31.31:678][  1]LogFileCache: Retrieving MD5 hashes for directory 'E:/Unreal Projects/Zombie_Game/Content/' took 11.37s
[2020.04.02-15.31.36:632][  5]LogSlate: FSceneViewport::OnFocusLost() reason 0
[2020.04.02-15.31.48:491][ 30]LogSlate: Window 'Message Log' being destroyed
[2020.04.02-15.31.48:554][ 30]LogSlate: Window 'Message Log' being destroyed
[2020.04.02-15.32.19:538][169]LogEditorSessionSummary: EditorSessionSummary sent report. Type=Shutdown, SessionId={F996BA36-4FA8-AFA7-36DC-A8A05B17899E}
[2020.04.02-15.32.19:538][169]LogEditorSessionSummary: EditorSessionSummary sent report. Type=Shutdown, SessionId={C408BCCB-4131-952A-DB14-8DA61B89D950}
[2020.04.02-15.32.23:629][192]LogAssetRegistry: Asset discovery search completed in 459.8460 seconds
[2020.04.02-15.32.23:724][192]LogCollectionManager: Rebuilt the object cache for 0 collections in 0.025083 seconds (found 0 objects)
[2020.04.02-15.32.23:724][192]LogCollectionManager: Fixed up redirectors for 0 collections in 0.025195 seconds (updated 0 objects)
[2020.04.02-15.33.16:844][350]LogUObjectHash: Compacting FUObjectHashTables data took   1.04ms
[2020.04.02-15.33.17:699][350]LogSlate: Window 'Zombie_Game - Unreal Editor' being destroyed
[2020.04.02-15.33.17:700][350]LogWindowsTextInputMethodSystem: Display: IME system now deactivated.
[2020.04.02-15.33.19:857][351]Cmd: QUIT_EDITOR
[2020.04.02-15.33.21:433][351]LogExit: Preparing to exit.
[2020.04.02-15.33.22:900][351]LogWorld: UWorld::CleanupWorld for World_0, bSessionEnded=true, bCleanupResources=true
[2020.04.02-15.33.24:117][351]LogDemo: Cleaned up 0 splitscreen connections with owner deletion
[2020.04.02-15.33.24:683][351]LogWorld: UWorld::CleanupWorld for None, bSessionEnded=true, bCleanupResources=true
[2020.04.02-15.33.24:703][351]LogExit: Editor shut down
[2020.04.02-15.33.24:708][351]LogExit: Transaction tracking system shut down
[2020.04.02-15.33.32:620][351]LogExit: Object subsystem successfully closed.
[2020.04.02-15.33.36:478][351]LogShaderCompilers: Display: Shaders left to compile 0
[2020.04.02-15.33.41:819][351]LogModuleManager: Shutting down and abandoning module HierarchicalLODOutliner (682)
[2020.04.02-15.33.41:819][351]LogModuleManager: Shutting down and abandoning module SceneOutliner (680)
[2020.04.02-15.33.41:819][351]LogModuleManager: Shutting down and abandoning module AddContentDialog (678)
[2020.04.02-15.33.41:833][351]LogModuleManager: Shutting down and abandoning module WidgetCarousel (677)
[2020.04.02-15.33.41:833][351]LogModuleManager: Shutting down and abandoning module EditorWidgets (674)
[2020.04.02-15.33.41:833][351]LogModuleManager: Shutting down and abandoning module CollectionManager (672)
[2020.04.02-15.33.41:905][351]LogModuleManager: Shutting down and abandoning module StatsViewer (670)
[2020.04.02-15.33.41:991][351]LogModuleManager: Shutting down and abandoning module VirtualTexturingEditor (668)
[2020.04.02-15.33.41:991][351]LogModuleManager: Shutting down and abandoning module FoliageEdit (666)
[2020.04.02-15.33.42:273][351]LogModuleManager: Shutting down and abandoning module LandscapeEditor (664)
[2020.04.02-15.33.42:586][351]LogModuleManager: Shutting down and abandoning module MeshPaintMode (662)
[2020.04.02-15.33.42:586][351]LogModuleManager: Shutting down and abandoning module SceneDepthPickerMode (660)
[2020.04.02-15.33.42:587][351]LogModuleManager: Shutting down and abandoning module ActorPickerMode (658)
[2020.04.02-15.33.42:587][351]LogModuleManager: Shutting down and abandoning module GeometryMode (656)
[2020.04.02-15.33.42:587][351]LogModuleManager: Shutting down and abandoning module TextureAlignMode (654)
[2020.04.02-15.33.42:587][351]LogModuleManager: Shutting down and abandoning module BspMode (652)
[2020.04.02-15.33.42:587][351]LogModuleManager: Shutting down and abandoning module PIEPreviewDeviceProfileSelector (650)
[2020.04.02-15.33.42:639][351]LogModuleManager: Shutting down and abandoning module SequenceRecorderSections (648)
[2020.04.02-15.33.42:670][351]LogModuleManager: Shutting down and abandoning module AutomationWorker (646)
[2020.04.02-15.33.42:693][351]LogModuleManager: Shutting down and abandoning module OculusMR (644)
[2020.04.02-15.33.42:693][351]LogModuleManager: Shutting down and abandoning module AudioCaptureEditor (642)
[2020.04.02-15.33.42:700][351]LogModuleManager: Shutting down and abandoning module MatineeToLevelSequence (640)
[2020.04.02-15.33.42:741][351]LogModuleManager: Shutting down and abandoning module LevelSequenceEditor (638)
[2020.04.02-15.33.42:984][351]LogModuleManager: Shutting down and abandoning module PlacementMode (637)
[2020.04.02-15.33.42:984][351]LogModuleManager: Shutting down and abandoning module MaterialEditor (636)
[2020.04.02-15.33.43:451][351]LogModuleManager: Shutting down and abandoning module ActorSequenceEditor (632)
[2020.04.02-15.33.43:512][351]LogModuleManager: Shutting down and abandoning module WmfMediaFactory (630)
[2020.04.02-15.33.43:512][351]LogModuleManager: Shutting down and abandoning module WmfMediaEditor (628)
[2020.04.02-15.33.43:512][351]LogModuleManager: Shutting down and abandoning module WebMMediaFactory (626)
[2020.04.02-15.33.43:512][351]LogModuleManager: Shutting down and abandoning module WebMMediaEditor (624)
[2020.04.02-15.33.43:512][351]LogModuleManager: Shutting down and abandoning module WebMMedia (622)
[2020.04.02-15.33.43:594][351]LogModuleManager: Shutting down and abandoning module MediaPlayerEditor (620)
[2020.04.02-15.33.44:013][351]LogModuleManager: Shutting down and abandoning module MediaCompositingEditor (618)
[2020.04.02-15.33.44:306][351]LogModuleManager: Shutting down and abandoning module SequenceRecorder (617)
[2020.04.02-15.33.44:306][351]LogModuleManager: Shutting down and abandoning module OpenExrWrapper (614)
[2020.04.02-15.33.44:306][351]LogModuleManager: Shutting down and abandoning module ImgMediaFactory (612)
[2020.04.02-15.33.44:306][351]LogModuleManager: Shutting down and abandoning module ImgMediaEditor (610)
[2020.04.02-15.33.44:306][351]LogModuleManager: Shutting down and abandoning module AvfMediaFactory (608)
[2020.04.02-15.33.44:306][351]LogModuleManager: Shutting down and abandoning module AvfMediaEditor (606)
[2020.04.02-15.33.44:306][351]LogModuleManager: Shutting down and abandoning module AndroidMediaFactory (604)
[2020.04.02-15.33.44:306][351]LogModuleManager: Shutting down and abandoning module AndroidMediaEditor (602)
[2020.04.02-15.33.44:306][351]LogModuleManager: Shutting down and abandoning module MagicLeapCameraPreviewFactory (600)
[2020.04.02-15.33.44:306][351]LogModuleManager: Shutting down and abandoning module MagicLeapMediaCodecFactory (598)
[2020.04.02-15.33.44:306][351]LogModuleManager: Shutting down and abandoning module MagicLeapMediaFactory (596)
[2020.04.02-15.33.44:306][351]LogModuleManager: Shutting down and abandoning module MagicLeapMediaEditor (594)
[2020.04.02-15.33.44:306][351]LogModuleManager: Shutting down and abandoning module CharacterAI (592)
[2020.04.02-15.33.44:306][351]LogModuleManager: Shutting down and abandoning module SmartSnapping (590)
[2020.04.02-15.33.44:306][351]LogModuleManager: Shutting down and abandoning module SessionServices (588)
[2020.04.02-15.33.44:306][351]LogModuleManager: Shutting down and abandoning module MeshPaint (586)
[2020.04.02-15.33.44:433][351]LogModuleManager: Shutting down and abandoning module ViewportSnapping (584)
[2020.04.02-15.33.44:433][351]LogModuleManager: Shutting down and abandoning module ViewportInteraction (582)
[2020.04.02-15.33.44:433][351]LogModuleManager: Shutting down and abandoning module ClothPainter (580)
[2020.04.02-15.33.44:519][351]LogModuleManager: Shutting down and abandoning module SkeletalMeshEditor (579)
[2020.04.02-15.33.44:616][351]LogModuleManager: Shutting down and abandoning module LogVisualizer (576)
[2020.04.02-15.33.44:792][351]LogModuleManager: Shutting down and abandoning module IntroTutorials (574)
[2020.04.02-15.33.44:792][351]LogModuleManager: Shutting down and abandoning module GameProjectGeneration (573)
[2020.04.02-15.33.44:872][351]LogModuleManager: Shutting down and abandoning module LuminPlatformEditor (570)
[2020.04.02-15.33.44:872][351]LogModuleManager: Shutting down and abandoning module IOSPlatformEditor (568)
[2020.04.02-15.33.44:961][351]LogModuleManager: Shutting down and abandoning module HTML5PlatformEditor (566)
[2020.04.02-15.33.44:962][351]LogModuleManager: Shutting down and abandoning module AndroidPlatformEditor (564)
[2020.04.02-15.33.44:962][351]LogModuleManager: Shutting down and abandoning module AndroidDeviceDetection (563)
[2020.04.02-15.33.46:196][351]LogModuleManager: Shutting down and abandoning module WindowsPlatformEditor (560)
[2020.04.02-15.33.46:196][351]LogModuleManager: Shutting down and abandoning module LuminRuntimeSettings (558)
[2020.04.02-15.33.46:196][351]LogModuleManager: Shutting down and abandoning module IOSRuntimeSettings (556)
[2020.04.02-15.33.46:196][351]LogModuleManager: Shutting down and abandoning module AndroidRuntimeSettings (554)
[2020.04.02-15.33.46:196][351]LogModuleManager: Shutting down and abandoning module TimeManagementEditor (552)
[2020.04.02-15.33.46:196][351]LogModuleManager: Shutting down and abandoning module InputBindingEditor (550)
[2020.04.02-15.33.46:243][351]LogModuleManager: Shutting down and abandoning module MergeActors (548)
[2020.04.02-15.33.46:500][351]LogModuleManager: Shutting down and abandoning module LocalizationDashboard (546)
[2020.04.02-15.33.46:570][351]LogModuleManager: Shutting down and abandoning module LocalizationService (545)
[2020.04.02-15.33.46:611][351]LogModuleManager: Shutting down and abandoning module HardwareTargeting (542)
[2020.04.02-15.33.46:611][351]LogModuleManager: Shutting down and abandoning module DeviceProfileEditor (540)
[2020.04.02-15.33.46:634][351]LogModuleManager: Shutting down and abandoning module UndoHistory (538)
[2020.04.02-15.33.46:667][351]LogModuleManager: Shutting down and abandoning module XmlParser (536)
[2020.04.02-15.33.46:697][351]LogModuleManager: Shutting down and abandoning module Blutility (534)
[2020.04.02-15.33.46:747][351]LogModuleManager: Shutting down and abandoning module ProjectSettingsViewer (532)
[2020.04.02-15.33.46:747][351]LogModuleManager: Shutting down and abandoning module ProjectTargetPlatformEditor (531)
[2020.04.02-15.33.46:748][351]LogModuleManager: Shutting down and abandoning module EditorSettingsViewer (528)
[2020.04.02-15.33.46:748][351]LogModuleManager: Shutting down and abandoning module SettingsEditor (526)
[2020.04.02-15.33.46:861][351]LogModuleManager: Shutting down and abandoning module ProjectLauncher (524)
[2020.04.02-15.33.46:908][351]LogModuleManager: Shutting down and abandoning module SessionFrontend (522)
[2020.04.02-15.33.46:949][351]LogModuleManager: Shutting down and abandoning module ProfilerClient (520)
[2020.04.02-15.33.46:995][351]LogModuleManager: Shutting down and abandoning module DeviceManager (518)
[2020.04.02-15.33.47:100][351]LogModuleManager: Shutting down and abandoning module TargetDeviceServices (517)
[2020.04.02-15.33.47:197][351]LogModuleManager: Shutting down and abandoning module AutomationController (514)
[2020.04.02-15.33.47:273][351]LogModuleManager: Shutting down and abandoning module AutomationWindow (512)
[2020.04.02-15.33.47:477][351]LogModuleManager: Shutting down and abandoning module Layers (510)
[2020.04.02-15.33.47:573][351]LogModuleManager: Shutting down and abandoning module ComponentVisualizers (508)
[2020.04.02-15.33.47:573][351]LogModuleManager: Shutting down and abandoning module DetailCustomizations (506)
[2020.04.02-15.33.47:615][351]LogModuleManager: Shutting down and abandoning module PackagesDialog (504)
[2020.04.02-15.33.47:615][351]LogModuleManager: Shutting down and abandoning module AnimationBlueprintEditor (502)
[2020.04.02-15.33.47:896][351]LogModuleManager: Shutting down and abandoning module Persona (500)
[2020.04.02-15.33.47:948][351]LogModuleManager: Shutting down and abandoning module AdvancedPreviewScene (499)
[2020.04.02-15.33.47:948][351]LogModuleManager: Shutting down and abandoning module AnimGraph (497)
[2020.04.02-15.33.47:948][351]LogModuleManager: Shutting down and abandoning module Kismet (494)
[2020.04.02-15.33.48:194][351]LogModuleManager: Shutting down and abandoning module KismetWidgets (493)
[2020.04.02-15.33.48:223][351]LogModuleManager: Shutting down and abandoning module GraphEditor (490)
[2020.04.02-15.33.48:472][351]LogModuleManager: Shutting down and abandoning module StructViewer (488)
[2020.04.02-15.33.48:472][351]LogModuleManager: Shutting down and abandoning module ClassViewer (486)
[2020.04.02-15.33.48:472][351]LogModuleManager: Shutting down and abandoning module Toolbox (484)
[2020.04.02-15.33.48:472][351]LogModuleManager: Shutting down and abandoning module ModuleUI (482)
[2020.04.02-15.33.48:520][351]LogModuleManager: Shutting down and abandoning module MovieSceneTools (480)
[2020.04.02-15.33.48:611][351]LogModuleManager: Shutting down and abandoning module OutputLog (478)
[2020.04.02-15.33.48:650][351]LogModuleManager: Shutting down and abandoning module GammaUI (476)
[2020.04.02-15.33.48:673][351]LogModuleManager: Shutting down and abandoning module Documentation (474)
[2020.04.02-15.33.48:673][351]LogModuleManager: Shutting down and abandoning module LiveCoding (472)
[2020.04.02-15.33.48:758][351]LogModuleManager: Shutting down and abandoning module LevelSequence (470)
[2020.04.02-15.33.48:758][351]LogModuleManager: Shutting down and abandoning module MovieSceneTracks (468)
[2020.04.02-15.33.48:758][351]LogModuleManager: Shutting down and abandoning module MovieScene (466)
[2020.04.02-15.33.48:829][351]LogModuleManager: Shutting down and abandoning module StreamingPauseRendering (464)
[2020.04.02-15.33.48:874][351]LogModuleManager: Shutting down and abandoning module LauncherPlatform (462)
[2020.04.02-15.33.48:874][351]LogModuleManager: Shutting down and abandoning module AnalyticsET (460)
[2020.04.02-15.33.48:874][351]LogModuleManager: Shutting down and abandoning module PortalServices (458)
[2020.04.02-15.33.48:874][351]LogModuleManager: Shutting down and abandoning module PortalRpc (456)
[2020.04.02-15.33.48:874][351]LogModuleManager: Shutting down and abandoning module MessagingRpc (454)
[2020.04.02-15.33.48:874][351]LogModuleManager: Shutting down and abandoning module AIModule (452)
[2020.04.02-15.33.48:890][351]LogModuleManager: Shutting down and abandoning module GameplayDebugger (451)
[2020.04.02-15.33.48:956][351]LogModuleManager: Shutting down and abandoning module AITestSuite (449)
[2020.04.02-15.33.48:956][351]LogModuleManager: Shutting down and abandoning module NavigationSystem (447)
[2020.04.02-15.33.48:956][351]LogModuleManager: Shutting down and abandoning module DesktopPlatform (444)
[2020.04.02-15.33.49:017][351]LogModuleManager: Shutting down and abandoning module ImageWriteQueue (442)
[2020.04.02-15.33.49:020][351]LogModuleManager: Shutting down and abandoning module ProfilerService (440)
[2020.04.02-15.33.49:105][351]LogModuleManager: Shutting down and abandoning module TaskGraph (438)
[2020.04.02-15.33.49:216][351]LogModuleManager: Shutting down and abandoning module ScreenshotTools (436)
[2020.04.02-15.33.49:216][351]LogModuleManager: Shutting down and abandoning module SteamVRController (434)
[2020.04.02-15.33.49:216][351]LogModuleManager: Shutting down and abandoning module ProceduralMeshComponentEditor (432)
[2020.04.02-15.33.49:216][351]LogModuleManager: Shutting down and abandoning module ProceduralMeshComponent (430)
[2020.04.02-15.33.49:281][351]LogModuleManager: Shutting down and abandoning module OculusEditor (428)
[2020.04.02-15.33.49:281][351]LogModuleManager: Shutting down and abandoning module OculusInput (426)
[2020.04.02-15.33.49:281][351]LogModuleManager: Shutting down and abandoning module MobilePatchingUtils (424)
[2020.04.02-15.33.49:281][351]LogModuleManager: Shutting down and abandoning module EditableMesh (422)
[2020.04.02-15.33.49:328][351]LogModuleManager: Shutting down and abandoning module CustomMeshComponent (420)
[2020.04.02-15.33.49:328][351]LogModuleManager: Shutting down and abandoning module CableComponent (418)
[2020.04.02-15.33.49:328][351]LogModuleManager: Shutting down and abandoning module AudioCapture (416)
[2020.04.02-15.33.49:328][351]LogModuleManager: Shutting down and abandoning module ArchVisCharacter (414)
[2020.04.02-15.33.49:328][351]LogModuleManager: Shutting down and abandoning module AppleImageUtilsBlueprintSupport (412)
[2020.04.02-15.33.49:328][351]LogModuleManager: Shutting down and abandoning module AppleImageUtils (410)
[2020.04.02-15.33.49:328][351]LogModuleManager: Shutting down and abandoning module AndroidPermission (408)
[2020.04.02-15.33.49:328][351]LogModuleManager: Shutting down and abandoning module NUTUnrealEngine4 (406)
[2020.04.02-15.33.49:375][351]LogModuleManager: Shutting down and abandoning module NetcodeUnitTest (404)
[2020.04.02-15.33.49:497][351]LogModuleManager: Shutting down and abandoning module MediaCompositing (402)
[2020.04.02-15.33.49:498][351]LogModuleManager: Shutting down and abandoning module ImgMedia (400)
[2020.04.02-15.33.49:568][351]LogModuleManager: Shutting down and abandoning module MagicLeapHelperVulkan (398)
[2020.04.02-15.33.49:568][351]LogModuleManager: Shutting down and abandoning module MagicLeapHelperOpenGL (396)
[2020.04.02-15.33.49:568][351]LogModuleManager: Shutting down and abandoning module MagicLeapAudio (394)
[2020.04.02-15.33.49:606][351]LogModuleManager: Shutting down and abandoning module NiagaraEditorWidgets (392)
[2020.04.02-15.33.49:679][351]LogModuleManager: Shutting down and abandoning module HTML5Networking (390)
[2020.04.02-15.33.49:679][351]LogModuleManager: Shutting down and abandoning module GeometryCacheTracks (388)
[2020.04.02-15.33.49:679][351]LogModuleManager: Shutting down and abandoning module GeometryCacheSequencer (386)
[2020.04.02-15.33.49:679][351]LogModuleManager: Shutting down and abandoning module BackChannel (384)
[2020.04.02-15.33.49:717][351]LogModuleManager: Shutting down and abandoning module AutomationUtilsEditor (382)
[2020.04.02-15.33.49:717][351]LogModuleManager: Shutting down and abandoning module AutomationUtils (380)
[2020.04.02-15.33.49:717][351]LogModuleManager: Shutting down and abandoning module AlembicImporter (378)
[2020.04.02-15.33.49:751][351]LogModuleManager: Shutting down and abandoning module AlembicLibrary (377)
[2020.04.02-15.33.49:751][351]LogModuleManager: Shutting down and abandoning module GeometryCache (376)
[2020.04.02-15.33.49:751][351]LogModuleManager: Shutting down and abandoning module GeometryCacheEd (375)
[2020.04.02-15.33.49:751][351]LogModuleManager: Shutting down and abandoning module VariantManagerContent (370)
[2020.04.02-15.33.49:751][351]LogModuleManager: Shutting down and abandoning module DatasmithContentEditor (368)
[2020.04.02-15.33.49:751][351]LogModuleManager: Shutting down and abandoning module SpeedTreeImporter (366)
[2020.04.02-15.33.49:751][351]LogModuleManager: Shutting down and abandoning module PluginBrowser (364)
[2020.04.02-15.33.49:893][351]LogModuleManager: Shutting down and abandoning module MobileLauncherProfileWizard (362)
[2020.04.02-15.33.49:925][351]LogModuleManager: Shutting down and abandoning module MaterialAnalyzer (360)
[2020.04.02-15.33.49:989][351]LogModuleManager: Shutting down and abandoning module CurveEditorTools (358)
[2020.04.02-15.33.50:063][351]LogModuleManager: Shutting down and abandoning module CurveEditor (357)
[2020.04.02-15.33.50:232][351]LogModuleManager: Shutting down and abandoning module CryptoKeysOpenSSL (354)
[2020.04.02-15.33.50:232][351]LogModuleManager: Shutting down and abandoning module CryptoKeys (352)
[2020.04.02-15.33.50:232][351]LogModuleManager: Shutting down and abandoning module VisualStudioSourceCodeAccess (350)
[2020.04.02-15.33.50:269][351]LogModuleManager: Shutting down and abandoning module VisualStudioCodeSourceCodeAccess (348)
[2020.04.02-15.33.50:269][351]LogModuleManager: Shutting down and abandoning module UObjectPlugin (346)
[2020.04.02-15.33.50:269][351]LogModuleManager: Shutting down and abandoning module SubversionSourceControl (344)
[2020.04.02-15.33.50:308][351]LogModuleManager: Shutting down and abandoning module PerforceSourceControl (342)
[2020.04.02-15.33.50:358][351]LogModuleManager: Shutting down and abandoning module GitSourceControl (340)
[2020.04.02-15.33.50:402][351]LogModuleManager: Shutting down and abandoning module SourceControl (339)
[2020.04.02-15.33.50:402][351]LogModuleManager: Shutting down and abandoning module CLionSourceCodeAccess (336)
[2020.04.02-15.33.50:402][351]LogModuleManager: Shutting down and abandoning module AnimationSharingEd (334)
[2020.04.02-15.33.50:402][351]LogModuleManager: Shutting down and abandoning module ActorLayerUtilitiesEditor (332)
[2020.04.02-15.33.50:442][351]LogModuleManager: Shutting down and abandoning module ActorLayerUtilities (330)
[2020.04.02-15.33.50:442][351]LogModuleManager: Shutting down and abandoning module LightPropagationVolumeEditor (328)
[2020.04.02-15.33.50:442][351]LogModuleManager: Shutting down and abandoning module PaperTiledImporter (326)
[2020.04.02-15.33.50:442][351]LogModuleManager: Shutting down and abandoning module PaperSpriteSheetImporter (324)
[2020.04.02-15.33.50:442][351]LogModuleManager: Shutting down and abandoning module Paper2DEditor (322)
[2020.04.02-15.33.50:777][351]LogModuleManager: Shutting down and abandoning module SignificanceManager (320)
[2020.04.02-15.33.50:777][351]LogModuleManager: Shutting down and abandoning module RuntimePhysXCooking (318)
[2020.04.02-15.33.50:777][351]LogModuleManager: Shutting down and abandoning module PhysXVehiclesEditor (316)
[2020.04.02-15.33.50:822][351]LogModuleManager: Shutting down and abandoning module LocationServicesBPLibrary (312)
[2020.04.02-15.33.50:822][351]LogModuleManager: Shutting down and abandoning module ActorSequence (310)
[2020.04.02-15.33.50:822][351]LogModuleManager: Shutting down and abandoning module UdpMessaging (308)
[2020.04.02-15.33.50:923][351]LogModuleManager: Shutting down and abandoning module TcpMessaging (306)
[2020.04.02-15.33.51:150][351]LogModuleManager: Shutting down and abandoning module MagicLeapIdentity (304)
[2020.04.02-15.33.51:150][351]LogModuleManager: Shutting down and abandoning module MagicLeapSecureStorage (302)
[2020.04.02-15.33.51:150][351]LogModuleManager: Shutting down and abandoning module MagicLeapHandTracking (300)
[2020.04.02-15.33.51:182][351]LogModuleManager: Shutting down and abandoning module MagicLeapEyeTracker (298)
[2020.04.02-15.33.51:182][351]LogModuleManager: Shutting down and abandoning module MagicLeapController (296)
[2020.04.02-15.33.51:182][351]LogSlate: Slate User Destroyed.  User Index 0, Is Virtual User: 0
[2020.04.02-15.33.51:182][351]LogModuleManager: Shutting down and abandoning module MagicLeapAR (294)
[2020.04.02-15.33.51:182][351]LogModuleManager: Shutting down and abandoning module AugmentedReality (293)
[2020.04.02-15.33.51:182][351]LogModuleManager: Shutting down and abandoning module NiagaraEditor (290)
[2020.04.02-15.33.51:320][351]LogModuleManager: Shutting down and abandoning module NiagaraAnimNotifies (288)
[2020.04.02-15.33.51:320][351]LogModuleManager: Shutting down and abandoning module Niagara (286)
[2020.04.02-15.33.51:466][351]LogModuleManager: Shutting down and abandoning module NiagaraCore (284)
[2020.04.02-15.33.51:466][351]LogModuleManager: Shutting down and abandoning module GameplayTagsEditor (282)
[2020.04.02-15.33.51:502][351]LogModuleManager: Shutting down and abandoning module FacialAnimationEditor (280)
[2020.04.02-15.33.51:502][351]LogModuleManager: Shutting down and abandoning module FacialAnimation (278)
[2020.04.02-15.33.51:502][351]LogModuleManager: Shutting down and abandoning module DataValidation (276)
[2020.04.02-15.33.51:502][351]LogModuleManager: Shutting down and abandoning module AssetManagerEditor (274)
[2020.04.02-15.33.51:556][351]LogModuleManager: Shutting down and abandoning module LevelEditor (273)
[2020.04.02-15.33.51:837][351]LogModuleManager: Shutting down and abandoning module PixelInspectorModule (272)
[2020.04.02-15.33.51:952][351]LogModuleManager: Shutting down and abandoning module CommonMenuExtensions (270)
[2020.04.02-15.33.51:952][351]LogModuleManager: Shutting down and abandoning module MainFrame (268)
[2020.04.02-15.33.51:952][351]LogModuleManager: Shutting down and abandoning module HotReload (267)
[2020.04.02-15.33.52:173][351]LogModuleManager: Shutting down and abandoning module ContentBrowser (263)
[2020.04.02-15.33.52:174][351]LogModuleManager: Shutting down and abandoning module TreeMap (261)
[2020.04.02-15.33.52:211][351]LogModuleManager: Shutting down and abandoning module AnimationSharing (258)
[2020.04.02-15.33.52:211][351]LogModuleManager: Shutting down and abandoning module LightPropagationVolumeRuntime (256)
[2020.04.02-15.33.52:211][351]LogModuleManager: Shutting down and abandoning module Paper2D (254)
[2020.04.02-15.33.52:229][351]LogModuleManager: Shutting down and abandoning module WindowsMoviePlayer (252)
[2020.04.02-15.33.52:274][351]LogModuleManager: Shutting down and abandoning module WebMMoviePlayer (250)
[2020.04.02-15.33.52:274][351]LogModuleManager: Shutting down and abandoning module NetworkReplayStreaming (248)
[2020.04.02-15.33.52:274][351]LogModuleManager: Shutting down and abandoning module PacketHandler (246)
[2020.04.02-15.33.52:274][351]LogModuleManager: Shutting down and abandoning module ClothingSystemEditor (244)
[2020.04.02-15.33.52:274][351]LogModuleManager: Shutting down and abandoning module ClothingSystemRuntime (242)
[2020.04.02-15.33.52:341][351]LogModuleManager: Shutting down and abandoning module MediaAssets (240)
[2020.04.02-15.33.52:341][351]LogModuleManager: Shutting down and abandoning module Overlay (238)
[2020.04.02-15.33.52:341][351]LogModuleManager: Shutting down and abandoning module OverlayEditor (237)
[2020.04.02-15.33.52:341][351]LogModuleManager: Shutting down and abandoning module VREditor (234)
[2020.04.02-15.33.52:415][351]LogModuleManager: Shutting down and abandoning module StringTableEditor (232)
[2020.04.02-15.33.52:480][351]LogModuleManager: Shutting down and abandoning module GameplayTasksEditor (230)
[2020.04.02-15.33.52:480][351]LogModuleManager: Shutting down and abandoning module BehaviorTreeEditor (228)
[2020.04.02-15.33.52:717][351]LogModuleManager: Shutting down and abandoning module FunctionalTesting (226)
[2020.04.02-15.33.52:780][351]LogModuleManager: Shutting down and abandoning module CollisionAnalyzer (224)
[2020.04.02-15.33.52:910][351]LogModuleManager: Shutting down and abandoning module WorkspaceMenuStructure (223)
[2020.04.02-15.33.52:949][351]LogModuleManager: Shutting down and abandoning module UMG (220)
[2020.04.02-15.33.53:051][351]LogModuleManager: Shutting down and abandoning module UMGEditor (219)
[2020.04.02-15.33.53:077][351]LogModuleManager: Shutting down and abandoning module Sequencer (218)
[2020.04.02-15.33.53:342][351]LogModuleManager: Shutting down and abandoning module MessageLog (215)
[2020.04.02-15.33.53:342][351]LogModuleManager: Shutting down and abandoning module SlateReflector (210)
[2020.04.02-15.33.53:623][351]LogModuleManager: Shutting down and abandoning module Slate (208)
[2020.04.02-15.33.53:623][351]LogModuleManager: Shutting down and abandoning module LandscapeEditorUtilities (206)
[2020.04.02-15.33.53:623][351]LogModuleManager: Shutting down and abandoning module EditorStyle (204)
[2020.04.02-15.33.53:691][351]LogModuleManager: Shutting down and abandoning module UnrealEd (202)
[2020.04.02-15.33.53:718][351]LogModuleManager: Shutting down and abandoning module MRMesh (200)
[2020.04.02-15.33.53:718][351]LogModuleManager: Shutting down and abandoning module SourceCodeAccess (198)
[2020.04.02-15.33.53:718][351]LogModuleManager: Shutting down and abandoning module HeadMountedDisplay (196)
[2020.04.02-15.33.53:718][351]LogModuleManager: Shutting down and abandoning module XAudio2 (194)
[2020.04.02-15.33.53:718][351]LogModuleManager: Shutting down and abandoning module Networking (192)
[2020.04.02-15.33.53:718][351]LogModuleManager: Shutting down and abandoning module Core (190)
[2020.04.02-15.33.53:718][351]LogModuleManager: Shutting down and abandoning module KismetCompiler (188)
[2020.04.02-15.33.53:718][351]LogModuleManager: Shutting down and abandoning module MeshUtilities (186)
[2020.04.02-15.33.53:718][351]LogModuleManager: Shutting down and abandoning module MeshMergeUtilities (185)
[2020.04.02-15.33.53:786][351]LogModuleManager: Shutting down and abandoning module MeshReductionInterface (184)
[2020.04.02-15.33.53:786][351]LogModuleManager: Shutting down and abandoning module SkeletalMeshReduction (183)
[2020.04.02-15.33.53:841][351]LogModuleManager: Shutting down and abandoning module ProxyLODMeshReduction (181)
[2020.04.02-15.33.53:961][351]LogModuleManager: Shutting down and abandoning module QuadricMeshReduction (179)
[2020.04.02-15.33.54:001][351]LogModuleManager: Shutting down and abandoning module MaterialBaking (175)
[2020.04.02-15.33.54:043][351]LogModuleManager: Shutting down and abandoning module NullInstallBundleManager (170)
[2020.04.02-15.33.54:043][351]LogModuleManager: Shutting down and abandoning module DerivedDataCache (168)
[2020.04.02-15.33.54:046][351]LogDerivedDataCache: Shutdown
[2020.04.02-15.33.54:046][351]LogModuleManager: Shutting down and abandoning module XGEController (166)
[2020.04.02-15.33.54:046][351]LogXGEController: Cleaning working directory: C:/Users/Nag/AppData/Local/Temp/UnrealXGEWorkingDir/
[2020.04.02-15.33.54:096][351]LogModuleManager: Shutting down and abandoning module TargetPlatform (164)
[2020.04.02-15.33.54:124][351]LogModuleManager: Shutting down and abandoning module VulkanShaderFormat (163)
[2020.04.02-15.33.54:330][351]LogModuleManager: Shutting down and abandoning module ShaderFormatVectorVM (161)
[2020.04.02-15.33.54:366][351]LogModuleManager: Shutting down and abandoning module ShaderFormatOpenGL (159)
[2020.04.02-15.33.54:409][351]LogModuleManager: Shutting down and abandoning module ShaderFormatD3D (157)
[2020.04.02-15.33.54:455][351]LogModuleManager: Shutting down and abandoning module MetalShaderFormat (155)
[2020.04.02-15.33.54:710][351]LogModuleManager: Shutting down and abandoning module TextureFormatUncompressed (153)
[2020.04.02-15.33.54:710][351]LogModuleManager: Shutting down and abandoning module TextureFormatPVR (151)
[2020.04.02-15.33.54:710][351]LogModuleManager: Shutting down and abandoning module TextureFormatDXT (149)
[2020.04.02-15.33.54:758][351]LogModuleManager: Shutting down and abandoning module TextureFormatIntelISPCTexComp (147)
[2020.04.02-15.33.54:858][351]LogModuleManager: Shutting down and abandoning module TextureFormatASTC (145)
[2020.04.02-15.33.54:858][351]LogModuleManager: Shutting down and abandoning module ImageWrapper (144)
[2020.04.02-15.33.54:858][351]LogModuleManager: Shutting down and abandoning module TextureFormatAndroid (141)
[2020.04.02-15.33.54:858][351]LogModuleManager: Shutting down and abandoning module AudioFormatOpus (139)
[2020.04.02-15.33.54:910][351]LogModuleManager: Shutting down and abandoning module AudioFormatOgg (137)
[2020.04.02-15.33.54:910][351]LogModuleManager: Shutting down and abandoning module AudioFormatADPCM (135)
[2020.04.02-15.33.54:910][351]LogModuleManager: Shutting down and abandoning module LuminTargetPlatform (133)
[2020.04.02-15.33.55:036][351]LogModuleManager: Shutting down and abandoning module LinuxTargetPlatform (131)
[2020.04.02-15.33.55:036][351]LogModuleManager: Shutting down and abandoning module LinuxServerTargetPlatform (129)
[2020.04.02-15.33.55:064][351]LogModuleManager: Shutting down and abandoning module LinuxNoEditorTargetPlatform (127)
[2020.04.02-15.33.55:105][351]LogModuleManager: Shutting down and abandoning module LinuxClientTargetPlatform (125)
[2020.04.02-15.33.55:150][351]LogModuleManager: Shutting down and abandoning module TVOSTargetPlatform (123)
[2020.04.02-15.33.55:151][351]LogModuleManager: Shutting down and abandoning module Messaging (121)
[2020.04.02-15.33.55:151][351]LogModuleManager: Shutting down and abandoning module IOSTargetPlatform (119)
[2020.04.02-15.33.55:152][351]LogModuleManager: Shutting down and abandoning module HTML5TargetPlatform (117)
[2020.04.02-15.33.55:152][351]LogModuleManager: Shutting down and abandoning module AndroidTargetPlatform (115)
[2020.04.02-15.33.55:159][351]LogModuleManager: Shutting down and abandoning module WindowsTargetPlatform (113)
[2020.04.02-15.33.55:159][351]LogModuleManager: Shutting down and abandoning module WindowsServerTargetPlatform (111)
[2020.04.02-15.33.55:159][351]LogModuleManager: Shutting down and abandoning module WindowsNoEditorTargetPlatform (109)
[2020.04.02-15.33.55:159][351]LogModuleManager: Shutting down and abandoning module WindowsClientTargetPlatform (107)
[2020.04.02-15.33.55:159][351]LogModuleManager: Shutting down and abandoning module MacTargetPlatform (105)
[2020.04.02-15.33.55:159][351]LogModuleManager: Shutting down and abandoning module MacServerTargetPlatform (103)
[2020.04.02-15.33.55:159][351]LogModuleManager: Shutting down and abandoning module MacNoEditorTargetPlatform (101)
[2020.04.02-15.33.55:159][351]LogModuleManager: Shutting down and abandoning module MacClientTargetPlatform (99)
[2020.04.02-15.33.55:159][351]LogModuleManager: Shutting down and abandoning module AllDesktopTargetPlatform (97)
[2020.04.02-15.33.55:159][351]LogModuleManager: Shutting down and abandoning module InputCore (94)
[2020.04.02-15.33.55:159][351]LogModuleManager: Shutting down and abandoning module Settings (92)
[2020.04.02-15.33.55:159][351]LogModuleManager: Shutting down and abandoning module DirectoryWatcher (90)
[2020.04.02-15.33.55:160][351]LogModuleManager: Shutting down and abandoning module PhysXCooking (88)
[2020.04.02-15.33.55:160][351]LogModuleManager: Shutting down and abandoning module WindowsPlatformFeatures (86)
[2020.04.02-15.33.55:160][351]LogModuleManager: Shutting down and abandoning module GameplayMediaEncoder (85)
[2020.04.02-15.33.55:196][351]LogModuleManager: Shutting down and abandoning module SteamVR (82)
[2020.04.02-15.33.55:274][351]LogHMD: Freeing OpenVRDLLHandle.
[2020.04.02-15.33.55:274][351]LogModuleManager: Shutting down and abandoning module OculusHMD (80)
[2020.04.02-15.33.55:421][351]LogModuleManager: Shutting down and abandoning module ExampleDeviceProfileSelector (78)
[2020.04.02-15.33.55:421][351]LogModuleManager: Shutting down and abandoning module LauncherChunkInstaller (76)
[2020.04.02-15.33.55:421][351]LogModuleManager: Shutting down and abandoning module OnlineBlueprintSupport (74)
[2020.04.02-15.33.55:421][351]LogModuleManager: Shutting down and abandoning module OnlineSubsystem (70)
[2020.04.02-15.33.55:809][351]LogModuleManager: Shutting down and abandoning module XMPP (65)
[2020.04.02-15.33.55:898][351]LogModuleManager: Shutting down and abandoning module WebSockets (64)
[2020.04.02-15.33.56:282][351]LogModuleManager: Shutting down and abandoning module HTTP (61)
[2020.04.02-15.33.56:282][351]LogHttp: Display: Http module shutting down, but needs to wait on 1 outstanding Http requests:
[2020.04.02-15.33.56:282][351]LogHttp: Display: 	verb=[POST] url=[https://datarouter.ol.epicgames.com/datarouter/api/v1/public/data?SessionID=%7BE5F8F67F-4CB6-AF3A-7AD9-849C7BCD4BFA%7D&AppID=UEEditor.Rocket.Release&AppVersion=4.23.1-9631420%2B%2B%2BUE4%2BRelease-4.23&UserID=a258e95247dfccee946f099bb36d6f7f%7C0bb57250338640e1b49c428792e44b43%7Ca1267251-75e2-45dc-8208-252f8df2568a&AppEnvironment=datacollector-binary&UploadType=eteventstream] status=Processing
[2020.04.02-15.33.56:340][351]LogModuleManager: Shutting down and abandoning module SSL (60)
[2020.04.02-15.33.56:558][351]LogModuleManager: Shutting down and abandoning module WmfMedia (56)
[2020.04.02-15.33.56:629][351]LogModuleManager: Shutting down and abandoning module Media (55)
[2020.04.02-15.33.56:630][351]LogModuleManager: Shutting down and abandoning module MagicLeap (52)
[2020.04.02-15.33.56:661][351]LogModuleManager: Shutting down and abandoning module NiagaraVertexFactories (50)
[2020.04.02-15.33.56:661][351]LogModuleManager: Shutting down and abandoning module NiagaraShader (48)
[2020.04.02-15.33.56:661][351]LogModuleManager: Shutting down and abandoning module DatasmithContent (46)
[2020.04.02-15.33.56:694][351]LogModuleManager: Shutting down and abandoning module AISupportModule (44)
[2020.04.02-15.33.56:694][351]LogModuleManager: Shutting down and abandoning module PlatformCryptoOpenSSL (42)
[2020.04.02-15.33.56:708][351]LogModuleManager: Shutting down and abandoning module PlatformCrypto (40)
[2020.04.02-15.33.56:708][351]LogModuleManager: Shutting down and abandoning module AnimationModifiers (38)
[2020.04.02-15.33.57:017][351]LogModuleManager: Shutting down and abandoning module PropertyEditor (37)
[2020.04.02-15.33.57:150][351]LogModuleManager: Shutting down and abandoning module AudioEditor (34)
[2020.04.02-15.33.57:381][351]LogModuleManager: Shutting down and abandoning module TextureCompressor (32)
[2020.04.02-15.33.57:483][351]LogModuleManager: Shutting down and abandoning module RenderCore (30)
[2020.04.02-15.33.57:483][351]LogModuleManager: Shutting down and abandoning module Landscape (28)
[2020.04.02-15.33.57:483][351]LogModuleManager: Shutting down and abandoning module SlateRHIRenderer (26)
[2020.04.02-15.33.57:519][351]LogModuleManager: Shutting down and abandoning module OpenGLDrv (24)
[2020.04.02-15.33.57:587][351]LogModuleManager: Shutting down and abandoning module D3D11RHI (22)
[2020.04.02-15.33.57:587][351]LogModuleManager: Shutting down and abandoning module AnimGraphRuntime (20)
[2020.04.02-15.33.57:741][351]LogModuleManager: Shutting down and abandoning module Renderer (18)
[2020.04.02-15.33.57:741][351]LogModuleManager: Shutting down and abandoning module Engine (16)
[2020.04.02-15.33.57:741][351]LogModuleManager: Shutting down and abandoning module CoreUObject (14)
[2020.04.02-15.33.57:741][351]LogModuleManager: Shutting down and abandoning module NetworkFile (12)
[2020.04.02-15.33.57:763][351]LogModuleManager: Shutting down and abandoning module CookedIterativeFile (10)
[2020.04.02-15.33.57:763][351]LogModuleManager: Shutting down and abandoning module StreamingFile (8)
[2020.04.02-15.33.57:780][351]LogModuleManager: Shutting down and abandoning module SandboxFile (6)
[2020.04.02-15.33.57:780][351]LogModuleManager: Shutting down and abandoning module PakFile (4)
[2020.04.02-15.33.57:799][351]LogModuleManager: Shutting down and abandoning module RSA (3)
[2020.04.02-15.33.57:801][351]LogD3D11RHI: Shutdown
[2020.04.02-15.33.57:824][351]LogD3D11RHI: CleanupD3DDevice
[2020.04.02-15.33.58:119][351]LogRendererCore: FGlobalDynamicReadBuffer::Cleanup()
[2020.04.02-15.33.58:149][351]LogRendererCore: FGlobalDynamicReadBuffer::Cleanup()
[2020.04.02-15.33.58:149][351]LogRendererCore: FGlobalDynamicReadBuffer::Cleanup()
[2020.04.02-15.33.59:000][351]LogD3D11RHI: ~FD3D11DynamicRHI
[2020.04.02-15.33.59:303][351]LogExit: Exiting.
[2020.04.02-15.33.59:365][351]Log file closed, 04/02/20 21:03:59
